TMS320C6x COFF Assembler PC v5.1.0 Thu Oct 28 15:49:12 2010

Tools Copyright (c) 1996-2005 Texas Instruments Incorporated
C:\DOCUME~1\ADMINI~1\LOCALS~1\Temp\TI8962                            PAGE    1

       1                    ;******************************************************************************
       2                    ;* TMS320C6x C/C++ Codegen                                          PC v5.1.0 *
       3                    ;* Date/Time created: Thu Oct 28 15:49:12 2010                                *
       4                    ;******************************************************************************
       5                            .compiler_opts --endian=little --mem_model:code=near --mem_model:data=far --quiet --silicon_ve
       6                    
       7                    ;******************************************************************************
       8                    ;* GLOBAL FILE PARAMETERS                                                     *
       9                    ;*                                                                            *
      10                    ;*   Architecture      : TMS320C64xx                                          *
      11                    ;*   Optimization      : Disabled                                             *
      12                    ;*   Optimizing for    : Compile time, Ease of Development                    *
      13                    ;*                       Based on options: no -o, no -ms                      *
      14                    ;*   Endian            : Little                                               *
      15                    ;*   Interrupt Thrshld : Disabled                                             *
      16                    ;*   Data Access Model : Far                                                  *
      17                    ;*   Pipelining        : Disabled                                             *
      18                    ;*   Memory Aliases    : Presume are aliases (pessimistic)                    *
      19                    ;*   Debug Info        : DWARF Debug                                          *
      20                    ;*                                                                            *
      21                    ;******************************************************************************
      22                    
      23                            .asg    A15, FP
      24                            .asg    B14, DP
      25                            .asg    B15, SP
      26                            .global $bss
      27                    
      28                    
      29                    DW$CU   .dwtag  DW_TAG_compile_unit
      30                            .dwattr DW$CU, DW_AT_name("main.c")
      31                            .dwattr DW$CU, DW_AT_producer("TMS320C6x C/C++ Codegen PC v5.1.0 Copyright (c) 1996-2005 Texas
      32                            .dwattr DW$CU, DW_AT_stmt_list(0x00)
      33                            .dwattr DW$CU, DW_AT_TI_VERSION(0x01)
      34                    
      35                    DW$1    .dwtag  DW_TAG_subprogram, DW_AT_name("CACHE_flush"), DW_AT_symbol_name("_CACHE_flush")
      36                            .dwattr DW$1, DW_AT_declaration(0x01)
      37                            .dwattr DW$1, DW_AT_external(0x01)
      38                    DW$2    .dwtag  DW_TAG_formal_parameter, DW_AT_type(*DW$T$27)
      39                    DW$3    .dwtag  DW_TAG_formal_parameter, DW_AT_type(*DW$T$3)
      40                    DW$4    .dwtag  DW_TAG_formal_parameter, DW_AT_type(*DW$T$19)
      41                            .dwendtag DW$1
      42                    
      43                    
      44                    DW$5    .dwtag  DW_TAG_subprogram, DW_AT_name("CACHE_setPriL2Req"), DW_AT_symbol_name("_CACHE_setPriL2
      45                            .dwattr DW$5, DW_AT_declaration(0x01)
      46                            .dwattr DW$5, DW_AT_external(0x01)
      47                    DW$6    .dwtag  DW_TAG_formal_parameter, DW_AT_type(*DW$T$19)
      48                            .dwendtag DW$5
      49                    
      50                    
      51                    DW$7    .dwtag  DW_TAG_subprogram, DW_AT_name("CACHE_setL2Queue"), DW_AT_symbol_name("_CACHE_setL2Queu
      52                            .dwattr DW$7, DW_AT_declaration(0x01)
      53                            .dwattr DW$7, DW_AT_external(0x01)
      54                    DW$8    .dwtag  DW_TAG_formal_parameter, DW_AT_type(*DW$T$19)
      55                    DW$9    .dwtag  DW_TAG_formal_parameter, DW_AT_type(*DW$T$19)
TMS320C6x COFF Assembler PC v5.1.0 Thu Oct 28 15:49:12 2010

Tools Copyright (c) 1996-2005 Texas Instruments Incorporated
C:\DOCUME~1\ADMINI~1\LOCALS~1\Temp\TI8962                            PAGE    2

      56                            .dwendtag DW$7
      57                    
      58                    
      59                    DW$10   .dwtag  DW_TAG_subprogram, DW_AT_name("DAT_open"), DW_AT_symbol_name("_DAT_open")
      60                            .dwattr DW$10, DW_AT_type(*DW$T$10)
      61                            .dwattr DW$10, DW_AT_declaration(0x01)
      62                            .dwattr DW$10, DW_AT_external(0x01)
      63                    DW$11   .dwtag  DW_TAG_formal_parameter, DW_AT_type(*DW$T$10)
      64                    DW$12   .dwtag  DW_TAG_formal_parameter, DW_AT_type(*DW$T$10)
      65                    DW$13   .dwtag  DW_TAG_formal_parameter, DW_AT_type(*DW$T$19)
      66                            .dwendtag DW$10
      67                    
      68                    
      69                    DW$14   .dwtag  DW_TAG_subprogram, DW_AT_name("puts"), DW_AT_symbol_name("_puts")
      70                            .dwattr DW$14, DW_AT_type(*DW$T$10)
      71                            .dwattr DW$14, DW_AT_declaration(0x01)
      72                            .dwattr DW$14, DW_AT_external(0x01)
      73                    DW$15   .dwtag  DW_TAG_formal_parameter, DW_AT_type(*DW$T$41)
      74                            .dwendtag DW$14
      75                    
      76                    
      77                    DW$16   .dwtag  DW_TAG_subprogram, DW_AT_name("memset"), DW_AT_symbol_name("_memset")
      78                            .dwattr DW$16, DW_AT_type(*DW$T$3)
      79                            .dwattr DW$16, DW_AT_declaration(0x01)
      80                            .dwattr DW$16, DW_AT_external(0x01)
      81                    DW$17   .dwtag  DW_TAG_formal_parameter, DW_AT_type(*DW$T$3)
      82                    DW$18   .dwtag  DW_TAG_formal_parameter, DW_AT_type(*DW$T$10)
      83                    DW$19   .dwtag  DW_TAG_formal_parameter, DW_AT_type(*DW$T$23)
      84                            .dwendtag DW$16
      85                    
      86                    
      87                    DW$20   .dwtag  DW_TAG_subprogram, DW_AT_name("dbg_output"), DW_AT_symbol_name("_dbg_output")
      88                            .dwattr DW$20, DW_AT_type(*DW$T$10)
      89                            .dwattr DW$20, DW_AT_declaration(0x01)
      90                            .dwattr DW$20, DW_AT_external(0x01)
      91                    DW$21   .dwtag  DW_TAG_formal_parameter, DW_AT_type(*DW$T$35)
      92                    DW$22   .dwtag  DW_TAG_unspecified_parameters
      93                            .dwendtag DW$20
      94                    
      95                    
      96                    DW$23   .dwtag  DW_TAG_subprogram, DW_AT_name("_IIC_read_rev"), DW_AT_symbol_name("__IIC_read_rev")
      97                            .dwattr DW$23, DW_AT_type(*DW$T$10)
      98                            .dwattr DW$23, DW_AT_declaration(0x01)
      99                            .dwattr DW$23, DW_AT_external(0x01)
     100                    
     101                    DW$24   .dwtag  DW_TAG_subprogram, DW_AT_name("CLK_getltime"), DW_AT_symbol_name("_CLK_getltime")
     102                            .dwattr DW$24, DW_AT_type(*DW$T$10)
     103                            .dwattr DW$24, DW_AT_declaration(0x01)
     104                            .dwattr DW$24, DW_AT_external(0x01)
     105                    
     106                    DW$25   .dwtag  DW_TAG_subprogram, DW_AT_name("CLK_getprd"), DW_AT_symbol_name("_CLK_getprd")
     107                            .dwattr DW$25, DW_AT_type(*DW$T$10)
     108                            .dwattr DW$25, DW_AT_declaration(0x01)
     109                            .dwattr DW$25, DW_AT_external(0x01)
     110                    
TMS320C6x COFF Assembler PC v5.1.0 Thu Oct 28 15:49:12 2010

Tools Copyright (c) 1996-2005 Texas Instruments Incorporated
C:\DOCUME~1\ADMINI~1\LOCALS~1\Temp\TI8962                            PAGE    3

     111                    DW$26   .dwtag  DW_TAG_subprogram, DW_AT_name("CLK_countspms"), DW_AT_symbol_name("_CLK_countspms")
     112                            .dwattr DW$26, DW_AT_type(*DW$T$10)
     113                            .dwattr DW$26, DW_AT_declaration(0x01)
     114                            .dwattr DW$26, DW_AT_external(0x01)
     115                    DW$27   .dwtag  DW_TAG_variable, DW_AT_name("EMBI2C_handle"), DW_AT_symbol_name("_EMBI2C_handle")
     116                            .dwattr DW$27, DW_AT_type(*DW$T$55)
     117                            .dwattr DW$27, DW_AT_declaration(0x01)
     118                            .dwattr DW$27, DW_AT_external(0x01)
     119                    ;       D:\CCStudio_v3.1\C6000\cgtools\bin\acp6x.exe -@C:\DOCUME~1\ADMINI~1\LOCALS~1\Temp\TI8964 
     120 00000000                   .sect   ".text"
     121                            .global _check_id
     122                    
     123                    DW$28   .dwtag  DW_TAG_subprogram, DW_AT_name("check_id"), DW_AT_symbol_name("_check_id")
     124                            .dwattr DW$28, DW_AT_low_pc(_check_id)
     125                            .dwattr DW$28, DW_AT_high_pc(0x00)
     126                            .dwattr DW$28, DW_AT_begin_file("main.c")
     127                            .dwattr DW$28, DW_AT_begin_line(0x14)
     128                            .dwattr DW$28, DW_AT_begin_column(0x06)
     129                            .dwpsn  "main.c",21,1
     130                    
     131                            .dwfde DW$CIE
     132                    
     133                    ;******************************************************************************
     134                    ;* FUNCTION NAME: _check_id                                                   *
     135                    ;*                                                                            *
     136                    ;*   Regs Modified     : A0,A1,A2,A3,A4,A5,A6,A7,A8,A9,B0,B1,B2,B3,B4,B5,B6,  *
     137                    ;*                           B7,B8,B9,SP,A16,A17,A18,A19,A20,A21,A22,A23,A24, *
     138                    ;*                           A25,A26,A27,A28,A29,A30,A31,B16,B17,B18,B19,B20, *
     139                    ;*                           B21,B22,B23,B24,B25,B26,B27,B28,B29,B30,B31      *
     140                    ;*   Regs Used         : A0,A1,A2,A3,A4,A5,A6,A7,A8,A9,B0,B1,B2,B3,B4,B5,B6,  *
     141                    ;*                           B7,B8,B9,SP,A16,A17,A18,A19,A20,A21,A22,A23,A24, *
     142                    ;*                           A25,A26,A27,A28,A29,A30,A31,B16,B17,B18,B19,B20, *
     143                    ;*                           B21,B22,B23,B24,B25,B26,B27,B28,B29,B30,B31      *
     144                    ;*   Local Frame Size  : 0 Args + 8 Auto + 4 Save = 12 byte                   *
     145                    ;******************************************************************************
     146                    _check_id:
     147                    ;** --------------------------------------------------------------------------*
     148                            .dwcfa  0x0e, 0
     149                            .dwcfa  0x09, 126, 19
     150 00000000 01BC94F6             STW     .D2T2   B3,*SP--(16)      ; |21| 
     151 00000004 00002000             NOP             2
     152                            .dwcfa  0x0e, 16
     153                            .dwcfa  0x80, 19, 0
     154                    DW$29   .dwtag  DW_TAG_formal_parameter, DW_AT_name("id"), DW_AT_symbol_name("_id")
     155                            .dwattr DW$29, DW_AT_type(*DW$T$35)
     156                            .dwattr DW$29, DW_AT_location[DW_OP_reg4]
     157                    DW$30   .dwtag  DW_TAG_variable, DW_AT_name("id"), DW_AT_symbol_name("_id")
     158                            .dwattr DW$30, DW_AT_type(*DW$T$35)
     159                            .dwattr DW$30, DW_AT_location[DW_OP_breg31 4]
     160                    DW$31   .dwtag  DW_TAG_variable, DW_AT_name("tmp"), DW_AT_symbol_name("_tmp")
     161                            .dwattr DW$31, DW_AT_type(*DW$T$34)
     162                            .dwattr DW$31, DW_AT_location[DW_OP_breg31 8]
     163 00000008 023C22F4             STW     .D2T1   A4,*+SP(4)        ; |21| 
     164 0000000c 00002000             NOP             2
     165                            .dwpsn  "main.c",23,2
TMS320C6x COFF Assembler PC v5.1.0 Thu Oct 28 15:49:12 2010

Tools Copyright (c) 1996-2005 Texas Instruments Incorporated
C:\DOCUME~1\ADMINI~1\LOCALS~1\Temp\TI8962                            PAGE    4

     166                    
     167 00000010 0280A35B             ZERO    .L2     B5                ; |23| 
     168 00000014 021016A2  ||         MV      .S2X    A4,B4
     169                    
     170 00000018 029002B6             STB     .D2T2   B5,*B4            ; |23| 
     171 0000001c 00002000             NOP             2
     172                            .dwpsn  "main.c",24,2
     173 00000020 01800028!            MVKL    .S1     _EMBI2C_handle,A3 ; |24| 
     174                    
     175 00000024 0FFFFC13!            CALL    .S2     __IIC_read_rev    ; |24| 
     176 00000028 01800068! ||         MVKH    .S1     _EMBI2C_handle,A3 ; |24| 
     177                    
     178 0000002c 020C0264             LDW     .D1T1   *A3,A4            ; |24| 
     179 00000030 020010AA             MVK     .S2     0x21,B4           ; |24| 
     180 00000034 01890162             ADDKPC  .S2     RL0,B3,0          ; |24| 
     181 00000038 033D005A             ADD     .L2     8,SP,B6           ; |24| 
     182                    
     183 0000003c 0404A359             MVK     .L1     0x1,A8            ; |24| 
     184 00000040 03000528  ||         MVK     .S1     0xa,A6            ; |24| 
     185                    
     186                    RL0:       ; CALL OCCURS {__IIC_read_rev}    ; |24| 
     187                            .dwpsn  "main.c",25,2
     188 00000044 023D02A6             LDB     .D2T2   *+SP(8),B4        ; |25| 
     189 00000048 00004000             NOP             3
     190 0000004c 02803BAA             MVK     .S2     119,B5            ; |25| 
     191 00000050 00148A7A             CMPEQ   .L2     B4,B5,B0          ; |25| 
     192 00000054 300AA120     [!B0]   BNOP    .S1     L1,5              ; |25| 
     193                               ; BRANCHCC OCCURS {L1}            ; |25| 
     194                    ;** --------------------------------------------------------------------------*
     195                            .dwpsn  "main.c",26,3
     196 00000058 023D02A6             LDB     .D2T2   *+SP(8),B4        ; |26| 
     197 0000005c 02BC22E6             LDW     .D2T2   *+SP(4),B5        ; |26| 
     198 00000060 00006000             NOP             4
     199 00000064 021402B6             STB     .D2T2   B4,*B5            ; |26| 
     200                    ;** --------------------------------------------------------------------------*
     201                    L1:    
     202                            .dwpsn  "main.c",30,1
     203 00000068 01BC92E6             LDW     .D2T2   *++SP(16),B3      ; |30| 
     204 0000006c 00006000             NOP             4
     205                            .dwcfa  0xc0, 19
     206                            .dwcfa  0x0e, 0
     207 00000070 008CA362             RETNOP  .S2     B3,5              ; |30| 
     208                               ; BRANCH OCCURS {B3}              ; |30| 
     209                            .dwattr DW$28, DW_AT_end_file("main.c")
     210                            .dwattr DW$28, DW_AT_end_line(0x1e)
     211                            .dwattr DW$28, DW_AT_end_column(0x01)
     212                            .dwendentry
     213                            .dwendtag DW$28
     214                    
     215 00000074                   .sect   ".text"
     216                            .global _main
     217                    
     218                    DW$32   .dwtag  DW_TAG_subprogram, DW_AT_name("main"), DW_AT_symbol_name("_main")
     219                            .dwattr DW$32, DW_AT_low_pc(_main)
     220                            .dwattr DW$32, DW_AT_high_pc(0x00)
TMS320C6x COFF Assembler PC v5.1.0 Thu Oct 28 15:49:12 2010

Tools Copyright (c) 1996-2005 Texas Instruments Incorporated
C:\DOCUME~1\ADMINI~1\LOCALS~1\Temp\TI8962                            PAGE    5

     221                            .dwattr DW$32, DW_AT_begin_file("main.c")
     222                            .dwattr DW$32, DW_AT_begin_line(0x20)
     223                            .dwattr DW$32, DW_AT_begin_column(0x06)
     224                            .dwpsn  "main.c",33,1
     225                    
     226                            .dwfde DW$CIE
     227                    
     228                    ;******************************************************************************
     229                    ;* FUNCTION NAME: _main                                                       *
     230                    ;*                                                                            *
     231                    ;*   Regs Modified     : A0,A1,A2,A3,A4,A5,A6,A7,A8,A9,A10,A11,B0,B1,B2,B3,B4,*
     232                    ;*                           B5,B6,B7,B8,B9,SP,A16,A17,A18,A19,A20,A21,A22,   *
     233                    ;*                           A23,A24,A25,A26,A27,A28,A29,A30,A31,B16,B17,B18, *
     234                    ;*                           B19,B20,B21,B22,B23,B24,B25,B26,B27,B28,B29,B30, *
     235                    ;*                           B31                                              *
     236                    ;*   Regs Used         : A0,A1,A2,A3,A4,A5,A6,A7,A8,A9,A10,A11,B0,B1,B2,B3,B4,*
     237                    ;*                           B5,B6,B7,B8,B9,SP,A16,A17,A18,A19,A20,A21,A22,   *
     238                    ;*                           A23,A24,A25,A26,A27,A28,A29,A30,A31,B16,B17,B18, *
     239                    ;*                           B19,B20,B21,B22,B23,B24,B25,B26,B27,B28,B29,B30, *
     240                    ;*                           B31                                              *
     241                    ;*   Local Frame Size  : 8 Args + 12 Auto + 12 Save = 32 byte                 *
     242                    ;******************************************************************************
     243                    _main:
     244                    ;** --------------------------------------------------------------------------*
     245                            .dwcfa  0x0e, 0
     246                            .dwcfa  0x09, 126, 19
     247 00000074 01BD14F6             STW     .D2T2   B3,*SP--(32)      ; |33| 
     248 00000078 00002000             NOP             2
     249                            .dwcfa  0x0e, 32
     250                            .dwcfa  0x80, 19, 0
     251 0000007c 05BCE2F4             STW     .D2T1   A11,*+SP(28)      ; |33| 
     252 00000080 00002000             NOP             2
     253                            .dwcfa  0x80, 11, 1
     254 00000084 053CC2F4             STW     .D2T1   A10,*+SP(24)      ; |33| 
     255 00000088 00002000             NOP             2
     256                            .dwcfa  0x80, 10, 2
     257                    DW$33   .dwtag  DW_TAG_variable, DW_AT_name("length"), DW_AT_symbol_name("_length")
     258                            .dwattr DW$33, DW_AT_type(*DW$T$10)
     259                            .dwattr DW$33, DW_AT_location[DW_OP_breg31 12]
     260                    DW$34   .dwtag  DW_TAG_variable, DW_AT_name("clear_mem"), DW_AT_symbol_name("_clear_mem")
     261                            .dwattr DW$34, DW_AT_type(*DW$T$48)
     262                            .dwattr DW$34, DW_AT_location[DW_OP_breg31 16]
     263                            .dwpsn  "main.c",40,2
     264 0000008c 0280002A!            MVKL    .S2     _DAT_open,B5      ; |40| 
     265 00000090 0280006A!            MVKH    .S2     _DAT_open,B5      ; |40| 
     266 00000094 00140362             CALL    .S2     B5                ; |40| 
     267 00000098 018A2162             ADDKPC  .S2     RL1,B3,1          ; |40| 
     268 0000009c 0304A358             MVK     .L1     0x1,A6            ; |40| 
     269 000000a0 020CA35A             MVK     .L2     0x3,B4            ; |40| 
     270 000000a4 02000028             ZERO    .S1     A4                ; |40| 
     271 000000a8           RL1:       ; CALL OCCURS {_DAT_open}         ; |40| 
     272 000000a8 00100FD8             MV      .L1     A4,A0             ; |40| 
     273 000000ac C008A120     [ A0]   BNOP    .S1     L2,5              ; |40| 
     274                               ; BRANCHCC OCCURS {L2}            ; |40| 
     275                    ;** --------------------------------------------------------------------------*
TMS320C6x COFF Assembler PC v5.1.0 Thu Oct 28 15:49:12 2010

Tools Copyright (c) 1996-2005 Texas Instruments Incorporated
C:\DOCUME~1\ADMINI~1\LOCALS~1\Temp\TI8962                            PAGE    6

     276                            .dwpsn  "main.c",41,3
     277 000000b0 0FFFEC10!            CALL    .S1     _puts             ; |41| 
     278 000000b4 02000028+            MVKL    .S1     SL1+0,A4          ; |41| 
     279 000000b8 01884162             ADDKPC  .S2     RL2,B3,2          ; |41| 
     280 000000bc 02000068+            MVKH    .S1     SL1+0,A4          ; |41| 
     281                    RL2:       ; CALL OCCURS {_puts}             ; |41| 
     282                    ;** --------------------------------------------------------------------------*
     283                    L2:    
     284                            .dwpsn  "main.c",44,5
     285 000000c0 01800028!            MVKL    .S1     _CACHE_setL2Queue,A3 ; |44| 
     286 000000c4 01800068!            MVKH    .S1     _CACHE_setL2Queue,A3 ; |44| 
     287 000000c8 021CA35A             MVK     .L2     0x7,B4            ; |44| 
     288 000000cc 000C1362             CALL    .S2X    A3                ; |44| 
     289 000000d0 01866162             ADDKPC  .S2     RL3,B3,3          ; |44| 
     290 000000d4 020CA358             MVK     .L1     0x3,A4            ; |44| 
     291                    RL3:       ; CALL OCCURS {_CACHE_setL2Queue}  ; |44| 
     292                            .dwpsn  "main.c",45,5
     293 000000d8 0280002A!            MVKL    .S2     _CACHE_setL2Queue,B5 ; |45| 
     294 000000dc 0280006A!            MVKH    .S2     _CACHE_setL2Queue,B5 ; |45| 
     295 000000e0 00140362             CALL    .S2     B5                ; |45| 
     296 000000e4 01844162             ADDKPC  .S2     RL4,B3,2          ; |45| 
     297 000000e8 021CA35A             MVK     .L2     0x7,B4            ; |45| 
     298 000000ec 0204A358             MVK     .L1     0x1,A4            ; |45| 
     299                    RL4:       ; CALL OCCURS {_CACHE_setL2Queue}  ; |45| 
     300                            .dwpsn  "main.c",46,5
     301 000000f0 0200002A!            MVKL    .S2     _CACHE_setPriL2Req,B4 ; |46| 
     302 000000f4 0200006A!            MVKH    .S2     _CACHE_setPriL2Req,B4 ; |46| 
     303 000000f8 00100362             CALL    .S2     B4                ; |46| 
     304 000000fc 01896162             ADDKPC  .S2     RL5,B3,3          ; |46| 
     305 00000100 0204A358             MVK     .L1     0x1,A4            ; |46| 
     306                    RL5:       ; CALL OCCURS {_CACHE_setPriL2Req}  ; |46| 
     307                            .dwpsn  "main.c",48,2
     308 00000104 0FFFE010!            CALL    .S1     _puts             ; |48| 
     309 00000108 02000EA8+            MVKL    .S1     SL2+0,A4          ; |48| 
     310 0000010c 01854162             ADDKPC  .S2     RL6,B3,2          ; |48| 
     311 00000110 02000068+            MVKH    .S1     SL2+0,A4          ; |48| 
     312                    RL6:       ; CALL OCCURS {_puts}             ; |48| 
     313                    
     314                    DW$35   .dwtag  DW_TAG_lexical_block, DW_AT_low_pc(0x00), DW_AT_high_pc(0x00)
     315                    DW$36   .dwtag  DW_TAG_variable, DW_AT_name("currtime"), DW_AT_symbol_name("_currtime")
     316                            .dwattr DW$36, DW_AT_type(*DW$T$49)
     317                            .dwattr DW$36, DW_AT_location[DW_OP_breg31 20]
     318                            .dwpsn  "main.c",66,2
     319 00000114 0FFFE010!            CALL    .S1     _CLK_getltime     ; |66| 
     320 00000118 01878162             ADDKPC  .S2     RL11,B3,4         ; |66| 
     321 0000011c           RL11:      ; CALL OCCURS {_CLK_getltime}     ; |66| 
     322 0000011c 0FFFE010!            CALL    .S1     _CLK_getprd       ; |66| 
     323 00000120 01826162             ADDKPC  .S2     RL10,B3,3         ; |66| 
     324 00000124 05900FD8             MV      .L1     A4,A11            ; |66| 
     325 00000128           RL10:      ; CALL OCCURS {_CLK_getprd}       ; |66| 
     326 00000128 0FFFDC10!            CALL    .S1     _CLK_countspms    ; |66| 
     327 0000012c 05100FD8             MV      .L1     A4,A10            ; |66| 
     328 00000130 01856162             ADDKPC  .S2     RL12,B3,3         ; |66| 
     329 00000134           RL12:      ; CALL OCCURS {_CLK_countspms}    ; |66| 
     330                    
TMS320C6x COFF Assembler PC v5.1.0 Thu Oct 28 15:49:12 2010

Tools Copyright (c) 1996-2005 Texas Instruments Incorporated
C:\DOCUME~1\ADMINI~1\LOCALS~1\Temp\TI8962                            PAGE    7

     331 00000134 02AD4881             MPYLH   .M1     A10,A11,A5        ; |66| 
     332 00000138 0FFFDC10! ||         CALL    .S1     __divi            ; |66| 
     333                    
     334 0000013c 01A96880             MPYLH   .M1     A11,A10,A3        ; |66| 
     335 00000140 02101FDA             MV      .L2X    A4,B4             ; |66| 
     336                    
     337 00000144 02AD4F81             MPYU    .M1     A10,A11,A5        ; |66| 
     338 00000148 018CA078  ||         ADD     .L1     A5,A3,A3          ; |66| 
     339                    
     340 0000014c 018E0CA0             SHL     .S1     A3,16,A3          ; |66| 
     341                    
     342 00000150 01860163             ADDKPC  .S2     RL13,B3,0         ; |66| 
     343 00000154 020CA078  ||         ADD     .L1     A5,A3,A4          ; |66| 
     344                    
     345 00000158           RL13:      ; CALL OCCURS {__divi}            ; |66| 
     346 00000158 023CA2F4             STW     .D2T1   A4,*+SP(20)       ; |66| 
     347 0000015c 00002000             NOP             2
     348                            .dwpsn  "main.c",68,2
     349 00000160 0FFFD410!            CALL    .S1     _dbg_output       ; |68| 
     350 00000164 01801128+            MVKL    .S1     SL3+0,A3          ; |68| 
     351 00000168 01800068+            MVKH    .S1     SL3+0,A3          ; |68| 
     352                    
     353 0000016c 01BC22F5             STW     .D2T1   A3,*+SP(4)        ; |68| 
     354 00000170 02101FDA  ||         MV      .L2X    A4,B4
     355                    
     356 00000174 023C42F6             STW     .D2T2   B4,*+SP(8)        ; |68| 
     357 00000178 01870162             ADDKPC  .S2     RL14,B3,0         ; |68| 
     358                    RL14:      ; CALL OCCURS {_dbg_output}       ; |68| 
     359                            .dwendtag DW$35
     360                    
     361                            .dwpsn  "main.c",72,2
     362 0000017c 0180A358             ZERO    .L1     A3                ; |72| 
     363 00000180 01C00068             MVKH    .S1     0x80000000,A3     ; |72| 
     364 00000184 01BC82F4             STW     .D2T1   A3,*+SP(16)       ; |72| 
     365 00000188 00002000             NOP             2
     366                            .dwpsn  "main.c",73,2
     367 0000018c 0180A358             ZERO    .L1     A3                ; |73| 
     368 00000190 01820068             MVKH    .S1     0x4000000,A3      ; |73| 
     369 00000194 01BC62F4             STW     .D2T1   A3,*+SP(12)       ; |73| 
     370 00000198 00002000             NOP             2
     371                            .dwpsn  "main.c",74,2
     372                    
     373 0000019c 0FFFD011!            CALL    .S1     _memset           ; |74| 
     374 000001a0 023C82E4  ||         LDW     .D2T1   *+SP(16),A4       ; |74| 
     375                    
     376 000001a4 033C62E4             LDW     .D2T1   *+SP(12),A6       ; |74| 
     377 000001a8 01844162             ADDKPC  .S2     RL15,B3,2         ; |74| 
     378 000001ac 0200A35A             ZERO    .L2     B4                ; |74| 
     379                    RL15:      ; CALL OCCURS {_memset}           ; |74| 
     380                            .dwpsn  "main.c",76,2
     381 000001b0 0280002A!            MVKL    .S2     _CACHE_flush,B5   ; |76| 
     382 000001b4 0280006A!            MVKH    .S2     _CACHE_flush,B5   ; |76| 
     383 000001b8 00140362             CALL    .S2     B5                ; |76| 
     384 000001bc 018B2162             ADDKPC  .S2     RL16,B3,1         ; |76| 
     385 000001c0 0300A358             ZERO    .L1     A6                ; |76| 
TMS320C6x COFF Assembler PC v5.1.0 Thu Oct 28 15:49:12 2010

Tools Copyright (c) 1996-2005 Texas Instruments Incorporated
C:\DOCUME~1\ADMINI~1\LOCALS~1\Temp\TI8962                            PAGE    8

     386 000001c4 0200A35A             ZERO    .L2     B4                ; |76| 
     387 000001c8 020000A8             MVK     .S1     0x1,A4            ; |76| 
     388                    RL16:      ; CALL OCCURS {_CACHE_flush}      ; |76| 
     389                    ;** --------------------------------------------------------------------------*
     390                            .dwpsn  "main.c",78,2
     391 000001cc 0200A35A             ZERO    .L2     B4                ; |78| 
     392 000001d0 023C82F6             STW     .D2T2   B4,*+SP(16)       ; |78| 
     393 000001d4 00002000             NOP             2
     394                            .dwpsn  "main.c",79,2
     395 000001d8 01901FD8             MV      .L1X    B4,A3
     396 000001dc 018C0264             LDW     .D1T1   *A3,A3            ; |79| 
     397 000001e0 00006000             NOP             4
     398 000001e4 01BC62F4             STW     .D2T1   A3,*+SP(12)       ; |79| 
     399 000001e8 00002000             NOP             2
     400                            .dwpsn  "main.c",80,2
     401                    
     402 000001ec 01BC82E5             LDW     .D2T1   *+SP(16),A3       ; |80| 
     403 000001f0 020C1FDA  ||         MV      .L2X    A3,B4
     404                    
     405 000001f4 00004000             NOP             3
     406 000001f8 0213EDDA             NOT     .L2     B4,B4             ; |80| 
     407 000001fc 020C0276             STW     .D1T2   B4,*A3            ; |80| 
     408 00000200 00002000             NOP             2
     409                            .dwpsn  "main.c",82,2
     410 00000204 023C82E6             LDW     .D2T2   *+SP(16),B4       ; |82| 
     411 00000208 00006000             NOP             4
     412 0000020c 0210805A             ADD     .L2     4,B4,B4           ; |82| 
     413 00000210 023C82F6             STW     .D2T2   B4,*+SP(16)       ; |82| 
     414 00000214 00002000             NOP             2
     415                            .dwpsn  "main.c",83,2
     416 00000218 021002E6             LDW     .D2T2   *B4,B4            ; |83| 
     417 0000021c 00006000             NOP             4
     418 00000220 023C62F6             STW     .D2T2   B4,*+SP(12)       ; |83| 
     419 00000224 00002000             NOP             2
     420                            .dwpsn  "main.c",84,2
     421 00000228 02BC82E6             LDW     .D2T2   *+SP(16),B5       ; |84| 
     422 0000022c 00004000             NOP             3
     423 00000230 0213EDDA             NOT     .L2     B4,B4             ; |84| 
     424 00000234 021402F6             STW     .D2T2   B4,*B5            ; |84| 
     425 00000238 00002000             NOP             2
     426                    
     427                    DW$37   .dwtag  DW_TAG_lexical_block, DW_AT_low_pc(0x00), DW_AT_high_pc(0x00)
     428                    DW$38   .dwtag  DW_TAG_variable, DW_AT_name("currtime"), DW_AT_symbol_name("_currtime")
     429                            .dwattr DW$38, DW_AT_type(*DW$T$49)
     430                            .dwattr DW$38, DW_AT_location[DW_OP_breg31 20]
     431                            .dwpsn  "main.c",91,2
     432 0000023c 0FFFBC10!            CALL    .S1     _CLK_getltime     ; |91| 
     433 00000240 01818162             ADDKPC  .S2     RL21,B3,4         ; |91| 
     434 00000244           RL21:      ; CALL OCCURS {_CLK_getltime}     ; |91| 
     435 00000244 0FFFB810!            CALL    .S1     _CLK_getprd       ; |91| 
     436 00000248 01846162             ADDKPC  .S2     RL20,B3,3         ; |91| 
     437 0000024c 05900FD8             MV      .L1     A4,A11            ; |91| 
     438 00000250           RL20:      ; CALL OCCURS {_CLK_getprd}       ; |91| 
     439 00000250 0FFFB810!            CALL    .S1     _CLK_countspms    ; |91| 
     440 00000258 05100FD8             MV      .L1     A4,A10            ; |91| 
TMS320C6x COFF Assembler PC v5.1.0 Thu Oct 28 15:49:12 2010

Tools Copyright (c) 1996-2005 Texas Instruments Incorporated
C:\DOCUME~1\ADMINI~1\LOCALS~1\Temp\TI8962                            PAGE    9

     441 0000025c 01886162             ADDKPC  .S2     RL22,B3,3         ; |91| 
     442 00000260           RL22:      ; CALL OCCURS {_CLK_countspms}    ; |91| 
     443                    
     444 00000260 02AD4881             MPYLH   .M1     A10,A11,A5        ; |91| 
     445 00000264 0FFFB410! ||         CALL    .S1     __divi            ; |91| 
     446                    
     447 00000268 01A96880             MPYLH   .M1     A11,A10,A3        ; |91| 
     448 0000026c 02101FDA             MV      .L2X    A4,B4             ; |91| 
     449                    
     450 00000270 02AD4F81             MPYU    .M1     A10,A11,A5        ; |91| 
     451 00000274 018CA078  ||         ADD     .L1     A5,A3,A3          ; |91| 
     452                    
     453 00000278 018E0CA0             SHL     .S1     A3,16,A3          ; |91| 
     454                    
     455 0000027c 01890163             ADDKPC  .S2     RL23,B3,0         ; |91| 
     456 00000280 020CA078  ||         ADD     .L1     A5,A3,A4          ; |91| 
     457                    
     458 00000284           RL23:      ; CALL OCCURS {__divi}            ; |91| 
     459 00000284 023CA2F4             STW     .D2T1   A4,*+SP(20)       ; |91| 
     460 00000288 00002000             NOP             2
     461                            .dwpsn  "main.c",93,2
     462 0000028c 0FFFB010!            CALL    .S1     _dbg_output       ; |93| 
     463 00000290 01801CA8+            MVKL    .S1     SL4+0,A3          ; |93| 
     464 00000294 01800068+            MVKH    .S1     SL4+0,A3          ; |93| 
     465                    
     466 00000298 01BC22F5             STW     .D2T1   A3,*+SP(4)        ; |93| 
     467 0000029c 02101FDA  ||         MV      .L2X    A4,B4
     468                    
     469 000002a0 023C42F6             STW     .D2T2   B4,*+SP(8)        ; |93| 
     470 000002a4 01820162             ADDKPC  .S2     RL24,B3,0         ; |93| 
     471                    RL24:      ; CALL OCCURS {_dbg_output}       ; |93| 
     472                            .dwendtag DW$37
     473                    
     474                            .dwpsn  "main.c",94,2
     475                            .dwpsn  "main.c",96,1
     476 000002a8 05BCE2E4             LDW     .D2T1   *+SP(28),A11      ; |96| 
     477 000002ac 00006000             NOP             4
     478                            .dwcfa  0xc0, 11
     479 000002b0 053CC2E4             LDW     .D2T1   *+SP(24),A10      ; |96| 
     480 000002b4 00006000             NOP             4
     481                            .dwcfa  0xc0, 10
     482 000002b8 01BD12E6             LDW     .D2T2   *++SP(32),B3      ; |96| 
     483 000002bc 00006000             NOP             4
     484                            .dwcfa  0xc0, 19
     485                            .dwcfa  0x0e, 0
     486 000002c0 008CA362             RETNOP  .S2     B3,5              ; |96| 
     487                               ; BRANCH OCCURS {B3}              ; |96| 
     488                            .dwattr DW$32, DW_AT_end_file("main.c")
     489                            .dwattr DW$32, DW_AT_end_line(0x60)
     490                            .dwattr DW$32, DW_AT_end_column(0x01)
     491                            .dwendentry
     492                            .dwendtag DW$32
     493                    
     494                    ;******************************************************************************
     495                    ;* STRINGS                                                                    *
TMS320C6x COFF Assembler PC v5.1.0 Thu Oct 28 15:49:12 2010

Tools Copyright (c) 1996-2005 Texas Instruments Incorporated
C:\DOCUME~1\ADMINI~1\LOCALS~1\Temp\TI8962                            PAGE   10

     496                    ;******************************************************************************
     497 00000000                   .sect   ".const"
     498 00000000 00000066  SL1:    .string "failed in opening dat module",0
         00000001 00000061 
         00000002 00000069 
         00000003 0000006C 
         00000004 00000065 
         00000005 00000064 
         00000006 00000020 
         00000007 00000069 
         00000008 0000006E 
         00000009 00000020 
         0000000a 0000006F 
         0000000b 00000070 
         0000000c 00000065 
         0000000d 0000006E 
         0000000e 00000069 
         0000000f 0000006E 
         00000010 00000067 
         00000011 00000020 
         00000012 00000064 
         00000013 00000061 
         00000014 00000074 
         00000015 00000020 
         00000016 0000006D 
         00000017 0000006F 
         00000018 00000064 
         00000019 00000075 
         0000001a 0000006C 
         0000001b 00000065 
         0000001c 00000000 
     499 0000001d 0000006D  SL2:    .string "main",0
         0000001e 00000061 
         0000001f 00000069 
         00000020 0000006E 
         00000021 00000000 
     500 00000022 00000062  SL3:    .string "before clear ticks %x",10,0
         00000023 00000065 
         00000024 00000066 
         00000025 0000006F 
         00000026 00000072 
         00000027 00000065 
         00000028 00000020 
         00000029 00000063 
         0000002a 0000006C 
         0000002b 00000065 
         0000002c 00000061 
         0000002d 00000072 
         0000002e 00000020 
         0000002f 00000074 
         00000030 00000069 
         00000031 00000063 
         00000032 0000006B 
         00000033 00000073 
         00000034 00000020 
TMS320C6x COFF Assembler PC v5.1.0 Thu Oct 28 15:49:12 2010

Tools Copyright (c) 1996-2005 Texas Instruments Incorporated
C:\DOCUME~1\ADMINI~1\LOCALS~1\Temp\TI8962                            PAGE   11

         00000035 00000025 
         00000036 00000078 
         00000037 0000000A 
         00000038 00000000 
     501 00000039 00000061  SL4:    .string "after clear ticks %x",10,0
         0000003a 00000066 
         0000003b 00000074 
         0000003c 00000065 
         0000003d 00000072 
         0000003e 00000020 
         0000003f 00000063 
         00000040 0000006C 
         00000041 00000065 
         00000042 00000061 
         00000043 00000072 
         00000044 00000020 
         00000045 00000074 
         00000046 00000069 
         00000047 00000063 
         00000048 0000006B 
         00000049 00000073 
         0000004a 00000020 
         0000004b 00000025 
         0000004c 00000078 
         0000004d 0000000A 
         0000004e 00000000 
     502                    ;******************************************************************************
     503                    ;* UNDEFINED EXTERNAL REFERENCES                                              *
     504                    ;******************************************************************************
     505                            .global _CACHE_flush
     506                            .global _CACHE_setPriL2Req
     507                            .global _CACHE_setL2Queue
     508                            .global _DAT_open
     509                            .global _puts
     510                            .global _memset
     511                            .global _dbg_output
     512                            .global __IIC_read_rev
     513                            .global _CLK_getltime
     514                            .global _CLK_getprd
     515                            .global _CLK_countspms
     516                            .global _EMBI2C_handle
     517                            .global __divi
     518                    
     519                    ;******************************************************************************
     520                    ;* TYPE INFORMATION                                                           *
     521                    ;******************************************************************************
     522                    DW$T$3  .dwtag  DW_TAG_pointer_type
     523                            .dwattr DW$T$3, DW_AT_address_class(0x20)
     524                    
     525                    DW$T$24 .dwtag  DW_TAG_subroutine_type, DW_AT_type(*DW$T$3)
     526                            .dwattr DW$T$24, DW_AT_language(DW_LANG_C)
     527                    DW$39   .dwtag  DW_TAG_formal_parameter, DW_AT_type(*DW$T$3)
     528                    DW$40   .dwtag  DW_TAG_formal_parameter, DW_AT_type(*DW$T$10)
     529                    DW$41   .dwtag  DW_TAG_formal_parameter, DW_AT_type(*DW$T$23)
     530                            .dwendtag DW$T$24
TMS320C6x COFF Assembler PC v5.1.0 Thu Oct 28 15:49:12 2010

Tools Copyright (c) 1996-2005 Texas Instruments Incorporated
C:\DOCUME~1\ADMINI~1\LOCALS~1\Temp\TI8962                            PAGE   12

     531                    
     532                    
     533                    DW$T$28 .dwtag  DW_TAG_subroutine_type
     534                            .dwattr DW$T$28, DW_AT_language(DW_LANG_C)
     535                    DW$42   .dwtag  DW_TAG_formal_parameter, DW_AT_type(*DW$T$27)
     536                    DW$43   .dwtag  DW_TAG_formal_parameter, DW_AT_type(*DW$T$3)
     537                    DW$44   .dwtag  DW_TAG_formal_parameter, DW_AT_type(*DW$T$19)
     538                            .dwendtag DW$T$28
     539                    
     540                    
     541                    DW$T$30 .dwtag  DW_TAG_subroutine_type
     542                            .dwattr DW$T$30, DW_AT_language(DW_LANG_C)
     543                    DW$45   .dwtag  DW_TAG_formal_parameter, DW_AT_type(*DW$T$19)
     544                            .dwendtag DW$T$30
     545                    
     546                    
     547                    DW$T$32 .dwtag  DW_TAG_subroutine_type
     548                            .dwattr DW$T$32, DW_AT_language(DW_LANG_C)
     549                    DW$46   .dwtag  DW_TAG_formal_parameter, DW_AT_type(*DW$T$19)
     550                    DW$47   .dwtag  DW_TAG_formal_parameter, DW_AT_type(*DW$T$19)
     551                            .dwendtag DW$T$32
     552                    
     553                    
     554                    DW$T$36 .dwtag  DW_TAG_subroutine_type
     555                            .dwattr DW$T$36, DW_AT_language(DW_LANG_C)
     556                    DW$48   .dwtag  DW_TAG_formal_parameter, DW_AT_type(*DW$T$35)
     557                            .dwendtag DW$T$36
     558                    
     559                    
     560                    DW$T$37 .dwtag  DW_TAG_subroutine_type
     561                            .dwattr DW$T$37, DW_AT_language(DW_LANG_C)
     562                    DW$T$10 .dwtag  DW_TAG_base_type, DW_AT_name("int")
     563                            .dwattr DW$T$10, DW_AT_encoding(DW_ATE_signed)
     564                            .dwattr DW$T$10, DW_AT_byte_size(0x04)
     565                    
     566                    DW$T$38 .dwtag  DW_TAG_subroutine_type, DW_AT_type(*DW$T$10)
     567                            .dwattr DW$T$38, DW_AT_language(DW_LANG_C)
     568                    DW$49   .dwtag  DW_TAG_formal_parameter, DW_AT_type(*DW$T$10)
     569                    DW$50   .dwtag  DW_TAG_formal_parameter, DW_AT_type(*DW$T$10)
     570                    DW$51   .dwtag  DW_TAG_formal_parameter, DW_AT_type(*DW$T$19)
     571                            .dwendtag DW$T$38
     572                    
     573                    
     574                    DW$T$42 .dwtag  DW_TAG_subroutine_type, DW_AT_type(*DW$T$10)
     575                            .dwattr DW$T$42, DW_AT_language(DW_LANG_C)
     576                    DW$52   .dwtag  DW_TAG_formal_parameter, DW_AT_type(*DW$T$41)
     577                            .dwendtag DW$T$42
     578                    
     579                    
     580                    DW$T$44 .dwtag  DW_TAG_subroutine_type, DW_AT_type(*DW$T$10)
     581                            .dwattr DW$T$44, DW_AT_language(DW_LANG_C)
     582                    DW$53   .dwtag  DW_TAG_formal_parameter, DW_AT_type(*DW$T$35)
     583                    DW$54   .dwtag  DW_TAG_unspecified_parameters
     584                            .dwendtag DW$T$44
     585                    
TMS320C6x COFF Assembler PC v5.1.0 Thu Oct 28 15:49:12 2010

Tools Copyright (c) 1996-2005 Texas Instruments Incorporated
C:\DOCUME~1\ADMINI~1\LOCALS~1\Temp\TI8962                            PAGE   13

     586                    
     587                    DW$T$46 .dwtag  DW_TAG_subroutine_type, DW_AT_type(*DW$T$10)
     588                            .dwattr DW$T$46, DW_AT_language(DW_LANG_C)
     589                    DW$T$48 .dwtag  DW_TAG_pointer_type, DW_AT_type(*DW$T$10)
     590                            .dwattr DW$T$48, DW_AT_address_class(0x20)
     591                    DW$T$19 .dwtag  DW_TAG_typedef, DW_AT_name("Uint32"), DW_AT_type(*DW$T$11)
     592                            .dwattr DW$T$19, DW_AT_language(DW_LANG_C)
     593                    DW$T$23 .dwtag  DW_TAG_typedef, DW_AT_name("size_t"), DW_AT_type(*DW$T$11)
     594                            .dwattr DW$T$23, DW_AT_language(DW_LANG_C)
     595                    DW$T$49 .dwtag  DW_TAG_typedef, DW_AT_name("LgUns"), DW_AT_type(*DW$T$11)
     596                            .dwattr DW$T$49, DW_AT_language(DW_LANG_C)
     597                    DW$T$55 .dwtag  DW_TAG_typedef, DW_AT_name("I2C_Handle"), DW_AT_type(*DW$T$54)
     598                            .dwattr DW$T$55, DW_AT_language(DW_LANG_C)
     599                    DW$T$27 .dwtag  DW_TAG_typedef, DW_AT_name("CACHE_Region"), DW_AT_type(*DW$T$26)
     600                            .dwattr DW$T$27, DW_AT_language(DW_LANG_C)
     601                    DW$T$34 .dwtag  DW_TAG_base_type, DW_AT_name("signed char")
     602                            .dwattr DW$T$34, DW_AT_encoding(DW_ATE_signed_char)
     603                            .dwattr DW$T$34, DW_AT_byte_size(0x01)
     604                    DW$T$35 .dwtag  DW_TAG_pointer_type, DW_AT_type(*DW$T$34)
     605                            .dwattr DW$T$35, DW_AT_address_class(0x20)
     606                    DW$T$41 .dwtag  DW_TAG_pointer_type, DW_AT_type(*DW$T$40)
     607                            .dwattr DW$T$41, DW_AT_address_class(0x20)
     608                    DW$T$11 .dwtag  DW_TAG_base_type, DW_AT_name("unsigned int")
     609                            .dwattr DW$T$11, DW_AT_encoding(DW_ATE_unsigned)
     610                            .dwattr DW$T$11, DW_AT_byte_size(0x04)
     611                    DW$T$54 .dwtag  DW_TAG_pointer_type, DW_AT_type(*DW$T$22)
     612                            .dwattr DW$T$54, DW_AT_address_class(0x20)
     613                    
     614                    DW$T$26 .dwtag  DW_TAG_enumeration_type
     615                            .dwattr DW$T$26, DW_AT_byte_size(0x04)
     616                    DW$55   .dwtag  DW_TAG_enumerator, DW_AT_name("CACHE_L2"), DW_AT_const_value(0x00)
     617                    DW$56   .dwtag  DW_TAG_enumerator, DW_AT_name("CACHE_L2ALL"), DW_AT_const_value(0x01)
     618                    DW$57   .dwtag  DW_TAG_enumerator, DW_AT_name("CACHE_L1P"), DW_AT_const_value(0x02)
     619                    DW$58   .dwtag  DW_TAG_enumerator, DW_AT_name("CACHE_L1PALL"), DW_AT_const_value(0x03)
     620                    DW$59   .dwtag  DW_TAG_enumerator, DW_AT_name("CACHE_L1D"), DW_AT_const_value(0x04)
     621                    DW$60   .dwtag  DW_TAG_enumerator, DW_AT_name("CACHE_L1DALL"), DW_AT_const_value(0x05)
     622                            .dwendtag DW$T$26
     623                    
     624                    DW$T$40 .dwtag  DW_TAG_const_type
     625                            .dwattr DW$T$40, DW_AT_type(*DW$T$34)
     626                    
     627                    DW$T$22 .dwtag  DW_TAG_structure_type
     628                            .dwattr DW$T$22, DW_AT_byte_size(0x14)
     629                    DW$61   .dwtag  DW_TAG_member, DW_AT_type(*DW$T$19)
     630                            .dwattr DW$61, DW_AT_name("allocated"), DW_AT_symbol_name("_allocated")
     631                            .dwattr DW$61, DW_AT_data_member_location[DW_OP_plus_uconst 0x0]
     632                            .dwattr DW$61, DW_AT_accessibility(DW_ACCESS_public)
     633                    DW$62   .dwtag  DW_TAG_member, DW_AT_type(*DW$T$19)
     634                            .dwattr DW$62, DW_AT_name("eventId"), DW_AT_symbol_name("_eventId")
     635                            .dwattr DW$62, DW_AT_data_member_location[DW_OP_plus_uconst 0x4]
     636                            .dwattr DW$62, DW_AT_accessibility(DW_ACCESS_public)
     637                    DW$63   .dwtag  DW_TAG_member, DW_AT_type(*DW$T$21)
     638                            .dwattr DW$63, DW_AT_name("baseAddr"), DW_AT_symbol_name("_baseAddr")
     639                            .dwattr DW$63, DW_AT_data_member_location[DW_OP_plus_uconst 0x8]
     640                            .dwattr DW$63, DW_AT_accessibility(DW_ACCESS_public)
TMS320C6x COFF Assembler PC v5.1.0 Thu Oct 28 15:49:12 2010

Tools Copyright (c) 1996-2005 Texas Instruments Incorporated
C:\DOCUME~1\ADMINI~1\LOCALS~1\Temp\TI8962                            PAGE   14

     641                    DW$64   .dwtag  DW_TAG_member, DW_AT_type(*DW$T$19)
     642                            .dwattr DW$64, DW_AT_name("i2cdrrAddr"), DW_AT_symbol_name("_i2cdrrAddr")
     643                            .dwattr DW$64, DW_AT_data_member_location[DW_OP_plus_uconst 0xc]
     644                            .dwattr DW$64, DW_AT_accessibility(DW_ACCESS_public)
     645                    DW$65   .dwtag  DW_TAG_member, DW_AT_type(*DW$T$19)
     646                            .dwattr DW$65, DW_AT_name("i2cdxrAddr"), DW_AT_symbol_name("_i2cdxrAddr")
     647                            .dwattr DW$65, DW_AT_data_member_location[DW_OP_plus_uconst 0x10]
     648                            .dwattr DW$65, DW_AT_accessibility(DW_ACCESS_public)
     649                            .dwendtag DW$T$22
     650                    
     651                    DW$T$21 .dwtag  DW_TAG_pointer_type, DW_AT_type(*DW$T$20)
     652                            .dwattr DW$T$21, DW_AT_address_class(0x20)
     653                    DW$T$20 .dwtag  DW_TAG_volatile_type
     654                            .dwattr DW$T$20, DW_AT_type(*DW$T$19)
     655                    
     656                            .dwattr DW$28, DW_AT_external(0x01)
     657                            .dwattr DW$32, DW_AT_external(0x01)
     658                            .dwattr DW$CU, DW_AT_language(DW_LANG_C)
     659                    
     660                    ;***************************************************************
     661                    ;* DWARF CIE ENTRIES                                           *
     662                    ;***************************************************************
     663                    
     664                    DW$CIE  .dwcie 1, 126
     665                            .dwcfa  0x0c, 31, 0
     666                            .dwcfa  0x07, 0
     667                            .dwcfa  0x07, 1
     668                            .dwcfa  0x07, 2
     669                            .dwcfa  0x07, 3
     670                            .dwcfa  0x07, 4
     671                            .dwcfa  0x07, 5
     672                            .dwcfa  0x07, 6
     673                            .dwcfa  0x07, 7
     674                            .dwcfa  0x07, 8
     675                            .dwcfa  0x07, 9
     676                            .dwcfa  0x08, 10
     677                            .dwcfa  0x08, 11
     678                            .dwcfa  0x08, 12
     679                            .dwcfa  0x08, 13
     680                            .dwcfa  0x08, 14
     681                            .dwcfa  0x08, 15
     682                            .dwcfa  0x07, 16
     683                            .dwcfa  0x07, 17
     684                            .dwcfa  0x07, 18
     685                            .dwcfa  0x07, 19
     686                            .dwcfa  0x07, 20
     687                            .dwcfa  0x07, 21
     688                            .dwcfa  0x07, 22
     689                            .dwcfa  0x07, 23
     690                            .dwcfa  0x07, 24
     691                            .dwcfa  0x07, 25
     692                            .dwcfa  0x08, 26
     693                            .dwcfa  0x08, 27
     694                            .dwcfa  0x08, 28
     695                            .dwcfa  0x08, 29
TMS320C6x COFF Assembler PC v5.1.0 Thu Oct 28 15:49:12 2010

Tools Copyright (c) 1996-2005 Texas Instruments Incorporated
C:\DOCUME~1\ADMINI~1\LOCALS~1\Temp\TI8962                            PAGE   15

     696                            .dwcfa  0x08, 30
     697                            .dwcfa  0x08, 31
     698                            .dwcfa  0x08, 32
     699                            .dwcfa  0x07, 33
     700                            .dwcfa  0x07, 34
     701                            .dwcfa  0x07, 35
     702                            .dwcfa  0x07, 36
     703                            .dwcfa  0x07, 37
     704                            .dwcfa  0x07, 38
     705                            .dwcfa  0x07, 39
     706                            .dwcfa  0x07, 40
     707                            .dwcfa  0x07, 41
     708                            .dwcfa  0x07, 42
     709                            .dwcfa  0x07, 43
     710                            .dwcfa  0x07, 44
     711                            .dwcfa  0x07, 45
     712                            .dwcfa  0x07, 46
     713                            .dwcfa  0x07, 47
     714                            .dwcfa  0x07, 48
     715                            .dwcfa  0x07, 49
     716                            .dwcfa  0x07, 50
     717                            .dwcfa  0x07, 51
     718                            .dwcfa  0x07, 52
     719                            .dwcfa  0x07, 53
     720                            .dwcfa  0x07, 54
     721                            .dwcfa  0x07, 55
     722                            .dwcfa  0x07, 56
     723                            .dwcfa  0x07, 57
     724                            .dwcfa  0x07, 58
     725                            .dwcfa  0x07, 59
     726                            .dwcfa  0x07, 60
     727                            .dwcfa  0x07, 61
     728                            .dwcfa  0x07, 62
     729                            .dwcfa  0x07, 63
     730                            .dwcfa  0x07, 64
     731                            .dwcfa  0x07, 65
     732                            .dwcfa  0x07, 66
     733                            .dwcfa  0x07, 67
     734                            .dwcfa  0x07, 68
     735                            .dwcfa  0x07, 69
     736                            .dwcfa  0x07, 70
     737                            .dwcfa  0x07, 71
     738                            .dwcfa  0x07, 72
     739                            .dwcfa  0x07, 73
     740                            .dwcfa  0x07, 74
     741                            .dwcfa  0x07, 75
     742                            .dwcfa  0x07, 76
     743                            .dwcfa  0x07, 77
     744                            .dwcfa  0x07, 78
     745                            .dwcfa  0x07, 79
     746                            .dwcfa  0x07, 80
     747                            .dwcfa  0x07, 81
     748                            .dwcfa  0x07, 82
     749                            .dwcfa  0x07, 83
     750                            .dwcfa  0x07, 84
TMS320C6x COFF Assembler PC v5.1.0 Thu Oct 28 15:49:12 2010

Tools Copyright (c) 1996-2005 Texas Instruments Incorporated
C:\DOCUME~1\ADMINI~1\LOCALS~1\Temp\TI8962                            PAGE   16

     751                            .dwcfa  0x07, 85
     752                            .dwcfa  0x07, 86
     753                            .dwcfa  0x07, 87
     754                            .dwcfa  0x07, 88
     755                            .dwcfa  0x07, 89
     756                            .dwcfa  0x07, 90
     757                            .dwcfa  0x07, 91
     758                            .dwcfa  0x07, 92
     759                            .dwcfa  0x07, 93
     760                            .dwcfa  0x07, 94
     761                            .dwcfa  0x07, 95
     762                            .dwcfa  0x07, 96
     763                            .dwcfa  0x07, 97
     764                            .dwcfa  0x07, 98
     765                            .dwcfa  0x07, 99
     766                            .dwcfa  0x07, 100
     767                            .dwcfa  0x07, 101
     768                            .dwcfa  0x07, 102
     769                            .dwcfa  0x07, 103
     770                            .dwcfa  0x07, 104
     771                            .dwcfa  0x07, 105
     772                            .dwcfa  0x07, 106
     773                            .dwcfa  0x07, 107
     774                            .dwcfa  0x07, 108
     775                            .dwcfa  0x07, 109
     776                            .dwcfa  0x07, 110
     777                            .dwcfa  0x07, 111
     778                            .dwcfa  0x07, 112
     779                            .dwcfa  0x07, 113
     780                            .dwcfa  0x07, 114
     781                            .dwcfa  0x07, 115
     782                            .dwcfa  0x07, 116
     783                            .dwcfa  0x07, 117
     784                            .dwcfa  0x07, 118
     785                            .dwcfa  0x07, 119
     786                            .dwcfa  0x07, 120
     787                            .dwcfa  0x07, 121
     788                            .dwcfa  0x07, 122
     789                            .dwcfa  0x07, 123
     790                            .dwcfa  0x07, 124
     791                            .dwcfa  0x07, 125
     792                            .dwcfa  0x07, 126
     793                    
     794                    ;***************************************************************
     795                    ;* DWARF REGISTER MAP                                          *
     796                    ;***************************************************************
     797                    
     798                    DW$66   .dwtag  DW_TAG_assign_register, DW_AT_name("A0")
     799                            .dwattr DW$66, DW_AT_location[DW_OP_reg0]
     800                    DW$67   .dwtag  DW_TAG_assign_register, DW_AT_name("A1")
     801                            .dwattr DW$67, DW_AT_location[DW_OP_reg1]
     802                    DW$68   .dwtag  DW_TAG_assign_register, DW_AT_name("A2")
     803                            .dwattr DW$68, DW_AT_location[DW_OP_reg2]
     804                    DW$69   .dwtag  DW_TAG_assign_register, DW_AT_name("A3")
     805                            .dwattr DW$69, DW_AT_location[DW_OP_reg3]
TMS320C6x COFF Assembler PC v5.1.0 Thu Oct 28 15:49:12 2010

Tools Copyright (c) 1996-2005 Texas Instruments Incorporated
C:\DOCUME~1\ADMINI~1\LOCALS~1\Temp\TI8962                            PAGE   17

     806                    DW$70   .dwtag  DW_TAG_assign_register, DW_AT_name("A4")
     807                            .dwattr DW$70, DW_AT_location[DW_OP_reg4]
     808                    DW$71   .dwtag  DW_TAG_assign_register, DW_AT_name("A5")
     809                            .dwattr DW$71, DW_AT_location[DW_OP_reg5]
     810                    DW$72   .dwtag  DW_TAG_assign_register, DW_AT_name("A6")
     811                            .dwattr DW$72, DW_AT_location[DW_OP_reg6]
     812                    DW$73   .dwtag  DW_TAG_assign_register, DW_AT_name("A7")
     813                            .dwattr DW$73, DW_AT_location[DW_OP_reg7]
     814                    DW$74   .dwtag  DW_TAG_assign_register, DW_AT_name("A8")
     815                            .dwattr DW$74, DW_AT_location[DW_OP_reg8]
     816                    DW$75   .dwtag  DW_TAG_assign_register, DW_AT_name("A9")
     817                            .dwattr DW$75, DW_AT_location[DW_OP_reg9]
     818                    DW$76   .dwtag  DW_TAG_assign_register, DW_AT_name("A10")
     819                            .dwattr DW$76, DW_AT_location[DW_OP_reg10]
     820                    DW$77   .dwtag  DW_TAG_assign_register, DW_AT_name("A11")
     821                            .dwattr DW$77, DW_AT_location[DW_OP_reg11]
     822                    DW$78   .dwtag  DW_TAG_assign_register, DW_AT_name("A12")
     823                            .dwattr DW$78, DW_AT_location[DW_OP_reg12]
     824                    DW$79   .dwtag  DW_TAG_assign_register, DW_AT_name("A13")
     825                            .dwattr DW$79, DW_AT_location[DW_OP_reg13]
     826                    DW$80   .dwtag  DW_TAG_assign_register, DW_AT_name("A14")
     827                            .dwattr DW$80, DW_AT_location[DW_OP_reg14]
     828                    DW$81   .dwtag  DW_TAG_assign_register, DW_AT_name("A15")
     829                            .dwattr DW$81, DW_AT_location[DW_OP_reg15]
     830                    DW$82   .dwtag  DW_TAG_assign_register, DW_AT_name("B0")
     831                            .dwattr DW$82, DW_AT_location[DW_OP_reg16]
     832                    DW$83   .dwtag  DW_TAG_assign_register, DW_AT_name("B1")
     833                            .dwattr DW$83, DW_AT_location[DW_OP_reg17]
     834                    DW$84   .dwtag  DW_TAG_assign_register, DW_AT_name("B2")
     835                            .dwattr DW$84, DW_AT_location[DW_OP_reg18]
     836                    DW$85   .dwtag  DW_TAG_assign_register, DW_AT_name("B3")
     837                            .dwattr DW$85, DW_AT_location[DW_OP_reg19]
     838                    DW$86   .dwtag  DW_TAG_assign_register, DW_AT_name("B4")
     839                            .dwattr DW$86, DW_AT_location[DW_OP_reg20]
     840                    DW$87   .dwtag  DW_TAG_assign_register, DW_AT_name("B5")
     841                            .dwattr DW$87, DW_AT_location[DW_OP_reg21]
     842                    DW$88   .dwtag  DW_TAG_assign_register, DW_AT_name("B6")
     843                            .dwattr DW$88, DW_AT_location[DW_OP_reg22]
     844                    DW$89   .dwtag  DW_TAG_assign_register, DW_AT_name("B7")
     845                            .dwattr DW$89, DW_AT_location[DW_OP_reg23]
     846                    DW$90   .dwtag  DW_TAG_assign_register, DW_AT_name("B8")
     847                            .dwattr DW$90, DW_AT_location[DW_OP_reg24]
     848                    DW$91   .dwtag  DW_TAG_assign_register, DW_AT_name("B9")
     849                            .dwattr DW$91, DW_AT_location[DW_OP_reg25]
     850                    DW$92   .dwtag  DW_TAG_assign_register, DW_AT_name("B10")
     851                            .dwattr DW$92, DW_AT_location[DW_OP_reg26]
     852                    DW$93   .dwtag  DW_TAG_assign_register, DW_AT_name("B11")
     853                            .dwattr DW$93, DW_AT_location[DW_OP_reg27]
     854                    DW$94   .dwtag  DW_TAG_assign_register, DW_AT_name("B12")
     855                            .dwattr DW$94, DW_AT_location[DW_OP_reg28]
     856                    DW$95   .dwtag  DW_TAG_assign_register, DW_AT_name("B13")
     857                            .dwattr DW$95, DW_AT_location[DW_OP_reg29]
     858                    DW$96   .dwtag  DW_TAG_assign_register, DW_AT_name("DP")
     859                            .dwattr DW$96, DW_AT_location[DW_OP_reg30]
     860                    DW$97   .dwtag  DW_TAG_assign_register, DW_AT_name("SP")
TMS320C6x COFF Assembler PC v5.1.0 Thu Oct 28 15:49:12 2010

Tools Copyright (c) 1996-2005 Texas Instruments Incorporated
C:\DOCUME~1\ADMINI~1\LOCALS~1\Temp\TI8962                            PAGE   18

     861                            .dwattr DW$97, DW_AT_location[DW_OP_reg31]
     862                    DW$98   .dwtag  DW_TAG_assign_register, DW_AT_name("FP")
     863                            .dwattr DW$98, DW_AT_location[DW_OP_regx 0x20]
     864                    DW$99   .dwtag  DW_TAG_assign_register, DW_AT_name("PC")
     865                            .dwattr DW$99, DW_AT_location[DW_OP_regx 0x21]
     866                    DW$100  .dwtag  DW_TAG_assign_register, DW_AT_name("IRP")
     867                            .dwattr DW$100, DW_AT_location[DW_OP_regx 0x22]
     868                    DW$101  .dwtag  DW_TAG_assign_register, DW_AT_name("IFR")
     869                            .dwattr DW$101, DW_AT_location[DW_OP_regx 0x23]
     870                    DW$102  .dwtag  DW_TAG_assign_register, DW_AT_name("NRP")
     871                            .dwattr DW$102, DW_AT_location[DW_OP_regx 0x24]
     872                    DW$103  .dwtag  DW_TAG_assign_register, DW_AT_name("A16")
     873                            .dwattr DW$103, DW_AT_location[DW_OP_regx 0x25]
     874                    DW$104  .dwtag  DW_TAG_assign_register, DW_AT_name("A17")
     875                            .dwattr DW$104, DW_AT_location[DW_OP_regx 0x26]
     876                    DW$105  .dwtag  DW_TAG_assign_register, DW_AT_name("A18")
     877                            .dwattr DW$105, DW_AT_location[DW_OP_regx 0x27]
     878                    DW$106  .dwtag  DW_TAG_assign_register, DW_AT_name("A19")
     879                            .dwattr DW$106, DW_AT_location[DW_OP_regx 0x28]
     880                    DW$107  .dwtag  DW_TAG_assign_register, DW_AT_name("A20")
     881                            .dwattr DW$107, DW_AT_location[DW_OP_regx 0x29]
     882                    DW$108  .dwtag  DW_TAG_assign_register, DW_AT_name("A21")
     883                            .dwattr DW$108, DW_AT_location[DW_OP_regx 0x2a]
     884                    DW$109  .dwtag  DW_TAG_assign_register, DW_AT_name("A22")
     885                            .dwattr DW$109, DW_AT_location[DW_OP_regx 0x2b]
     886                    DW$110  .dwtag  DW_TAG_assign_register, DW_AT_name("A23")
     887                            .dwattr DW$110, DW_AT_location[DW_OP_regx 0x2c]
     888                    DW$111  .dwtag  DW_TAG_assign_register, DW_AT_name("A24")
     889                            .dwattr DW$111, DW_AT_location[DW_OP_regx 0x2d]
     890                    DW$112  .dwtag  DW_TAG_assign_register, DW_AT_name("A25")
     891                            .dwattr DW$112, DW_AT_location[DW_OP_regx 0x2e]
     892                    DW$113  .dwtag  DW_TAG_assign_register, DW_AT_name("A26")
     893                            .dwattr DW$113, DW_AT_location[DW_OP_regx 0x2f]
     894                    DW$114  .dwtag  DW_TAG_assign_register, DW_AT_name("A27")
     895                            .dwattr DW$114, DW_AT_location[DW_OP_regx 0x30]
     896                    DW$115  .dwtag  DW_TAG_assign_register, DW_AT_name("A28")
     897                            .dwattr DW$115, DW_AT_location[DW_OP_regx 0x31]
     898                    DW$116  .dwtag  DW_TAG_assign_register, DW_AT_name("A29")
     899                            .dwattr DW$116, DW_AT_location[DW_OP_regx 0x32]
     900                    DW$117  .dwtag  DW_TAG_assign_register, DW_AT_name("A30")
     901                            .dwattr DW$117, DW_AT_location[DW_OP_regx 0x33]
     902                    DW$118  .dwtag  DW_TAG_assign_register, DW_AT_name("A31")
     903                            .dwattr DW$118, DW_AT_location[DW_OP_regx 0x34]
     904                    DW$119  .dwtag  DW_TAG_assign_register, DW_AT_name("B16")
     905                            .dwattr DW$119, DW_AT_location[DW_OP_regx 0x35]
     906                    DW$120  .dwtag  DW_TAG_assign_register, DW_AT_name("B17")
     907                            .dwattr DW$120, DW_AT_location[DW_OP_regx 0x36]
     908                    DW$121  .dwtag  DW_TAG_assign_register, DW_AT_name("B18")
     909                            .dwattr DW$121, DW_AT_location[DW_OP_regx 0x37]
     910                    DW$122  .dwtag  DW_TAG_assign_register, DW_AT_name("B19")
     911                            .dwattr DW$122, DW_AT_location[DW_OP_regx 0x38]
     912                    DW$123  .dwtag  DW_TAG_assign_register, DW_AT_name("B20")
     913                            .dwattr DW$123, DW_AT_location[DW_OP_regx 0x39]
     914                    DW$124  .dwtag  DW_TAG_assign_register, DW_AT_name("B21")
     915                            .dwattr DW$124, DW_AT_location[DW_OP_regx 0x3a]
TMS320C6x COFF Assembler PC v5.1.0 Thu Oct 28 15:49:12 2010

Tools Copyright (c) 1996-2005 Texas Instruments Incorporated
C:\DOCUME~1\ADMINI~1\LOCALS~1\Temp\TI8962                            PAGE   19

     916                    DW$125  .dwtag  DW_TAG_assign_register, DW_AT_name("B22")
     917                            .dwattr DW$125, DW_AT_location[DW_OP_regx 0x3b]
     918                    DW$126  .dwtag  DW_TAG_assign_register, DW_AT_name("B23")
     919                            .dwattr DW$126, DW_AT_location[DW_OP_regx 0x3c]
     920                    DW$127  .dwtag  DW_TAG_assign_register, DW_AT_name("B24")
     921                            .dwattr DW$127, DW_AT_location[DW_OP_regx 0x3d]
     922                    DW$128  .dwtag  DW_TAG_assign_register, DW_AT_name("B25")
     923                            .dwattr DW$128, DW_AT_location[DW_OP_regx 0x3e]
     924                    DW$129  .dwtag  DW_TAG_assign_register, DW_AT_name("B26")
     925                            .dwattr DW$129, DW_AT_location[DW_OP_regx 0x3f]
     926                    DW$130  .dwtag  DW_TAG_assign_register, DW_AT_name("B27")
     927                            .dwattr DW$130, DW_AT_location[DW_OP_regx 0x40]
     928                    DW$131  .dwtag  DW_TAG_assign_register, DW_AT_name("B28")
     929                            .dwattr DW$131, DW_AT_location[DW_OP_regx 0x41]
     930                    DW$132  .dwtag  DW_TAG_assign_register, DW_AT_name("B29")
     931                            .dwattr DW$132, DW_AT_location[DW_OP_regx 0x42]
     932                    DW$133  .dwtag  DW_TAG_assign_register, DW_AT_name("B30")
     933                            .dwattr DW$133, DW_AT_location[DW_OP_regx 0x43]
     934                    DW$134  .dwtag  DW_TAG_assign_register, DW_AT_name("B31")
     935                            .dwattr DW$134, DW_AT_location[DW_OP_regx 0x44]
     936                    DW$135  .dwtag  DW_TAG_assign_register, DW_AT_name("AMR")
     937                            .dwattr DW$135, DW_AT_location[DW_OP_regx 0x45]
     938                    DW$136  .dwtag  DW_TAG_assign_register, DW_AT_name("CSR")
     939                            .dwattr DW$136, DW_AT_location[DW_OP_regx 0x46]
     940                    DW$137  .dwtag  DW_TAG_assign_register, DW_AT_name("ISR")
     941                            .dwattr DW$137, DW_AT_location[DW_OP_regx 0x47]
     942                    DW$138  .dwtag  DW_TAG_assign_register, DW_AT_name("ICR")
     943                            .dwattr DW$138, DW_AT_location[DW_OP_regx 0x48]
     944                    DW$139  .dwtag  DW_TAG_assign_register, DW_AT_name("IER")
     945                            .dwattr DW$139, DW_AT_location[DW_OP_regx 0x49]
     946                    DW$140  .dwtag  DW_TAG_assign_register, DW_AT_name("ISTP")
     947                            .dwattr DW$140, DW_AT_location[DW_OP_regx 0x4a]
     948                    DW$141  .dwtag  DW_TAG_assign_register, DW_AT_name("IN")
     949                            .dwattr DW$141, DW_AT_location[DW_OP_regx 0x4b]
     950                    DW$142  .dwtag  DW_TAG_assign_register, DW_AT_name("OUT")
     951                            .dwattr DW$142, DW_AT_location[DW_OP_regx 0x4c]
     952                    DW$143  .dwtag  DW_TAG_assign_register, DW_AT_name("ACR")
     953                            .dwattr DW$143, DW_AT_location[DW_OP_regx 0x4d]
     954                    DW$144  .dwtag  DW_TAG_assign_register, DW_AT_name("ADR")
     955                            .dwattr DW$144, DW_AT_location[DW_OP_regx 0x4e]
     956                    DW$145  .dwtag  DW_TAG_assign_register, DW_AT_name("FADCR")
     957                            .dwattr DW$145, DW_AT_location[DW_OP_regx 0x4f]
     958                    DW$146  .dwtag  DW_TAG_assign_register, DW_AT_name("FAUCR")
     959                            .dwattr DW$146, DW_AT_location[DW_OP_regx 0x50]
     960                    DW$147  .dwtag  DW_TAG_assign_register, DW_AT_name("FMCR")
     961                            .dwattr DW$147, DW_AT_location[DW_OP_regx 0x51]
     962                    DW$148  .dwtag  DW_TAG_assign_register, DW_AT_name("GFPGFR")
     963                            .dwattr DW$148, DW_AT_location[DW_OP_regx 0x52]
     964                    DW$149  .dwtag  DW_TAG_assign_register, DW_AT_name("DIER")
     965                            .dwattr DW$149, DW_AT_location[DW_OP_regx 0x53]
     966                    DW$150  .dwtag  DW_TAG_assign_register, DW_AT_name("REP")
     967                            .dwattr DW$150, DW_AT_location[DW_OP_regx 0x54]
     968                    DW$151  .dwtag  DW_TAG_assign_register, DW_AT_name("TSCL")
     969                            .dwattr DW$151, DW_AT_location[DW_OP_regx 0x55]
     970                    DW$152  .dwtag  DW_TAG_assign_register, DW_AT_name("TSCH")
TMS320C6x COFF Assembler PC v5.1.0 Thu Oct 28 15:49:12 2010

Tools Copyright (c) 1996-2005 Texas Instruments Incorporated
C:\DOCUME~1\ADMINI~1\LOCALS~1\Temp\TI8962                            PAGE   20

     971                            .dwattr DW$152, DW_AT_location[DW_OP_regx 0x56]
     972                    DW$153  .dwtag  DW_TAG_assign_register, DW_AT_name("ARP")
     973                            .dwattr DW$153, DW_AT_location[DW_OP_regx 0x57]
     974                    DW$154  .dwtag  DW_TAG_assign_register, DW_AT_name("ILC")
     975                            .dwattr DW$154, DW_AT_location[DW_OP_regx 0x58]
     976                    DW$155  .dwtag  DW_TAG_assign_register, DW_AT_name("RILC")
     977                            .dwattr DW$155, DW_AT_location[DW_OP_regx 0x59]
     978                    DW$156  .dwtag  DW_TAG_assign_register, DW_AT_name("DNUM")
     979                            .dwattr DW$156, DW_AT_location[DW_OP_regx 0x5a]
     980                    DW$157  .dwtag  DW_TAG_assign_register, DW_AT_name("SSR")
     981                            .dwattr DW$157, DW_AT_location[DW_OP_regx 0x5b]
     982                    DW$158  .dwtag  DW_TAG_assign_register, DW_AT_name("GPLYA")
     983                            .dwattr DW$158, DW_AT_location[DW_OP_regx 0x5c]
     984                    DW$159  .dwtag  DW_TAG_assign_register, DW_AT_name("GPLYB")
     985                            .dwattr DW$159, DW_AT_location[DW_OP_regx 0x5d]
     986                    DW$160  .dwtag  DW_TAG_assign_register, DW_AT_name("TSR")
     987                            .dwattr DW$160, DW_AT_location[DW_OP_regx 0x5e]
     988                    DW$161  .dwtag  DW_TAG_assign_register, DW_AT_name("ITSR")
     989                            .dwattr DW$161, DW_AT_location[DW_OP_regx 0x5f]
     990                    DW$162  .dwtag  DW_TAG_assign_register, DW_AT_name("NTSR")
     991                            .dwattr DW$162, DW_AT_location[DW_OP_regx 0x60]
     992                    DW$163  .dwtag  DW_TAG_assign_register, DW_AT_name("EFR")
     993                            .dwattr DW$163, DW_AT_location[DW_OP_regx 0x61]
     994                    DW$164  .dwtag  DW_TAG_assign_register, DW_AT_name("ECR")
     995                            .dwattr DW$164, DW_AT_location[DW_OP_regx 0x62]
     996                    DW$165  .dwtag  DW_TAG_assign_register, DW_AT_name("IERR")
     997                            .dwattr DW$165, DW_AT_location[DW_OP_regx 0x63]
     998                    DW$166  .dwtag  DW_TAG_assign_register, DW_AT_name("DMSG")
     999                            .dwattr DW$166, DW_AT_location[DW_OP_regx 0x64]
    1000                    DW$167  .dwtag  DW_TAG_assign_register, DW_AT_name("CMSG")
    1001                            .dwattr DW$167, DW_AT_location[DW_OP_regx 0x65]
    1002                    DW$168  .dwtag  DW_TAG_assign_register, DW_AT_name("DT_DMA_ADDR")
    1003                            .dwattr DW$168, DW_AT_location[DW_OP_regx 0x66]
    1004                    DW$169  .dwtag  DW_TAG_assign_register, DW_AT_name("DT_DMA_DATA")
    1005                            .dwattr DW$169, DW_AT_location[DW_OP_regx 0x67]
    1006                    DW$170  .dwtag  DW_TAG_assign_register, DW_AT_name("DT_DMA_CNTL")
    1007                            .dwattr DW$170, DW_AT_location[DW_OP_regx 0x68]
    1008                    DW$171  .dwtag  DW_TAG_assign_register, DW_AT_name("TCU_CNTL")
    1009                            .dwattr DW$171, DW_AT_location[DW_OP_regx 0x69]
    1010                    DW$172  .dwtag  DW_TAG_assign_register, DW_AT_name("RTDX_REC_CNTL")
    1011                            .dwattr DW$172, DW_AT_location[DW_OP_regx 0x6a]
    1012                    DW$173  .dwtag  DW_TAG_assign_register, DW_AT_name("RTDX_XMT_CNTL")
    1013                            .dwattr DW$173, DW_AT_location[DW_OP_regx 0x6b]
    1014                    DW$174  .dwtag  DW_TAG_assign_register, DW_AT_name("RTDX_CFG")
    1015                            .dwattr DW$174, DW_AT_location[DW_OP_regx 0x6c]
    1016                    DW$175  .dwtag  DW_TAG_assign_register, DW_AT_name("RTDX_RDATA")
    1017                            .dwattr DW$175, DW_AT_location[DW_OP_regx 0x6d]
    1018                    DW$176  .dwtag  DW_TAG_assign_register, DW_AT_name("RTDX_WDATA")
    1019                            .dwattr DW$176, DW_AT_location[DW_OP_regx 0x6e]
    1020                    DW$177  .dwtag  DW_TAG_assign_register, DW_AT_name("RTDX_RADDR")
    1021                            .dwattr DW$177, DW_AT_location[DW_OP_regx 0x6f]
    1022                    DW$178  .dwtag  DW_TAG_assign_register, DW_AT_name("RTDX_WADDR")
    1023                            .dwattr DW$178, DW_AT_location[DW_OP_regx 0x70]
    1024                    DW$179  .dwtag  DW_TAG_assign_register, DW_AT_name("MFREG0")
    1025                            .dwattr DW$179, DW_AT_location[DW_OP_regx 0x71]
TMS320C6x COFF Assembler PC v5.1.0 Thu Oct 28 15:49:12 2010

Tools Copyright (c) 1996-2005 Texas Instruments Incorporated
C:\DOCUME~1\ADMINI~1\LOCALS~1\Temp\TI8962                            PAGE   21

    1026                    DW$180  .dwtag  DW_TAG_assign_register, DW_AT_name("DBG_STAT")
    1027                            .dwattr DW$180, DW_AT_location[DW_OP_regx 0x72]
    1028                    DW$181  .dwtag  DW_TAG_assign_register, DW_AT_name("BRK_EN")
    1029                            .dwattr DW$181, DW_AT_location[DW_OP_regx 0x73]
    1030                    DW$182  .dwtag  DW_TAG_assign_register, DW_AT_name("HWBP0_CNT")
    1031                            .dwattr DW$182, DW_AT_location[DW_OP_regx 0x74]
    1032                    DW$183  .dwtag  DW_TAG_assign_register, DW_AT_name("HWBP0")
    1033                            .dwattr DW$183, DW_AT_location[DW_OP_regx 0x75]
    1034                    DW$184  .dwtag  DW_TAG_assign_register, DW_AT_name("HWBP1")
    1035                            .dwattr DW$184, DW_AT_location[DW_OP_regx 0x76]
    1036                    DW$185  .dwtag  DW_TAG_assign_register, DW_AT_name("HWBP2")
    1037                            .dwattr DW$185, DW_AT_location[DW_OP_regx 0x77]
    1038                    DW$186  .dwtag  DW_TAG_assign_register, DW_AT_name("HWBP3")
    1039                            .dwattr DW$186, DW_AT_location[DW_OP_regx 0x78]
    1040                    DW$187  .dwtag  DW_TAG_assign_register, DW_AT_name("OVERLAY")
    1041                            .dwattr DW$187, DW_AT_location[DW_OP_regx 0x79]
    1042                    DW$188  .dwtag  DW_TAG_assign_register, DW_AT_name("PC_PROF")
    1043                            .dwattr DW$188, DW_AT_location[DW_OP_regx 0x7a]
    1044                    DW$189  .dwtag  DW_TAG_assign_register, DW_AT_name("ATSR")
    1045                            .dwattr DW$189, DW_AT_location[DW_OP_regx 0x7b]
    1046                    DW$190  .dwtag  DW_TAG_assign_register, DW_AT_name("TRR")
    1047                            .dwattr DW$190, DW_AT_location[DW_OP_regx 0x7c]
    1048                    DW$191  .dwtag  DW_TAG_assign_register, DW_AT_name("TCRR")
    1049                            .dwattr DW$191, DW_AT_location[DW_OP_regx 0x7d]
    1050                    DW$192  .dwtag  DW_TAG_assign_register, DW_AT_name("CIE_RETA")
    1051                            .dwattr DW$192, DW_AT_location[DW_OP_regx 0x7e]
    1052                            .dwendtag DW$CU
    1053                    

No Assembly Errors, No Assembly Warnings
