Flow report for buffer
Wed Apr 30 12:48:13 2008
Version 5.0 Build 171 11/03/2005 Service Pack 2 SJ Full Version


---------------------
; Table of Contents ;
---------------------
  1. Legal Notice
  2. Flow Summary
  3. Flow Settings
  4. Flow Elapsed Time
  5. Flow Log



----------------
; Legal Notice ;
----------------
Copyright (C) 1991-2005 Altera Corporation
Your use of Altera Corporation's design tools, logic functions 
and other software and tools, and its AMPP partner logic       
functions, and any output files any of the foregoing           
(including device programming or simulation files), and any    
associated documentation or information are expressly subject  
to the terms and conditions of the Altera Program License      
Subscription Agreement, Altera MegaCore Function License       
Agreement, or other applicable license agreement, including,   
without limitation, that your use is for the sole purpose of   
programming logic devices manufactured by Altera and sold by   
Altera or its authorized distributors.  Please refer to the    
applicable agreement for further details.



+-------------------------------------------------------------------------+
; Flow Summary                                                            ;
+-------------------------+-----------------------------------------------+
; Flow Status             ; Successful - Wed Apr 30 12:48:13 2008         ;
; Quartus II Version      ; 5.0 Build 171 11/03/2005 SP 2 SJ Full Version ;
; Revision Name           ; buffer                                        ;
; Top-level Entity Name   ; buffer                                        ;
; Family                  ; MAX7000AE                                     ;
; Device                  ; EPM7128AETC100-10                             ;
; Timing Models           ; Final                                         ;
; Met timing requirements ; No                                            ;
; Total macrocells        ; 112 / 128 ( 87 % )                            ;
; Total pins              ; 55 / 84 ( 65 % )                              ;
+-------------------------+-----------------------------------------------+


+-----------------------------------------+
; Flow Settings                           ;
+-------------------+---------------------+
; Option            ; Setting             ;
+-------------------+---------------------+
; Start date & time ; 04/30/2008 12:48:06 ;
; Main task         ; Compilation         ;
; Revision Name     ; buffer              ;
+-------------------+---------------------+


+-------------------------------------+
; Flow Elapsed Time                   ;
+----------------------+--------------+
; Module Name          ; Elapsed Time ;
+----------------------+--------------+
; Analysis & Synthesis ; 00:00:03     ;
; Fitter               ; 00:00:01     ;
; Assembler            ; 00:00:01     ;
; Timing Analyzer      ; 00:00:01     ;
; Total                ; 00:00:06     ;
+----------------------+--------------+


------------
; Flow Log ;
------------
quartus_map --read_settings_files=on --write_settings_files=off buffer -c buffer
quartus_fit --read_settings_files=off --write_settings_files=off buffer -c buffer
quartus_asm --read_settings_files=off --write_settings_files=off buffer -c buffer
quartus_tan --read_settings_files=off --write_settings_files=off buffer -c buffer



