Simulator report for buffer
Sat Apr 28 17:32:32 2007
Version 5.0 Build 171 11/03/2005 Service Pack 2 SJ Full Version


---------------------
; Table of Contents ;
---------------------
  1. Legal Notice
  2. Simulator Summary
  3. Simulator Settings
  4. Simulation Waveforms
  5. Simulator INI Usage
  6. Simulator Messages



----------------
; Legal Notice ;
----------------
Copyright (C) 1991-2005 Altera Corporation
Your use of Altera Corporation's design tools, logic functions 
and other software and tools, and its AMPP partner logic       
functions, and any output files any of the foregoing           
(including device programming or simulation files), and any    
associated documentation or information are expressly subject  
to the terms and conditions of the Altera Program License      
Subscription Agreement, Altera MegaCore Function License       
Agreement, or other applicable license agreement, including,   
without limitation, that your use is for the sole purpose of   
programming logic devices manufactured by Altera and sold by   
Altera or its authorized distributors.  Please refer to the    
applicable agreement for further details.



+--------------------------------------------+
; Simulator Summary                          ;
+-----------------------------+--------------+
; Type                        ; Value        ;
+-----------------------------+--------------+
; Simulation Start Time       ; 0 ps         ;
; Simulation End Time         ; 1.0 us       ;
; Simulation Netlist Size     ; 205 nodes    ;
; Simulation Coverage         ;       0.00 % ;
; Total Number of Transitions ; 0            ;
+-----------------------------+--------------+


+-----------------------------------------------------------------------------------+
; Simulator Settings                                                                ;
+-------------------------------------------------------+---------------------------+
; Option                                                ; Setting                   ;
+-------------------------------------------------------+---------------------------+
; Simulation mode                                       ; Functional                ;
; Start time                                            ; 0ns                       ;
; End time                                              ; 0 ns                      ;
; Vector input source                                   ; D:/buffer/buffer/test.vwf ;
; Add pins automatically to simulation output waveforms ; On                        ;
; Check outputs                                         ; Off                       ;
; Report simulation coverage                            ; On                        ;
; Detect setup and hold time violations                 ; Off                       ;
; Detect glitches                                       ; Off                       ;
; Automatically save/load simulation netlist            ; Off                       ;
; Disable timing delays in Timing Simulation            ; Off                       ;
; Generate Signal Activity File                         ; Off                       ;
+-------------------------------------------------------+---------------------------+


+----------------------+
; Simulation Waveforms ;
+----------------------+
Waveform report data cannot be output to ASCII.
Please use Quartus II to view the waveform report data.


+---------------------+
; Simulator INI Usage ;
+--------+------------+
; Option ; Usage      ;
+--------+------------+


+--------------------+
; Simulator Messages ;
+--------------------+
Info: *******************************************************************
Info: Running Quartus II Simulator
    Info: Version 5.0 Build 171 11/03/2005 Service Pack 2 SJ Full Version
    Info: Processing started: Sat Apr 28 17:32:31 2007
Info: Command: quartus_sim --read_settings_files=on --write_settings_files=off buffer -c buffer
Warning: Ignored node in vector source file. Can't find corresponding node name "clk" in design.
Warning: Ignored node in vector source file. Can't find corresponding node name "rst" in design.
Warning: Can't find signal in vector source file for input pin "|buffer|addr[2]"
Warning: Can't find signal in vector source file for input pin "|buffer|addr[3]"
Warning: Can't find signal in vector source file for input pin "|buffer|addr[4]"
Warning: Can't find signal in vector source file for input pin "|buffer|addr[5]"
Warning: Can't find signal in vector source file for input pin "|buffer|addr[6]"
Warning: Can't find signal in vector source file for input pin "|buffer|addr[7]"
Warning: Can't find signal in vector source file for input pin "|buffer|addr[8]"
Warning: Can't find signal in vector source file for input pin "|buffer|clock"
Warning: Can't find signal in vector source file for input pin "|buffer|data[0]"
Warning: Can't find signal in vector source file for input pin "|buffer|data[1]"
Warning: Can't find signal in vector source file for input pin "|buffer|data[2]"
Warning: Can't find signal in vector source file for input pin "|buffer|data[3]"
Warning: Can't find signal in vector source file for input pin "|buffer|data[4]"
Warning: Can't find signal in vector source file for input pin "|buffer|data[5]"
Warning: Can't find signal in vector source file for input pin "|buffer|data[6]"
Warning: Can't find signal in vector source file for input pin "|buffer|data[7]"
Warning: Can't find signal in vector source file for input pin "|buffer|nFCE"
Warning: Can't find signal in vector source file for input pin "|buffer|nFRE"
Warning: Can't find signal in vector source file for input pin "|buffer|nFWE"
Warning: Can't find signal in vector source file for input pin "|buffer|nGCS[0]"
Warning: Can't find signal in vector source file for input pin "|buffer|nGCS[1]"
Warning: Can't find signal in vector source file for input pin "|buffer|nGCS[2]"
Warning: Can't find signal in vector source file for input pin "|buffer|nGCS[3]"
Warning: Can't find signal in vector source file for input pin "|buffer|nGCS[4]"
Warning: Can't find signal in vector source file for input pin "|buffer|nGCS[5]"
Warning: Can't find signal in vector source file for input pin "|buffer|nOE"
Warning: Can't find signal in vector source file for input pin "|buffer|nReset"
Warning: Can't find signal in vector source file for input pin "|buffer|nWE"
Warning: Can't find signal in vector source file for input pin "|buffer|vp2clk0"
Warning: Can't find signal in vector source file for input pin "|buffer|vp2clk1"
Warning: Can't find signal in vector source file for input pin "|buffer|vp2ctl0"
Warning: Can't find signal in vector source file for input pin "|buffer|vp2ctl1"
Warning: Can't find signal in vector source file for input pin "|buffer|vp2ctl2"
Info: Simulation coverage is       0.00 %
Info: Number of transitions in simulation is 0
Info: Quartus II Simulator was successful. 0 errors, 35 warnings
    Info: Processing ended: Sat Apr 28 17:32:32 2007
    Info: Elapsed time: 00:00:01


