Flow report for buffer
Tue Nov 01 13:03:02 2011
Version 6.0 Build 178 04/27/2006 SJ Full Version


---------------------
; Table of Contents ;
---------------------
  1. Legal Notice
  2. Flow Summary
  3. Flow Settings
  4. Flow Non-Default Global Settings
  5. Flow Elapsed Time
  6. Flow Log



----------------
; Legal Notice ;
----------------
Copyright (C) 1991-2006 Altera Corporation
Your use of Altera Corporation's design tools, logic functions 
and other software and tools, and its AMPP partner logic 
functions, and any output files any of the foregoing 
(including device programming or simulation files), and any 
associated documentation or information are expressly subject 
to the terms and conditions of the Altera Program License 
Subscription Agreement, Altera MegaCore Function License 
Agreement, or other applicable license agreement, including, 
without limitation, that your use is for the sole purpose of 
programming logic devices manufactured by Altera and sold by 
Altera or its authorized distributors.  Please refer to the 
applicable agreement for further details.



+-------------------------------------------------------------------------------+
; Flow Summary                                                                  ;
+------------------------------------+------------------------------------------+
; Flow Status                        ; Successful - Tue Nov 01 13:03:02 2011    ;
; Quartus II Version                 ; 6.0 Build 178 04/27/2006 SJ Full Version ;
; Revision Name                      ; buffer                                   ;
; Top-level Entity Name              ; buffer                                   ;
; Family                             ; Cyclone II                               ;
; Device                             ; EP2C5T144C8                              ;
; Timing Models                      ; Final                                    ;
; Met timing requirements            ; No                                       ;
; Total logic elements               ; 356 / 4,608 ( 8 % )                      ;
; Total registers                    ; 74                                       ;
; Total pins                         ; 48 / 89 ( 54 % )                         ;
; Total virtual pins                 ; 0                                        ;
; Total memory bits                  ; 0 / 119,808 ( 0 % )                      ;
; Embedded Multiplier 9-bit elements ; 0 / 26 ( 0 % )                           ;
; Total PLLs                         ; 0 / 2 ( 0 % )                            ;
+------------------------------------+------------------------------------------+


+-----------------------------------------+
; Flow Settings                           ;
+-------------------+---------------------+
; Option            ; Setting             ;
+-------------------+---------------------+
; Start date & time ; 11/01/2011 13:02:53 ;
; Main task         ; Compilation         ;
; Revision Name     ; buffer              ;
+-------------------+---------------------+


+-------------------------------------------------------------------------------------------------+
; Flow Non-Default Global Settings                                                                ;
+----------------------+--------------+--------------------------------+-------------+------------+
; Assignment Name      ; Value        ; Default Value                  ; Entity Name ; Section Id ;
+----------------------+--------------+--------------------------------+-------------+------------+
; FITTER_EFFORT        ; Standard Fit ; Auto Fit                       ; --          ; --         ;
; OPTIMIZE_HOLD_TIMING ; Off          ; IO Paths and Minimum TPD Paths ; --          ; --         ;
+----------------------+--------------+--------------------------------+-------------+------------+


+-------------------------------------+
; Flow Elapsed Time                   ;
+----------------------+--------------+
; Module Name          ; Elapsed Time ;
+----------------------+--------------+
; Analysis & Synthesis ; 00:00:01     ;
; Fitter               ; 00:00:04     ;
; Assembler            ; 00:00:01     ;
; Timing Analyzer      ; 00:00:00     ;
; Total                ; 00:00:06     ;
+----------------------+--------------+


------------
; Flow Log ;
------------
quartus_map --read_settings_files=on --write_settings_files=off buffer -c buffer
quartus_fit --read_settings_files=off --write_settings_files=off buffer -c buffer
quartus_asm --read_settings_files=off --write_settings_files=off buffer -c buffer
quartus_tan --read_settings_files=off --write_settings_files=off buffer -c buffer --timing_analysis_only



