Cadence Design Systems, Inc. netrev 16.0 Thu Nov 17 13:21:11 2011
(C) Copyright 2002 Cadence Design Systems, Inc.

------ Directives ------

RIPUP_ETCH FALSE;
RIPUP_SYMBOLS ALWAYS;
Missing symbol has error FALSE;
SCHEMATIC_DIRECTORY 'E:/project/IRISking/ikemb-0001/project/hardware/LED/v3/allegro_led';
BOARD_DIRECTORY '';
OLD_BOARD_NAME 'E:/project/IRISking/ikemb-0001/project/hardware/LED/v3/LED.brd';
NEW_BOARD_NAME 'E:/project/IRISking/ikemb-0001/project/hardware/LED/v3/LED.brd';

CmdLine: netrev -$ -i E:/project/IRISking/ikemb-0001/project/hardware/LED/v3/allegro_led -y 1 E:/project/IRISking/ikemb-0001/project/hardware/LED/v3/#Taaaaae00204.tmp

------ Preparing to read pst files ------

Starting to read E:/project/IRISking/ikemb-0001/project/hardware/LED/v3/allegro_led/pstchip.dat 
   Finished reading E:/project/IRISking/ikemb-0001/project/hardware/LED/v3/allegro_led/pstchip.dat (00:00:00.06)
Starting to read E:/project/IRISking/ikemb-0001/project/hardware/LED/v3/allegro_led/pstxprt.dat 
   Finished reading E:/project/IRISking/ikemb-0001/project/hardware/LED/v3/allegro_led/pstxprt.dat (00:00:00.00)
Starting to read E:/project/IRISking/ikemb-0001/project/hardware/LED/v3/allegro_led/pstxnet.dat 
   Finished reading E:/project/IRISking/ikemb-0001/project/hardware/LED/v3/allegro_led/pstxnet.dat (00:00:00.00)

------ Oversights/Warnings/Errors ------


------ Library Paths ------
MODULEPATH =  . 
           C:/Cadence/SPB_16.0/share/local/pcb/modules 

PSMPATH =  . 
           symbols 
           .. 
           ../symbols 
           C:/Cadence/SPB_16.0/share/local/pcb/symbols 
           C:/Cadence/SPB_16.0/share/pcb/pcb_lib/symbols 
           C:/Cadence/SPB_16.0/share/pcb/allegrolib/symbols 

PADPATH =  . 
           symbols 
           .. 
           ../symbols 
           C:/Cadence/SPB_16.0/share/local/pcb/padstacks 
           C:/Cadence/SPB_16.0/share/pcb/pcb_lib/symbols 
           C:/Cadence/SPB_16.0/share/pcb/allegrolib/symbols 


------ Summary Statistics ------


netrev run on Nov 17 13:21:11 2011
   DESIGN NAME : 'LED'
   PACKAGING ON May 29 2007 22:04:31

   COMPILE 'logic'
   CHECK_PIN_NAMES OFF
   CROSS_REFERENCE OFF
   FEEDBACK OFF
   INCREMENTAL OFF
   INTERFACE_TYPE PHYSICAL
   MAX_ERRORS 500
   MERGE_MINIMUM 5
   NET_NAME_CHARS '#%&()*+-./:=>?@[]^_`|'
   NET_NAME_LENGTH 24
   OVERSIGHTS ON
   REPLACE_CHECK OFF
   SINGLE_NODE_NETS ON
   SPLIT_MINIMUM 0
   SUPPRESS   20
   WARNINGS ON

 No error detected
 No oversight detected
 No warning detected

cpu time      0:00:32
elapsed time  0:00:00

