TMS320C6x COFF Assembler PC v5.1.0 Thu Mar 10 14:36:06 2011

Tools Copyright (c) 1996-2005 Texas Instruments Incorporated
C:\DOCUME~1\ADMINI~1\LOCALS~1\Temp\TI7202                            PAGE    1

       1                    ;******************************************************************************
       2                    ;* TMS320C6x C/C++ Codegen                                          PC v5.1.0 *
       3                    ;* Date/Time created: Thu Mar 10 14:36:06 2011                                *
       4                    ;******************************************************************************
       5                            .compiler_opts --endian=little --mem_model:code=near --mem_model:data=far --quiet --silicon_ve
       6                    
       7                    ;******************************************************************************
       8                    ;* GLOBAL FILE PARAMETERS                                                     *
       9                    ;*                                                                            *
      10                    ;*   Architecture      : TMS320C64xx                                          *
      11                    ;*   Optimization      : Disabled                                             *
      12                    ;*   Optimizing for    : Compile time, Ease of Development                    *
      13                    ;*                       Based on options: no -o, no -ms                      *
      14                    ;*   Endian            : Little                                               *
      15                    ;*   Interrupt Thrshld : Disabled                                             *
      16                    ;*   Data Access Model : Far                                                  *
      17                    ;*   Pipelining        : Disabled                                             *
      18                    ;*   Memory Aliases    : Presume are aliases (pessimistic)                    *
      19                    ;*   Debug Info        : DWARF Debug                                          *
      20                    ;*                                                                            *
      21                    ;******************************************************************************
      22                    
      23                            .asg    A15, FP
      24                            .asg    B14, DP
      25                            .asg    B15, SP
      26                            .global $bss
      27                    
      28                    
      29                    DW$CU   .dwtag  DW_TAG_compile_unit
      30                            .dwattr DW$CU, DW_AT_name("VideoOutput.c")
      31                            .dwattr DW$CU, DW_AT_producer("TMS320C6x C/C++ Codegen PC v5.1.0 Copyright (c) 1996-2005 Texas
      32                            .dwattr DW$CU, DW_AT_stmt_list(0x00)
      33                            .dwattr DW$CU, DW_AT_TI_VERSION(0x01)
      34                    
      35                    DW$1    .dwtag  DW_TAG_subprogram, DW_AT_name("GIO_control"), DW_AT_symbol_name("_GIO_control")
      36                            .dwattr DW$1, DW_AT_type(*DW$T$24)
      37                            .dwattr DW$1, DW_AT_declaration(0x01)
      38                            .dwattr DW$1, DW_AT_external(0x01)
      39                    DW$2    .dwtag  DW_TAG_formal_parameter, DW_AT_type(*DW$T$65)
      40                    DW$3    .dwtag  DW_TAG_formal_parameter, DW_AT_type(*DW$T$23)
      41                    DW$4    .dwtag  DW_TAG_formal_parameter, DW_AT_type(*DW$T$22)
      42                            .dwendtag DW$1
      43                    
      44                    
      45                    DW$5    .dwtag  DW_TAG_subprogram, DW_AT_name("GIO_create"), DW_AT_symbol_name("_GIO_create")
      46                            .dwattr DW$5, DW_AT_type(*DW$T$65)
      47                            .dwattr DW$5, DW_AT_declaration(0x01)
      48                            .dwattr DW$5, DW_AT_external(0x01)
      49                    DW$6    .dwtag  DW_TAG_formal_parameter, DW_AT_type(*DW$T$39)
      50                    DW$7    .dwtag  DW_TAG_formal_parameter, DW_AT_type(*DW$T$24)
      51                    DW$8    .dwtag  DW_TAG_formal_parameter, DW_AT_type(*DW$T$68)
      52                    DW$9    .dwtag  DW_TAG_formal_parameter, DW_AT_type(*DW$T$22)
      53                    DW$10   .dwtag  DW_TAG_formal_parameter, DW_AT_type(*DW$T$71)
      54                            .dwendtag DW$5
      55                    
TMS320C6x COFF Assembler PC v5.1.0 Thu Mar 10 14:36:06 2011

Tools Copyright (c) 1996-2005 Texas Instruments Incorporated
C:\DOCUME~1\ADMINI~1\LOCALS~1\Temp\TI7202                            PAGE    2

      56                    DW$11   .dwtag  DW_TAG_variable, DW_AT_name("EMB_vDisParamsChan"), DW_AT_symbol_name("_EMB_vDisParamsC
      57                            .dwattr DW$11, DW_AT_type(*DW$T$75)
      58                            .dwattr DW$11, DW_AT_declaration(0x01)
      59                            .dwattr DW$11, DW_AT_external(0x01)
      60 00000000           _disChan:       .usect  ".far",4,4
      61                    DW$12   .dwtag  DW_TAG_variable, DW_AT_name("disChan"), DW_AT_symbol_name("_disChan")
      62                            .dwattr DW$12, DW_AT_type(*DW$T$74)
      63                            .dwattr DW$12, DW_AT_location[DW_OP_addr _disChan]
      64                    ;       C:\CCStudio_v3.1\C6000\cgtools\bin\acp6x.exe -@C:\DOCUME~1\ADMINI~1\LOCALS~1\Temp\TI7204 
      65 00000000                   .sect   ".text"
      66                            .global _tskVideoOutputInit
      67                    
      68                    DW$13   .dwtag  DW_TAG_subprogram, DW_AT_name("tskVideoOutputInit"), DW_AT_symbol_name("_tskVideoOutpu
      69                            .dwattr DW$13, DW_AT_low_pc(_tskVideoOutputInit)
      70                            .dwattr DW$13, DW_AT_high_pc(0x00)
      71                            .dwattr DW$13, DW_AT_begin_file("VideoOutput.c")
      72                            .dwattr DW$13, DW_AT_begin_line(0x11)
      73                            .dwattr DW$13, DW_AT_begin_column(0x06)
      74                            .dwpsn  "VideoOutput.c",18,1
      75                    
      76                            .dwfde DW$CIE
      77                    
      78                    ;******************************************************************************
      79                    ;* FUNCTION NAME: _tskVideoOutputInit                                         *
      80                    ;*                                                                            *
      81                    ;*   Regs Modified     : A0,A1,A2,A3,A4,A5,A6,A7,A8,A9,B0,B1,B2,B3,B4,B5,B6,  *
      82                    ;*                           B7,B8,B9,SP,A16,A17,A18,A19,A20,A21,A22,A23,A24, *
      83                    ;*                           A25,A26,A27,A28,A29,A30,A31,B16,B17,B18,B19,B20, *
      84                    ;*                           B21,B22,B23,B24,B25,B26,B27,B28,B29,B30,B31      *
      85                    ;*   Regs Used         : A0,A1,A2,A3,A4,A5,A6,A7,A8,A9,B0,B1,B2,B3,B4,B5,B6,  *
      86                    ;*                           B7,B8,B9,SP,A16,A17,A18,A19,A20,A21,A22,A23,A24, *
      87                    ;*                           A25,A26,A27,A28,A29,A30,A31,B16,B17,B18,B19,B20, *
      88                    ;*                           B21,B22,B23,B24,B25,B26,B27,B28,B29,B30,B31      *
      89                    ;*   Local Frame Size  : 0 Args + 4 Auto + 4 Save = 8 byte                    *
      90                    ;******************************************************************************
      91                    _tskVideoOutputInit:
      92                    ;** --------------------------------------------------------------------------*
      93                            .dwcfa  0x0e, 0
      94                            .dwcfa  0x09, 126, 19
      95 00000000 01BC54F6             STW     .D2T2   B3,*SP--(8)       ; |18| 
      96 00000004 00002000             NOP             2
      97                            .dwcfa  0x0e, 8
      98                            .dwcfa  0x80, 19, 0
      99                    DW$14   .dwtag  DW_TAG_variable, DW_AT_name("status"), DW_AT_symbol_name("_status")
     100                            .dwattr DW$14, DW_AT_type(*DW$T$10)
     101                            .dwattr DW$14, DW_AT_location[DW_OP_breg31 4]
     102                            .dwpsn  "VideoOutput.c",21,5
     103 00000008 00000010!            CALL    .S1     _GIO_create       ; |21| 
     104 0000000c 01800028!            MVKL    .S1     _EMB_vDisParamsChan,A3 ; |21| 
     105 00000010 01800068!            MVKH    .S1     _EMB_vDisParamsChan,A3 ; |21| 
     106 00000014 02000028+            MVKL    .S1     SL1+0,A4          ; |21| 
     107 00000018 018C0162             ADDKPC  .S2     RL0,B3,0          ; |21| 
     108                    
     109 0000001c 030C1FDB             MV      .L2X    A3,B6             ; |21| 
     110 00000020 033C9059  ||         ADD     .L1X    4,SP,A6           ; |21| 
TMS320C6x COFF Assembler PC v5.1.0 Thu Mar 10 14:36:06 2011

Tools Copyright (c) 1996-2005 Texas Instruments Incorporated
C:\DOCUME~1\ADMINI~1\LOCALS~1\Temp\TI7202                            PAGE    3

     111 00000024 02000069+ ||         MVKH    .S1     SL1+0,A4          ; |21| 
     112 00000028 04000041  ||         ZERO    .D1     A8                ; |21| 
     113 0000002c 02004042  ||         MVK     .D2     0x2,B4            ; |21| 
     114                    
     115 00000030           RL0:       ; CALL OCCURS {_GIO_create}       ; |21| 
     116 00000030 0200002A-            MVKL    .S2     _disChan,B4       ; |21| 
     117 00000034 0200006A-            MVKH    .S2     _disChan,B4       ; |21| 
     118 00000038 021002F4             STW     .D2T1   A4,*B4            ; |21| 
     119 0000003c 00002000             NOP             2
     120                            .dwpsn  "VideoOutput.c",24,1
     121 00000040 01BC52E6             LDW     .D2T2   *++SP(8),B3       ; |24| 
     122 00000044 00006000             NOP             4
     123                            .dwcfa  0xc0, 19
     124                            .dwcfa  0x0e, 0
     125 00000048 008CA362             RETNOP  .S2     B3,5              ; |24| 
     126                               ; BRANCH OCCURS {B3}              ; |24| 
     127                            .dwattr DW$13, DW_AT_end_file("VideoOutput.c")
     128                            .dwattr DW$13, DW_AT_end_line(0x18)
     129                            .dwattr DW$13, DW_AT_end_column(0x01)
     130                            .dwendentry
     131                            .dwendtag DW$13
     132                    
     133 0000004c                   .sect   ".text"
     134                            .global _tskVideoOutputStart
     135                    
     136                    DW$15   .dwtag  DW_TAG_subprogram, DW_AT_name("tskVideoOutputStart"), DW_AT_symbol_name("_tskVideoOutp
     137                            .dwattr DW$15, DW_AT_low_pc(_tskVideoOutputStart)
     138                            .dwattr DW$15, DW_AT_high_pc(0x00)
     139                            .dwattr DW$15, DW_AT_begin_file("VideoOutput.c")
     140                            .dwattr DW$15, DW_AT_begin_line(0x1a)
     141                            .dwattr DW$15, DW_AT_begin_column(0x06)
     142                            .dwpsn  "VideoOutput.c",27,1
     143                    
     144                            .dwfde DW$CIE
     145                    
     146                    ;******************************************************************************
     147                    ;* FUNCTION NAME: _tskVideoOutputStart                                        *
     148                    ;*                                                                            *
     149                    ;*   Regs Modified     : A0,A1,A2,A3,A4,A5,A6,A7,A8,A9,B0,B1,B2,B3,B4,B5,B6,  *
     150                    ;*                           B7,B8,B9,SP,A16,A17,A18,A19,A20,A21,A22,A23,A24, *
     151                    ;*                           A25,A26,A27,A28,A29,A30,A31,B16,B17,B18,B19,B20, *
     152                    ;*                           B21,B22,B23,B24,B25,B26,B27,B28,B29,B30,B31      *
     153                    ;*   Regs Used         : A0,A1,A2,A3,A4,A5,A6,A7,A8,A9,B0,B1,B2,B3,B4,B5,B6,  *
     154                    ;*                           B7,B8,B9,SP,A16,A17,A18,A19,A20,A21,A22,A23,A24, *
     155                    ;*                           A25,A26,A27,A28,A29,A30,A31,B16,B17,B18,B19,B20, *
     156                    ;*                           B21,B22,B23,B24,B25,B26,B27,B28,B29,B30,B31      *
     157                    ;*   Local Frame Size  : 0 Args + 0 Auto + 4 Save = 4 byte                    *
     158                    ;******************************************************************************
     159                    _tskVideoOutputStart:
     160                    ;** --------------------------------------------------------------------------*
     161                            .dwcfa  0x0e, 0
     162                            .dwcfa  0x09, 126, 19
     163 0000004c 01BC54F6             STW     .D2T2   B3,*SP--(8)       ; |27| 
     164 00000050 00002000             NOP             2
     165                            .dwcfa  0x0e, 8
TMS320C6x COFF Assembler PC v5.1.0 Thu Mar 10 14:36:06 2011

Tools Copyright (c) 1996-2005 Texas Instruments Incorporated
C:\DOCUME~1\ADMINI~1\LOCALS~1\Temp\TI7202                            PAGE    4

     166                            .dwcfa  0x80, 19, 0
     167                            .dwpsn  "VideoOutput.c",28,5
     168 00000054 01800028-            MVKL    .S1     _disChan,A3       ; |28| 
     169                    
     170 00000058 0FFFF813!            CALL    .S2     _GIO_control      ; |28| 
     171 0000005c 01800068- ||         MVKH    .S1     _disChan,A3       ; |28| 
     172                    
     173 00000060 020C0264             LDW     .D1T1   *A3,A4            ; |28| 
     174 00000064 0200022A             MVKL    .S2     0x10000004,B4     ; |28| 
     175 00000068 0208006A             MVKH    .S2     0x10000004,B4     ; |28| 
     176 0000006c 01850162             ADDKPC  .S2     RL1,B3,0          ; |28| 
     177 00000070 0300A358             ZERO    .L1     A6                ; |28| 
     178                    RL1:       ; CALL OCCURS {_GIO_control}      ; |28| 
     179                            .dwpsn  "VideoOutput.c",29,1
     180 00000074 01BC52E6             LDW     .D2T2   *++SP(8),B3       ; |29| 
     181 00000078 00006000             NOP             4
     182                            .dwcfa  0xc0, 19
     183                            .dwcfa  0x0e, 0
     184 0000007c 008CA362             RETNOP  .S2     B3,5              ; |29| 
     185                               ; BRANCH OCCURS {B3}              ; |29| 
     186                            .dwattr DW$15, DW_AT_end_file("VideoOutput.c")
     187                            .dwattr DW$15, DW_AT_end_line(0x1d)
     188                            .dwattr DW$15, DW_AT_end_column(0x01)
     189                            .dwendentry
     190                            .dwendtag DW$15
     191                    
     192                    ;******************************************************************************
     193                    ;* STRINGS                                                                    *
     194                    ;******************************************************************************
     195 00000000                   .sect   ".const"
     196 00000000 0000002F  SL1:    .string "/VP2DISPLAY",0
         00000001 00000056 
         00000002 00000050 
         00000003 00000032 
         00000004 00000044 
         00000005 00000049 
         00000006 00000053 
         00000007 00000050 
         00000008 0000004C 
         00000009 00000041 
         0000000a 00000059 
         0000000b 00000000 
     197                    ;******************************************************************************
     198                    ;* UNDEFINED EXTERNAL REFERENCES                                              *
     199                    ;******************************************************************************
     200                            .global _GIO_control
     201                            .global _GIO_create
     202                            .global _EMB_vDisParamsChan
     203                    
     204                    ;******************************************************************************
     205                    ;* TYPE INFORMATION                                                           *
     206                    ;******************************************************************************
     207                    DW$T$22 .dwtag  DW_TAG_typedef, DW_AT_name("Ptr"), DW_AT_type(*DW$T$3)
     208                            .dwattr DW$T$22, DW_AT_language(DW_LANG_C)
     209                    
TMS320C6x COFF Assembler PC v5.1.0 Thu Mar 10 14:36:06 2011

Tools Copyright (c) 1996-2005 Texas Instruments Incorporated
C:\DOCUME~1\ADMINI~1\LOCALS~1\Temp\TI7202                            PAGE    5

     210                    DW$T$63 .dwtag  DW_TAG_subroutine_type
     211                            .dwattr DW$T$63, DW_AT_language(DW_LANG_C)
     212                    DW$T$10 .dwtag  DW_TAG_base_type, DW_AT_name("int")
     213                            .dwattr DW$T$10, DW_AT_encoding(DW_ATE_signed)
     214                            .dwattr DW$T$10, DW_AT_byte_size(0x04)
     215                    DW$T$24 .dwtag  DW_TAG_typedef, DW_AT_name("Int"), DW_AT_type(*DW$T$10)
     216                            .dwattr DW$T$24, DW_AT_language(DW_LANG_C)
     217                    
     218                    DW$T$66 .dwtag  DW_TAG_subroutine_type, DW_AT_type(*DW$T$24)
     219                            .dwattr DW$T$66, DW_AT_language(DW_LANG_C)
     220                    DW$16   .dwtag  DW_TAG_formal_parameter, DW_AT_type(*DW$T$65)
     221                    DW$17   .dwtag  DW_TAG_formal_parameter, DW_AT_type(*DW$T$23)
     222                    DW$18   .dwtag  DW_TAG_formal_parameter, DW_AT_type(*DW$T$22)
     223                            .dwendtag DW$T$66
     224                    
     225                    DW$T$68 .dwtag  DW_TAG_pointer_type, DW_AT_type(*DW$T$24)
     226                            .dwattr DW$T$68, DW_AT_address_class(0x20)
     227                    DW$T$23 .dwtag  DW_TAG_typedef, DW_AT_name("Uns"), DW_AT_type(*DW$T$11)
     228                            .dwattr DW$T$23, DW_AT_language(DW_LANG_C)
     229                    DW$T$39 .dwtag  DW_TAG_typedef, DW_AT_name("String"), DW_AT_type(*DW$T$38)
     230                            .dwattr DW$T$39, DW_AT_language(DW_LANG_C)
     231                    DW$T$65 .dwtag  DW_TAG_typedef, DW_AT_name("GIO_Handle"), DW_AT_type(*DW$T$64)
     232                            .dwattr DW$T$65, DW_AT_language(DW_LANG_C)
     233                    
     234                    DW$T$72 .dwtag  DW_TAG_subroutine_type, DW_AT_type(*DW$T$65)
     235                            .dwattr DW$T$72, DW_AT_language(DW_LANG_C)
     236                    DW$19   .dwtag  DW_TAG_formal_parameter, DW_AT_type(*DW$T$39)
     237                    DW$20   .dwtag  DW_TAG_formal_parameter, DW_AT_type(*DW$T$24)
     238                    DW$21   .dwtag  DW_TAG_formal_parameter, DW_AT_type(*DW$T$68)
     239                    DW$22   .dwtag  DW_TAG_formal_parameter, DW_AT_type(*DW$T$22)
     240                    DW$23   .dwtag  DW_TAG_formal_parameter, DW_AT_type(*DW$T$71)
     241                            .dwendtag DW$T$72
     242                    
     243                    DW$T$74 .dwtag  DW_TAG_typedef, DW_AT_name("FVID_Handle"), DW_AT_type(*DW$T$65)
     244                            .dwattr DW$T$74, DW_AT_language(DW_LANG_C)
     245                    DW$T$71 .dwtag  DW_TAG_pointer_type, DW_AT_type(*DW$T$70)
     246                            .dwattr DW$T$71, DW_AT_address_class(0x20)
     247                    DW$T$75 .dwtag  DW_TAG_typedef, DW_AT_name("VPORTDIS_Params"), DW_AT_type(*DW$T$62)
     248                            .dwattr DW$T$75, DW_AT_language(DW_LANG_C)
     249                    DW$T$3  .dwtag  DW_TAG_pointer_type
     250                            .dwattr DW$T$3, DW_AT_address_class(0x20)
     251                    DW$T$11 .dwtag  DW_TAG_base_type, DW_AT_name("unsigned int")
     252                            .dwattr DW$T$11, DW_AT_encoding(DW_ATE_unsigned)
     253                            .dwattr DW$T$11, DW_AT_byte_size(0x04)
     254                    DW$T$38 .dwtag  DW_TAG_pointer_type, DW_AT_type(*DW$T$37)
     255                            .dwattr DW$T$38, DW_AT_address_class(0x20)
     256                    DW$T$64 .dwtag  DW_TAG_pointer_type, DW_AT_type(*DW$T$57)
     257                            .dwattr DW$T$64, DW_AT_address_class(0x20)
     258                    DW$T$70 .dwtag  DW_TAG_typedef, DW_AT_name("GIO_Attrs"), DW_AT_type(*DW$T$58)
     259                            .dwattr DW$T$70, DW_AT_language(DW_LANG_C)
     260                    
     261                    DW$T$62 .dwtag  DW_TAG_structure_type
     262                            .dwattr DW$T$62, DW_AT_byte_size(0x90)
     263                    DW$24   .dwtag  DW_TAG_member, DW_AT_type(*DW$T$24)
     264                            .dwattr DW$24, DW_AT_name("dmode"), DW_AT_symbol_name("_dmode")
TMS320C6x COFF Assembler PC v5.1.0 Thu Mar 10 14:36:06 2011

Tools Copyright (c) 1996-2005 Texas Instruments Incorporated
C:\DOCUME~1\ADMINI~1\LOCALS~1\Temp\TI7202                            PAGE    6

     265                            .dwattr DW$24, DW_AT_data_member_location[DW_OP_plus_uconst 0x0]
     266                            .dwattr DW$24, DW_AT_accessibility(DW_ACCESS_public)
     267                    DW$25   .dwtag  DW_TAG_member, DW_AT_type(*DW$T$24)
     268                            .dwattr DW$25, DW_AT_name("fldOp"), DW_AT_symbol_name("_fldOp")
     269                            .dwattr DW$25, DW_AT_data_member_location[DW_OP_plus_uconst 0x4]
     270                            .dwattr DW$25, DW_AT_accessibility(DW_ACCESS_public)
     271                    DW$26   .dwtag  DW_TAG_member, DW_AT_type(*DW$T$24)
     272                            .dwattr DW$26, DW_AT_name("scale"), DW_AT_symbol_name("_scale")
     273                            .dwattr DW$26, DW_AT_data_member_location[DW_OP_plus_uconst 0x8]
     274                            .dwattr DW$26, DW_AT_accessibility(DW_ACCESS_public)
     275                    DW$27   .dwtag  DW_TAG_member, DW_AT_type(*DW$T$24)
     276                            .dwattr DW$27, DW_AT_name("resmpl"), DW_AT_symbol_name("_resmpl")
     277                            .dwattr DW$27, DW_AT_data_member_location[DW_OP_plus_uconst 0xc]
     278                            .dwattr DW$27, DW_AT_accessibility(DW_ACCESS_public)
     279                    DW$28   .dwtag  DW_TAG_member, DW_AT_type(*DW$T$24)
     280                            .dwattr DW$28, DW_AT_name("defValEn"), DW_AT_symbol_name("_defValEn")
     281                            .dwattr DW$28, DW_AT_data_member_location[DW_OP_plus_uconst 0x10]
     282                            .dwattr DW$28, DW_AT_accessibility(DW_ACCESS_public)
     283                    DW$29   .dwtag  DW_TAG_member, DW_AT_type(*DW$T$24)
     284                            .dwattr DW$29, DW_AT_name("bpk10Bit"), DW_AT_symbol_name("_bpk10Bit")
     285                            .dwattr DW$29, DW_AT_data_member_location[DW_OP_plus_uconst 0x14]
     286                            .dwattr DW$29, DW_AT_accessibility(DW_ACCESS_public)
     287                    DW$30   .dwtag  DW_TAG_member, DW_AT_type(*DW$T$24)
     288                            .dwattr DW$30, DW_AT_name("vctl1Config"), DW_AT_symbol_name("_vctl1Config")
     289                            .dwattr DW$30, DW_AT_data_member_location[DW_OP_plus_uconst 0x18]
     290                            .dwattr DW$30, DW_AT_accessibility(DW_ACCESS_public)
     291                    DW$31   .dwtag  DW_TAG_member, DW_AT_type(*DW$T$24)
     292                            .dwattr DW$31, DW_AT_name("vctl2Config"), DW_AT_symbol_name("_vctl2Config")
     293                            .dwattr DW$31, DW_AT_data_member_location[DW_OP_plus_uconst 0x1c]
     294                            .dwattr DW$31, DW_AT_accessibility(DW_ACCESS_public)
     295                    DW$32   .dwtag  DW_TAG_member, DW_AT_type(*DW$T$24)
     296                            .dwattr DW$32, DW_AT_name("vctl3Config"), DW_AT_symbol_name("_vctl3Config")
     297                            .dwattr DW$32, DW_AT_data_member_location[DW_OP_plus_uconst 0x20]
     298                            .dwattr DW$32, DW_AT_accessibility(DW_ACCESS_public)
     299                    DW$33   .dwtag  DW_TAG_member, DW_AT_type(*DW$T$24)
     300                            .dwattr DW$33, DW_AT_name("extCtl"), DW_AT_symbol_name("_extCtl")
     301                            .dwattr DW$33, DW_AT_data_member_location[DW_OP_plus_uconst 0x24]
     302                            .dwattr DW$33, DW_AT_accessibility(DW_ACCESS_public)
     303                    DW$34   .dwtag  DW_TAG_member, DW_AT_type(*DW$T$59)
     304                            .dwattr DW$34, DW_AT_name("frmHSize"), DW_AT_symbol_name("_frmHSize")
     305                            .dwattr DW$34, DW_AT_data_member_location[DW_OP_plus_uconst 0x28]
     306                            .dwattr DW$34, DW_AT_accessibility(DW_ACCESS_public)
     307                    DW$35   .dwtag  DW_TAG_member, DW_AT_type(*DW$T$59)
     308                            .dwattr DW$35, DW_AT_name("frmVSize"), DW_AT_symbol_name("_frmVSize")
     309                            .dwattr DW$35, DW_AT_data_member_location[DW_OP_plus_uconst 0x2a]
     310                            .dwattr DW$35, DW_AT_accessibility(DW_ACCESS_public)
     311                    DW$36   .dwtag  DW_TAG_member, DW_AT_type(*DW$T$60)
     312                            .dwattr DW$36, DW_AT_name("imgHOffsetFld1"), DW_AT_symbol_name("_imgHOffsetFld1")
     313                            .dwattr DW$36, DW_AT_data_member_location[DW_OP_plus_uconst 0x2c]
     314                            .dwattr DW$36, DW_AT_accessibility(DW_ACCESS_public)
     315                    DW$37   .dwtag  DW_TAG_member, DW_AT_type(*DW$T$60)
     316                            .dwattr DW$37, DW_AT_name("imgVOffsetFld1"), DW_AT_symbol_name("_imgVOffsetFld1")
     317                            .dwattr DW$37, DW_AT_data_member_location[DW_OP_plus_uconst 0x2e]
     318                            .dwattr DW$37, DW_AT_accessibility(DW_ACCESS_public)
     319                    DW$38   .dwtag  DW_TAG_member, DW_AT_type(*DW$T$59)
TMS320C6x COFF Assembler PC v5.1.0 Thu Mar 10 14:36:06 2011

Tools Copyright (c) 1996-2005 Texas Instruments Incorporated
C:\DOCUME~1\ADMINI~1\LOCALS~1\Temp\TI7202                            PAGE    7

     320                            .dwattr DW$38, DW_AT_name("imgHSizeFld1"), DW_AT_symbol_name("_imgHSizeFld1")
     321                            .dwattr DW$38, DW_AT_data_member_location[DW_OP_plus_uconst 0x30]
     322                            .dwattr DW$38, DW_AT_accessibility(DW_ACCESS_public)
     323                    DW$39   .dwtag  DW_TAG_member, DW_AT_type(*DW$T$59)
     324                            .dwattr DW$39, DW_AT_name("imgVSizeFld1"), DW_AT_symbol_name("_imgVSizeFld1")
     325                            .dwattr DW$39, DW_AT_data_member_location[DW_OP_plus_uconst 0x32]
     326                            .dwattr DW$39, DW_AT_accessibility(DW_ACCESS_public)
     327                    DW$40   .dwtag  DW_TAG_member, DW_AT_type(*DW$T$60)
     328                            .dwattr DW$40, DW_AT_name("imgHOffsetFld2"), DW_AT_symbol_name("_imgHOffsetFld2")
     329                            .dwattr DW$40, DW_AT_data_member_location[DW_OP_plus_uconst 0x34]
     330                            .dwattr DW$40, DW_AT_accessibility(DW_ACCESS_public)
     331                    DW$41   .dwtag  DW_TAG_member, DW_AT_type(*DW$T$60)
     332                            .dwattr DW$41, DW_AT_name("imgVOffsetFld2"), DW_AT_symbol_name("_imgVOffsetFld2")
     333                            .dwattr DW$41, DW_AT_data_member_location[DW_OP_plus_uconst 0x36]
     334                            .dwattr DW$41, DW_AT_accessibility(DW_ACCESS_public)
     335                    DW$42   .dwtag  DW_TAG_member, DW_AT_type(*DW$T$59)
     336                            .dwattr DW$42, DW_AT_name("imgHSizeFld2"), DW_AT_symbol_name("_imgHSizeFld2")
     337                            .dwattr DW$42, DW_AT_data_member_location[DW_OP_plus_uconst 0x38]
     338                            .dwattr DW$42, DW_AT_accessibility(DW_ACCESS_public)
     339                    DW$43   .dwtag  DW_TAG_member, DW_AT_type(*DW$T$59)
     340                            .dwattr DW$43, DW_AT_name("imgVSizeFld2"), DW_AT_symbol_name("_imgVSizeFld2")
     341                            .dwattr DW$43, DW_AT_data_member_location[DW_OP_plus_uconst 0x3a]
     342                            .dwattr DW$43, DW_AT_accessibility(DW_ACCESS_public)
     343                    DW$44   .dwtag  DW_TAG_member, DW_AT_type(*DW$T$59)
     344                            .dwattr DW$44, DW_AT_name("hBlnkStart"), DW_AT_symbol_name("_hBlnkStart")
     345                            .dwattr DW$44, DW_AT_data_member_location[DW_OP_plus_uconst 0x3c]
     346                            .dwattr DW$44, DW_AT_accessibility(DW_ACCESS_public)
     347                    DW$45   .dwtag  DW_TAG_member, DW_AT_type(*DW$T$59)
     348                            .dwattr DW$45, DW_AT_name("hBlnkStop"), DW_AT_symbol_name("_hBlnkStop")
     349                            .dwattr DW$45, DW_AT_data_member_location[DW_OP_plus_uconst 0x3e]
     350                            .dwattr DW$45, DW_AT_accessibility(DW_ACCESS_public)
     351                    DW$46   .dwtag  DW_TAG_member, DW_AT_type(*DW$T$59)
     352                            .dwattr DW$46, DW_AT_name("vBlnkXStartFld1"), DW_AT_symbol_name("_vBlnkXStartFld1")
     353                            .dwattr DW$46, DW_AT_data_member_location[DW_OP_plus_uconst 0x40]
     354                            .dwattr DW$46, DW_AT_accessibility(DW_ACCESS_public)
     355                    DW$47   .dwtag  DW_TAG_member, DW_AT_type(*DW$T$59)
     356                            .dwattr DW$47, DW_AT_name("vBlnkYStartFld1"), DW_AT_symbol_name("_vBlnkYStartFld1")
     357                            .dwattr DW$47, DW_AT_data_member_location[DW_OP_plus_uconst 0x42]
     358                            .dwattr DW$47, DW_AT_accessibility(DW_ACCESS_public)
     359                    DW$48   .dwtag  DW_TAG_member, DW_AT_type(*DW$T$59)
     360                            .dwattr DW$48, DW_AT_name("vBlnkXStopFld1"), DW_AT_symbol_name("_vBlnkXStopFld1")
     361                            .dwattr DW$48, DW_AT_data_member_location[DW_OP_plus_uconst 0x44]
     362                            .dwattr DW$48, DW_AT_accessibility(DW_ACCESS_public)
     363                    DW$49   .dwtag  DW_TAG_member, DW_AT_type(*DW$T$59)
     364                            .dwattr DW$49, DW_AT_name("vBlnkYStopFld1"), DW_AT_symbol_name("_vBlnkYStopFld1")
     365                            .dwattr DW$49, DW_AT_data_member_location[DW_OP_plus_uconst 0x46]
     366                            .dwattr DW$49, DW_AT_accessibility(DW_ACCESS_public)
     367                    DW$50   .dwtag  DW_TAG_member, DW_AT_type(*DW$T$59)
     368                            .dwattr DW$50, DW_AT_name("vBlnkXStartFld2"), DW_AT_symbol_name("_vBlnkXStartFld2")
     369                            .dwattr DW$50, DW_AT_data_member_location[DW_OP_plus_uconst 0x48]
     370                            .dwattr DW$50, DW_AT_accessibility(DW_ACCESS_public)
     371                    DW$51   .dwtag  DW_TAG_member, DW_AT_type(*DW$T$59)
     372                            .dwattr DW$51, DW_AT_name("vBlnkYStartFld2"), DW_AT_symbol_name("_vBlnkYStartFld2")
     373                            .dwattr DW$51, DW_AT_data_member_location[DW_OP_plus_uconst 0x4a]
     374                            .dwattr DW$51, DW_AT_accessibility(DW_ACCESS_public)
TMS320C6x COFF Assembler PC v5.1.0 Thu Mar 10 14:36:06 2011

Tools Copyright (c) 1996-2005 Texas Instruments Incorporated
C:\DOCUME~1\ADMINI~1\LOCALS~1\Temp\TI7202                            PAGE    8

     375                    DW$52   .dwtag  DW_TAG_member, DW_AT_type(*DW$T$59)
     376                            .dwattr DW$52, DW_AT_name("vBlnkXStopFld2"), DW_AT_symbol_name("_vBlnkXStopFld2")
     377                            .dwattr DW$52, DW_AT_data_member_location[DW_OP_plus_uconst 0x4c]
     378                            .dwattr DW$52, DW_AT_accessibility(DW_ACCESS_public)
     379                    DW$53   .dwtag  DW_TAG_member, DW_AT_type(*DW$T$59)
     380                            .dwattr DW$53, DW_AT_name("vBlnkYStopFld2"), DW_AT_symbol_name("_vBlnkYStopFld2")
     381                            .dwattr DW$53, DW_AT_data_member_location[DW_OP_plus_uconst 0x4e]
     382                            .dwattr DW$53, DW_AT_accessibility(DW_ACCESS_public)
     383                    DW$54   .dwtag  DW_TAG_member, DW_AT_type(*DW$T$59)
     384                            .dwattr DW$54, DW_AT_name("xStartFld1"), DW_AT_symbol_name("_xStartFld1")
     385                            .dwattr DW$54, DW_AT_data_member_location[DW_OP_plus_uconst 0x50]
     386                            .dwattr DW$54, DW_AT_accessibility(DW_ACCESS_public)
     387                    DW$55   .dwtag  DW_TAG_member, DW_AT_type(*DW$T$59)
     388                            .dwattr DW$55, DW_AT_name("yStartFld1"), DW_AT_symbol_name("_yStartFld1")
     389                            .dwattr DW$55, DW_AT_data_member_location[DW_OP_plus_uconst 0x52]
     390                            .dwattr DW$55, DW_AT_accessibility(DW_ACCESS_public)
     391                    DW$56   .dwtag  DW_TAG_member, DW_AT_type(*DW$T$59)
     392                            .dwattr DW$56, DW_AT_name("xStartFld2"), DW_AT_symbol_name("_xStartFld2")
     393                            .dwattr DW$56, DW_AT_data_member_location[DW_OP_plus_uconst 0x54]
     394                            .dwattr DW$56, DW_AT_accessibility(DW_ACCESS_public)
     395                    DW$57   .dwtag  DW_TAG_member, DW_AT_type(*DW$T$59)
     396                            .dwattr DW$57, DW_AT_name("yStartFld2"), DW_AT_symbol_name("_yStartFld2")
     397                            .dwattr DW$57, DW_AT_data_member_location[DW_OP_plus_uconst 0x56]
     398                            .dwattr DW$57, DW_AT_accessibility(DW_ACCESS_public)
     399                    DW$58   .dwtag  DW_TAG_member, DW_AT_type(*DW$T$59)
     400                            .dwattr DW$58, DW_AT_name("hSyncStart"), DW_AT_symbol_name("_hSyncStart")
     401                            .dwattr DW$58, DW_AT_data_member_location[DW_OP_plus_uconst 0x58]
     402                            .dwattr DW$58, DW_AT_accessibility(DW_ACCESS_public)
     403                    DW$59   .dwtag  DW_TAG_member, DW_AT_type(*DW$T$59)
     404                            .dwattr DW$59, DW_AT_name("hSyncStop"), DW_AT_symbol_name("_hSyncStop")
     405                            .dwattr DW$59, DW_AT_data_member_location[DW_OP_plus_uconst 0x5a]
     406                            .dwattr DW$59, DW_AT_accessibility(DW_ACCESS_public)
     407                    DW$60   .dwtag  DW_TAG_member, DW_AT_type(*DW$T$59)
     408                            .dwattr DW$60, DW_AT_name("vSyncXStartFld1"), DW_AT_symbol_name("_vSyncXStartFld1")
     409                            .dwattr DW$60, DW_AT_data_member_location[DW_OP_plus_uconst 0x5c]
     410                            .dwattr DW$60, DW_AT_accessibility(DW_ACCESS_public)
     411                    DW$61   .dwtag  DW_TAG_member, DW_AT_type(*DW$T$59)
     412                            .dwattr DW$61, DW_AT_name("vSyncYStartFld1"), DW_AT_symbol_name("_vSyncYStartFld1")
     413                            .dwattr DW$61, DW_AT_data_member_location[DW_OP_plus_uconst 0x5e]
     414                            .dwattr DW$61, DW_AT_accessibility(DW_ACCESS_public)
     415                    DW$62   .dwtag  DW_TAG_member, DW_AT_type(*DW$T$59)
     416                            .dwattr DW$62, DW_AT_name("vSyncXStopFld1"), DW_AT_symbol_name("_vSyncXStopFld1")
     417                            .dwattr DW$62, DW_AT_data_member_location[DW_OP_plus_uconst 0x60]
     418                            .dwattr DW$62, DW_AT_accessibility(DW_ACCESS_public)
     419                    DW$63   .dwtag  DW_TAG_member, DW_AT_type(*DW$T$59)
     420                            .dwattr DW$63, DW_AT_name("vSyncYStopFld1"), DW_AT_symbol_name("_vSyncYStopFld1")
     421                            .dwattr DW$63, DW_AT_data_member_location[DW_OP_plus_uconst 0x62]
     422                            .dwattr DW$63, DW_AT_accessibility(DW_ACCESS_public)
     423                    DW$64   .dwtag  DW_TAG_member, DW_AT_type(*DW$T$59)
     424                            .dwattr DW$64, DW_AT_name("vSyncXStartFld2"), DW_AT_symbol_name("_vSyncXStartFld2")
     425                            .dwattr DW$64, DW_AT_data_member_location[DW_OP_plus_uconst 0x64]
     426                            .dwattr DW$64, DW_AT_accessibility(DW_ACCESS_public)
     427                    DW$65   .dwtag  DW_TAG_member, DW_AT_type(*DW$T$59)
     428                            .dwattr DW$65, DW_AT_name("vSyncYStartFld2"), DW_AT_symbol_name("_vSyncYStartFld2")
     429                            .dwattr DW$65, DW_AT_data_member_location[DW_OP_plus_uconst 0x66]
TMS320C6x COFF Assembler PC v5.1.0 Thu Mar 10 14:36:06 2011

Tools Copyright (c) 1996-2005 Texas Instruments Incorporated
C:\DOCUME~1\ADMINI~1\LOCALS~1\Temp\TI7202                            PAGE    9

     430                            .dwattr DW$65, DW_AT_accessibility(DW_ACCESS_public)
     431                    DW$66   .dwtag  DW_TAG_member, DW_AT_type(*DW$T$59)
     432                            .dwattr DW$66, DW_AT_name("vSyncXStopFld2"), DW_AT_symbol_name("_vSyncXStopFld2")
     433                            .dwattr DW$66, DW_AT_data_member_location[DW_OP_plus_uconst 0x68]
     434                            .dwattr DW$66, DW_AT_accessibility(DW_ACCESS_public)
     435                    DW$67   .dwtag  DW_TAG_member, DW_AT_type(*DW$T$59)
     436                            .dwattr DW$67, DW_AT_name("vSyncYStopFld2"), DW_AT_symbol_name("_vSyncYStopFld2")
     437                            .dwattr DW$67, DW_AT_data_member_location[DW_OP_plus_uconst 0x6a]
     438                            .dwattr DW$67, DW_AT_accessibility(DW_ACCESS_public)
     439                    DW$68   .dwtag  DW_TAG_member, DW_AT_type(*DW$T$61)
     440                            .dwattr DW$68, DW_AT_name("yClipLow"), DW_AT_symbol_name("_yClipLow")
     441                            .dwattr DW$68, DW_AT_data_member_location[DW_OP_plus_uconst 0x6c]
     442                            .dwattr DW$68, DW_AT_accessibility(DW_ACCESS_public)
     443                    DW$69   .dwtag  DW_TAG_member, DW_AT_type(*DW$T$61)
     444                            .dwattr DW$69, DW_AT_name("yClipHigh"), DW_AT_symbol_name("_yClipHigh")
     445                            .dwattr DW$69, DW_AT_data_member_location[DW_OP_plus_uconst 0x6d]
     446                            .dwattr DW$69, DW_AT_accessibility(DW_ACCESS_public)
     447                    DW$70   .dwtag  DW_TAG_member, DW_AT_type(*DW$T$61)
     448                            .dwattr DW$70, DW_AT_name("cClipLow"), DW_AT_symbol_name("_cClipLow")
     449                            .dwattr DW$70, DW_AT_data_member_location[DW_OP_plus_uconst 0x6e]
     450                            .dwattr DW$70, DW_AT_accessibility(DW_ACCESS_public)
     451                    DW$71   .dwtag  DW_TAG_member, DW_AT_type(*DW$T$61)
     452                            .dwattr DW$71, DW_AT_name("cClipHigh"), DW_AT_symbol_name("_cClipHigh")
     453                            .dwattr DW$71, DW_AT_data_member_location[DW_OP_plus_uconst 0x6f]
     454                            .dwattr DW$71, DW_AT_accessibility(DW_ACCESS_public)
     455                    DW$72   .dwtag  DW_TAG_member, DW_AT_type(*DW$T$61)
     456                            .dwattr DW$72, DW_AT_name("yDefVal"), DW_AT_symbol_name("_yDefVal")
     457                            .dwattr DW$72, DW_AT_data_member_location[DW_OP_plus_uconst 0x70]
     458                            .dwattr DW$72, DW_AT_accessibility(DW_ACCESS_public)
     459                    DW$73   .dwtag  DW_TAG_member, DW_AT_type(*DW$T$61)
     460                            .dwattr DW$73, DW_AT_name("cbDefVal"), DW_AT_symbol_name("_cbDefVal")
     461                            .dwattr DW$73, DW_AT_data_member_location[DW_OP_plus_uconst 0x71]
     462                            .dwattr DW$73, DW_AT_accessibility(DW_ACCESS_public)
     463                    DW$74   .dwtag  DW_TAG_member, DW_AT_type(*DW$T$61)
     464                            .dwattr DW$74, DW_AT_name("crDefVal"), DW_AT_symbol_name("_crDefVal")
     465                            .dwattr DW$74, DW_AT_data_member_location[DW_OP_plus_uconst 0x72]
     466                            .dwattr DW$74, DW_AT_accessibility(DW_ACCESS_public)
     467                    DW$75   .dwtag  DW_TAG_member, DW_AT_type(*DW$T$24)
     468                            .dwattr DW$75, DW_AT_name("rgbX"), DW_AT_symbol_name("_rgbX")
     469                            .dwattr DW$75, DW_AT_data_member_location[DW_OP_plus_uconst 0x74]
     470                            .dwattr DW$75, DW_AT_accessibility(DW_ACCESS_public)
     471                    DW$76   .dwtag  DW_TAG_member, DW_AT_type(*DW$T$24)
     472                            .dwattr DW$76, DW_AT_name("incPix"), DW_AT_symbol_name("_incPix")
     473                            .dwattr DW$76, DW_AT_data_member_location[DW_OP_plus_uconst 0x78]
     474                            .dwattr DW$76, DW_AT_accessibility(DW_ACCESS_public)
     475                    DW$77   .dwtag  DW_TAG_member, DW_AT_type(*DW$T$59)
     476                            .dwattr DW$77, DW_AT_name("thrld"), DW_AT_symbol_name("_thrld")
     477                            .dwattr DW$77, DW_AT_data_member_location[DW_OP_plus_uconst 0x7c]
     478                            .dwattr DW$77, DW_AT_accessibility(DW_ACCESS_public)
     479                    DW$78   .dwtag  DW_TAG_member, DW_AT_type(*DW$T$3)
     480                            .dwattr DW$78, DW_AT_name("buf_addr"), DW_AT_symbol_name("_buf_addr")
     481                            .dwattr DW$78, DW_AT_data_member_location[DW_OP_plus_uconst 0x80]
     482                            .dwattr DW$78, DW_AT_accessibility(DW_ACCESS_public)
     483                    DW$79   .dwtag  DW_TAG_member, DW_AT_type(*DW$T$24)
     484                            .dwattr DW$79, DW_AT_name("mergeFlds"), DW_AT_symbol_name("_mergeFlds")
TMS320C6x COFF Assembler PC v5.1.0 Thu Mar 10 14:36:06 2011

Tools Copyright (c) 1996-2005 Texas Instruments Incorporated
C:\DOCUME~1\ADMINI~1\LOCALS~1\Temp\TI7202                            PAGE   10

     485                            .dwattr DW$79, DW_AT_data_member_location[DW_OP_plus_uconst 0x84]
     486                            .dwattr DW$79, DW_AT_accessibility(DW_ACCESS_public)
     487                    DW$80   .dwtag  DW_TAG_member, DW_AT_type(*DW$T$24)
     488                            .dwattr DW$80, DW_AT_name("edmaPri"), DW_AT_symbol_name("_edmaPri")
     489                            .dwattr DW$80, DW_AT_data_member_location[DW_OP_plus_uconst 0x88]
     490                            .dwattr DW$80, DW_AT_accessibility(DW_ACCESS_public)
     491                    DW$81   .dwtag  DW_TAG_member, DW_AT_type(*DW$T$24)
     492                            .dwattr DW$81, DW_AT_name("irqId"), DW_AT_symbol_name("_irqId")
     493                            .dwattr DW$81, DW_AT_data_member_location[DW_OP_plus_uconst 0x8c]
     494                            .dwattr DW$81, DW_AT_accessibility(DW_ACCESS_public)
     495                            .dwendtag DW$T$62
     496                    
     497                    DW$T$61 .dwtag  DW_TAG_typedef, DW_AT_name("Uint8"), DW_AT_type(*DW$T$6)
     498                            .dwattr DW$T$61, DW_AT_language(DW_LANG_C)
     499                    DW$T$60 .dwtag  DW_TAG_typedef, DW_AT_name("Int16"), DW_AT_type(*DW$T$8)
     500                            .dwattr DW$T$60, DW_AT_language(DW_LANG_C)
     501                    DW$T$59 .dwtag  DW_TAG_typedef, DW_AT_name("Uint16"), DW_AT_type(*DW$T$9)
     502                            .dwattr DW$T$59, DW_AT_language(DW_LANG_C)
     503                    DW$T$37 .dwtag  DW_TAG_base_type, DW_AT_name("signed char")
     504                            .dwattr DW$T$37, DW_AT_encoding(DW_ATE_signed_char)
     505                            .dwattr DW$T$37, DW_AT_byte_size(0x01)
     506                    
     507                    DW$T$57 .dwtag  DW_TAG_structure_type
     508                            .dwattr DW$T$57, DW_AT_name("GIO_Obj")
     509                            .dwattr DW$T$57, DW_AT_byte_size(0x3c)
     510                    DW$82   .dwtag  DW_TAG_member, DW_AT_type(*DW$T$55)
     511                            .dwattr DW$82, DW_AT_name("fxns"), DW_AT_symbol_name("_fxns")
     512                            .dwattr DW$82, DW_AT_data_member_location[DW_OP_plus_uconst 0x0]
     513                            .dwattr DW$82, DW_AT_accessibility(DW_ACCESS_public)
     514                    DW$83   .dwtag  DW_TAG_member, DW_AT_type(*DW$T$23)
     515                            .dwattr DW$83, DW_AT_name("mode"), DW_AT_symbol_name("_mode")
     516                            .dwattr DW$83, DW_AT_data_member_location[DW_OP_plus_uconst 0x4]
     517                            .dwattr DW$83, DW_AT_accessibility(DW_ACCESS_public)
     518                    DW$84   .dwtag  DW_TAG_member, DW_AT_type(*DW$T$23)
     519                            .dwattr DW$84, DW_AT_name("timeout"), DW_AT_symbol_name("_timeout")
     520                            .dwattr DW$84, DW_AT_data_member_location[DW_OP_plus_uconst 0x8]
     521                            .dwattr DW$84, DW_AT_accessibility(DW_ACCESS_public)
     522                    DW$85   .dwtag  DW_TAG_member, DW_AT_type(*DW$T$41)
     523                            .dwattr DW$85, DW_AT_name("syncPacket"), DW_AT_symbol_name("_syncPacket")
     524                            .dwattr DW$85, DW_AT_data_member_location[DW_OP_plus_uconst 0xc]
     525                            .dwattr DW$85, DW_AT_accessibility(DW_ACCESS_public)
     526                    DW$86   .dwtag  DW_TAG_member, DW_AT_type(*DW$T$56)
     527                            .dwattr DW$86, DW_AT_name("freeList"), DW_AT_symbol_name("_freeList")
     528                            .dwattr DW$86, DW_AT_data_member_location[DW_OP_plus_uconst 0x2c]
     529                            .dwattr DW$86, DW_AT_accessibility(DW_ACCESS_public)
     530                    DW$87   .dwtag  DW_TAG_member, DW_AT_type(*DW$T$22)
     531                            .dwattr DW$87, DW_AT_name("syncObj"), DW_AT_symbol_name("_syncObj")
     532                            .dwattr DW$87, DW_AT_data_member_location[DW_OP_plus_uconst 0x34]
     533                            .dwattr DW$87, DW_AT_accessibility(DW_ACCESS_public)
     534                    DW$88   .dwtag  DW_TAG_member, DW_AT_type(*DW$T$22)
     535                            .dwattr DW$88, DW_AT_name("mdChan"), DW_AT_symbol_name("_mdChan")
     536                            .dwattr DW$88, DW_AT_data_member_location[DW_OP_plus_uconst 0x38]
     537                            .dwattr DW$88, DW_AT_accessibility(DW_ACCESS_public)
     538                            .dwendtag DW$T$57
     539                    
TMS320C6x COFF Assembler PC v5.1.0 Thu Mar 10 14:36:06 2011

Tools Copyright (c) 1996-2005 Texas Instruments Incorporated
C:\DOCUME~1\ADMINI~1\LOCALS~1\Temp\TI7202                            PAGE   11

     540                    
     541                    DW$T$58 .dwtag  DW_TAG_structure_type
     542                            .dwattr DW$T$58, DW_AT_name("GIO_Attrs")
     543                            .dwattr DW$T$58, DW_AT_byte_size(0x08)
     544                    DW$89   .dwtag  DW_TAG_member, DW_AT_type(*DW$T$24)
     545                            .dwattr DW$89, DW_AT_name("nPackets"), DW_AT_symbol_name("_nPackets")
     546                            .dwattr DW$89, DW_AT_data_member_location[DW_OP_plus_uconst 0x0]
     547                            .dwattr DW$89, DW_AT_accessibility(DW_ACCESS_public)
     548                    DW$90   .dwtag  DW_TAG_member, DW_AT_type(*DW$T$23)
     549                            .dwattr DW$90, DW_AT_name("timeout"), DW_AT_symbol_name("_timeout")
     550                            .dwattr DW$90, DW_AT_data_member_location[DW_OP_plus_uconst 0x4]
     551                            .dwattr DW$90, DW_AT_accessibility(DW_ACCESS_public)
     552                            .dwendtag DW$T$58
     553                    
     554                    DW$T$6  .dwtag  DW_TAG_base_type, DW_AT_name("unsigned char")
     555                            .dwattr DW$T$6, DW_AT_encoding(DW_ATE_unsigned_char)
     556                            .dwattr DW$T$6, DW_AT_byte_size(0x01)
     557                    DW$T$8  .dwtag  DW_TAG_base_type, DW_AT_name("short")
     558                            .dwattr DW$T$8, DW_AT_encoding(DW_ATE_signed)
     559                            .dwattr DW$T$8, DW_AT_byte_size(0x02)
     560                    DW$T$9  .dwtag  DW_TAG_base_type, DW_AT_name("unsigned short")
     561                            .dwattr DW$T$9, DW_AT_encoding(DW_ATE_unsigned)
     562                            .dwattr DW$T$9, DW_AT_byte_size(0x02)
     563                    DW$T$56 .dwtag  DW_TAG_typedef, DW_AT_name("QUE_Obj"), DW_AT_type(*DW$T$20)
     564                            .dwattr DW$T$56, DW_AT_language(DW_LANG_C)
     565                    DW$T$41 .dwtag  DW_TAG_typedef, DW_AT_name("IOM_Packet"), DW_AT_type(*DW$T$40)
     566                            .dwattr DW$T$41, DW_AT_language(DW_LANG_C)
     567                    DW$T$55 .dwtag  DW_TAG_pointer_type, DW_AT_type(*DW$T$54)
     568                            .dwattr DW$T$55, DW_AT_address_class(0x20)
     569                    
     570                    DW$T$20 .dwtag  DW_TAG_structure_type
     571                            .dwattr DW$T$20, DW_AT_name("QUE_Elem")
     572                            .dwattr DW$T$20, DW_AT_byte_size(0x08)
     573                    DW$91   .dwtag  DW_TAG_member, DW_AT_type(*DW$T$19)
     574                            .dwattr DW$91, DW_AT_name("next"), DW_AT_symbol_name("_next")
     575                            .dwattr DW$91, DW_AT_data_member_location[DW_OP_plus_uconst 0x0]
     576                            .dwattr DW$91, DW_AT_accessibility(DW_ACCESS_public)
     577                    DW$92   .dwtag  DW_TAG_member, DW_AT_type(*DW$T$19)
     578                            .dwattr DW$92, DW_AT_name("prev"), DW_AT_symbol_name("_prev")
     579                            .dwattr DW$92, DW_AT_data_member_location[DW_OP_plus_uconst 0x4]
     580                            .dwattr DW$92, DW_AT_accessibility(DW_ACCESS_public)
     581                            .dwendtag DW$T$20
     582                    
     583                    DW$T$19 .dwtag  DW_TAG_pointer_type, DW_AT_type(*DW$T$20)
     584                            .dwattr DW$T$19, DW_AT_address_class(0x20)
     585                    DW$T$40 .dwtag  DW_TAG_typedef, DW_AT_name("DEV_Frame"), DW_AT_type(*DW$T$26)
     586                            .dwattr DW$T$40, DW_AT_language(DW_LANG_C)
     587                    DW$T$54 .dwtag  DW_TAG_typedef, DW_AT_name("IOM_Fxns"), DW_AT_type(*DW$T$53)
     588                            .dwattr DW$T$54, DW_AT_language(DW_LANG_C)
     589                    
     590                    DW$T$26 .dwtag  DW_TAG_structure_type
     591                            .dwattr DW$T$26, DW_AT_name("DEV_Frame")
     592                            .dwattr DW$T$26, DW_AT_byte_size(0x20)
     593                    DW$93   .dwtag  DW_TAG_member, DW_AT_type(*DW$T$21)
     594                            .dwattr DW$93, DW_AT_name("link"), DW_AT_symbol_name("_link")
TMS320C6x COFF Assembler PC v5.1.0 Thu Mar 10 14:36:06 2011

Tools Copyright (c) 1996-2005 Texas Instruments Incorporated
C:\DOCUME~1\ADMINI~1\LOCALS~1\Temp\TI7202                            PAGE   12

     595                            .dwattr DW$93, DW_AT_data_member_location[DW_OP_plus_uconst 0x0]
     596                            .dwattr DW$93, DW_AT_accessibility(DW_ACCESS_public)
     597                    DW$94   .dwtag  DW_TAG_member, DW_AT_type(*DW$T$22)
     598                            .dwattr DW$94, DW_AT_name("addr"), DW_AT_symbol_name("_addr")
     599                            .dwattr DW$94, DW_AT_data_member_location[DW_OP_plus_uconst 0x8]
     600                            .dwattr DW$94, DW_AT_accessibility(DW_ACCESS_public)
     601                    DW$95   .dwtag  DW_TAG_member, DW_AT_type(*DW$T$23)
     602                            .dwattr DW$95, DW_AT_name("size"), DW_AT_symbol_name("_size")
     603                            .dwattr DW$95, DW_AT_data_member_location[DW_OP_plus_uconst 0xc]
     604                            .dwattr DW$95, DW_AT_accessibility(DW_ACCESS_public)
     605                    DW$96   .dwtag  DW_TAG_member, DW_AT_type(*DW$T$25)
     606                            .dwattr DW$96, DW_AT_name("misc"), DW_AT_symbol_name("_misc")
     607                            .dwattr DW$96, DW_AT_data_member_location[DW_OP_plus_uconst 0x10]
     608                            .dwattr DW$96, DW_AT_accessibility(DW_ACCESS_public)
     609                    DW$97   .dwtag  DW_TAG_member, DW_AT_type(*DW$T$25)
     610                            .dwattr DW$97, DW_AT_name("arg"), DW_AT_symbol_name("_arg")
     611                            .dwattr DW$97, DW_AT_data_member_location[DW_OP_plus_uconst 0x14]
     612                            .dwattr DW$97, DW_AT_accessibility(DW_ACCESS_public)
     613                    DW$98   .dwtag  DW_TAG_member, DW_AT_type(*DW$T$23)
     614                            .dwattr DW$98, DW_AT_name("cmd"), DW_AT_symbol_name("_cmd")
     615                            .dwattr DW$98, DW_AT_data_member_location[DW_OP_plus_uconst 0x18]
     616                            .dwattr DW$98, DW_AT_accessibility(DW_ACCESS_public)
     617                    DW$99   .dwtag  DW_TAG_member, DW_AT_type(*DW$T$24)
     618                            .dwattr DW$99, DW_AT_name("status"), DW_AT_symbol_name("_status")
     619                            .dwattr DW$99, DW_AT_data_member_location[DW_OP_plus_uconst 0x1c]
     620                            .dwattr DW$99, DW_AT_accessibility(DW_ACCESS_public)
     621                            .dwendtag DW$T$26
     622                    
     623                    
     624                    DW$T$53 .dwtag  DW_TAG_structure_type
     625                            .dwattr DW$T$53, DW_AT_name("IOM_Fxns")
     626                            .dwattr DW$T$53, DW_AT_byte_size(0x18)
     627                    DW$100  .dwtag  DW_TAG_member, DW_AT_type(*DW$T$30)
     628                            .dwattr DW$100, DW_AT_name("mdBindDev"), DW_AT_symbol_name("_mdBindDev")
     629                            .dwattr DW$100, DW_AT_data_member_location[DW_OP_plus_uconst 0x0]
     630                            .dwattr DW$100, DW_AT_accessibility(DW_ACCESS_public)
     631                    DW$101  .dwtag  DW_TAG_member, DW_AT_type(*DW$T$33)
     632                            .dwattr DW$101, DW_AT_name("mdUnBindDev"), DW_AT_symbol_name("_mdUnBindDev")
     633                            .dwattr DW$101, DW_AT_data_member_location[DW_OP_plus_uconst 0x4]
     634                            .dwattr DW$101, DW_AT_accessibility(DW_ACCESS_public)
     635                    DW$102  .dwtag  DW_TAG_member, DW_AT_type(*DW$T$36)
     636                            .dwattr DW$102, DW_AT_name("mdControlChan"), DW_AT_symbol_name("_mdControlChan")
     637                            .dwattr DW$102, DW_AT_data_member_location[DW_OP_plus_uconst 0x8]
     638                            .dwattr DW$102, DW_AT_accessibility(DW_ACCESS_public)
     639                    DW$103  .dwtag  DW_TAG_member, DW_AT_type(*DW$T$48)
     640                            .dwattr DW$103, DW_AT_name("mdCreateChan"), DW_AT_symbol_name("_mdCreateChan")
     641                            .dwattr DW$103, DW_AT_data_member_location[DW_OP_plus_uconst 0xc]
     642                            .dwattr DW$103, DW_AT_accessibility(DW_ACCESS_public)
     643                    DW$104  .dwtag  DW_TAG_member, DW_AT_type(*DW$T$49)
     644                            .dwattr DW$104, DW_AT_name("mdDeleteChan"), DW_AT_symbol_name("_mdDeleteChan")
     645                            .dwattr DW$104, DW_AT_data_member_location[DW_OP_plus_uconst 0x10]
     646                            .dwattr DW$104, DW_AT_accessibility(DW_ACCESS_public)
     647                    DW$105  .dwtag  DW_TAG_member, DW_AT_type(*DW$T$52)
     648                            .dwattr DW$105, DW_AT_name("mdSubmitChan"), DW_AT_symbol_name("_mdSubmitChan")
     649                            .dwattr DW$105, DW_AT_data_member_location[DW_OP_plus_uconst 0x14]
TMS320C6x COFF Assembler PC v5.1.0 Thu Mar 10 14:36:06 2011

Tools Copyright (c) 1996-2005 Texas Instruments Incorporated
C:\DOCUME~1\ADMINI~1\LOCALS~1\Temp\TI7202                            PAGE   13

     650                            .dwattr DW$105, DW_AT_accessibility(DW_ACCESS_public)
     651                            .dwendtag DW$T$53
     652                    
     653                    DW$T$25 .dwtag  DW_TAG_typedef, DW_AT_name("Arg"), DW_AT_type(*DW$T$24)
     654                            .dwattr DW$T$25, DW_AT_language(DW_LANG_C)
     655                    DW$T$30 .dwtag  DW_TAG_typedef, DW_AT_name("IOM_TmdBindDev"), DW_AT_type(*DW$T$29)
     656                            .dwattr DW$T$30, DW_AT_language(DW_LANG_C)
     657                    DW$T$33 .dwtag  DW_TAG_typedef, DW_AT_name("IOM_TmdUnBindDev"), DW_AT_type(*DW$T$32)
     658                            .dwattr DW$T$33, DW_AT_language(DW_LANG_C)
     659                    DW$T$49 .dwtag  DW_TAG_typedef, DW_AT_name("IOM_TmdDeleteChan"), DW_AT_type(*DW$T$32)
     660                            .dwattr DW$T$49, DW_AT_language(DW_LANG_C)
     661                    DW$T$36 .dwtag  DW_TAG_typedef, DW_AT_name("IOM_TmdControlChan"), DW_AT_type(*DW$T$35)
     662                            .dwattr DW$T$36, DW_AT_language(DW_LANG_C)
     663                    DW$T$48 .dwtag  DW_TAG_typedef, DW_AT_name("IOM_TmdCreateChan"), DW_AT_type(*DW$T$47)
     664                            .dwattr DW$T$48, DW_AT_language(DW_LANG_C)
     665                    DW$T$52 .dwtag  DW_TAG_typedef, DW_AT_name("IOM_TmdSubmitChan"), DW_AT_type(*DW$T$51)
     666                            .dwattr DW$T$52, DW_AT_language(DW_LANG_C)
     667                    DW$T$21 .dwtag  DW_TAG_typedef, DW_AT_name("QUE_Elem"), DW_AT_type(*DW$T$20)
     668                            .dwattr DW$T$21, DW_AT_language(DW_LANG_C)
     669                    DW$T$29 .dwtag  DW_TAG_pointer_type, DW_AT_type(*DW$T$28)
     670                            .dwattr DW$T$29, DW_AT_address_class(0x20)
     671                    DW$T$32 .dwtag  DW_TAG_pointer_type, DW_AT_type(*DW$T$31)
     672                            .dwattr DW$T$32, DW_AT_address_class(0x20)
     673                    DW$T$35 .dwtag  DW_TAG_pointer_type, DW_AT_type(*DW$T$34)
     674                            .dwattr DW$T$35, DW_AT_address_class(0x20)
     675                    DW$T$47 .dwtag  DW_TAG_pointer_type, DW_AT_type(*DW$T$46)
     676                            .dwattr DW$T$47, DW_AT_address_class(0x20)
     677                    DW$T$51 .dwtag  DW_TAG_pointer_type, DW_AT_type(*DW$T$50)
     678                            .dwattr DW$T$51, DW_AT_address_class(0x20)
     679                    
     680                    DW$T$28 .dwtag  DW_TAG_subroutine_type, DW_AT_type(*DW$T$24)
     681                            .dwattr DW$T$28, DW_AT_language(DW_LANG_C)
     682                    DW$106  .dwtag  DW_TAG_formal_parameter, DW_AT_type(*DW$T$27)
     683                    DW$107  .dwtag  DW_TAG_formal_parameter, DW_AT_type(*DW$T$24)
     684                    DW$108  .dwtag  DW_TAG_formal_parameter, DW_AT_type(*DW$T$22)
     685                            .dwendtag DW$T$28
     686                    
     687                    
     688                    DW$T$31 .dwtag  DW_TAG_subroutine_type, DW_AT_type(*DW$T$24)
     689                            .dwattr DW$T$31, DW_AT_language(DW_LANG_C)
     690                    DW$109  .dwtag  DW_TAG_formal_parameter, DW_AT_type(*DW$T$22)
     691                            .dwendtag DW$T$31
     692                    
     693                    
     694                    DW$T$34 .dwtag  DW_TAG_subroutine_type, DW_AT_type(*DW$T$24)
     695                            .dwattr DW$T$34, DW_AT_language(DW_LANG_C)
     696                    DW$110  .dwtag  DW_TAG_formal_parameter, DW_AT_type(*DW$T$22)
     697                    DW$111  .dwtag  DW_TAG_formal_parameter, DW_AT_type(*DW$T$23)
     698                    DW$112  .dwtag  DW_TAG_formal_parameter, DW_AT_type(*DW$T$22)
     699                            .dwendtag DW$T$34
     700                    
     701                    
     702                    DW$T$46 .dwtag  DW_TAG_subroutine_type, DW_AT_type(*DW$T$24)
     703                            .dwattr DW$T$46, DW_AT_language(DW_LANG_C)
     704                    DW$113  .dwtag  DW_TAG_formal_parameter, DW_AT_type(*DW$T$27)
TMS320C6x COFF Assembler PC v5.1.0 Thu Mar 10 14:36:06 2011

Tools Copyright (c) 1996-2005 Texas Instruments Incorporated
C:\DOCUME~1\ADMINI~1\LOCALS~1\Temp\TI7202                            PAGE   14

     705                    DW$114  .dwtag  DW_TAG_formal_parameter, DW_AT_type(*DW$T$22)
     706                    DW$115  .dwtag  DW_TAG_formal_parameter, DW_AT_type(*DW$T$39)
     707                    DW$116  .dwtag  DW_TAG_formal_parameter, DW_AT_type(*DW$T$24)
     708                    DW$117  .dwtag  DW_TAG_formal_parameter, DW_AT_type(*DW$T$22)
     709                    DW$118  .dwtag  DW_TAG_formal_parameter, DW_AT_type(*DW$T$45)
     710                    DW$119  .dwtag  DW_TAG_formal_parameter, DW_AT_type(*DW$T$22)
     711                            .dwendtag DW$T$46
     712                    
     713                    
     714                    DW$T$50 .dwtag  DW_TAG_subroutine_type, DW_AT_type(*DW$T$24)
     715                            .dwattr DW$T$50, DW_AT_language(DW_LANG_C)
     716                    DW$120  .dwtag  DW_TAG_formal_parameter, DW_AT_type(*DW$T$22)
     717                    DW$121  .dwtag  DW_TAG_formal_parameter, DW_AT_type(*DW$T$42)
     718                            .dwendtag DW$T$50
     719                    
     720                    DW$T$42 .dwtag  DW_TAG_pointer_type, DW_AT_type(*DW$T$41)
     721                            .dwattr DW$T$42, DW_AT_address_class(0x20)
     722                    DW$T$27 .dwtag  DW_TAG_pointer_type, DW_AT_type(*DW$T$22)
     723                            .dwattr DW$T$27, DW_AT_address_class(0x20)
     724                    DW$T$45 .dwtag  DW_TAG_typedef, DW_AT_name("IOM_TiomCallback"), DW_AT_type(*DW$T$44)
     725                            .dwattr DW$T$45, DW_AT_language(DW_LANG_C)
     726                    DW$T$44 .dwtag  DW_TAG_pointer_type, DW_AT_type(*DW$T$43)
     727                            .dwattr DW$T$44, DW_AT_address_class(0x20)
     728                    
     729                    DW$T$43 .dwtag  DW_TAG_subroutine_type
     730                            .dwattr DW$T$43, DW_AT_language(DW_LANG_C)
     731                    DW$122  .dwtag  DW_TAG_formal_parameter, DW_AT_type(*DW$T$22)
     732                    DW$123  .dwtag  DW_TAG_formal_parameter, DW_AT_type(*DW$T$42)
     733                            .dwendtag DW$T$43
     734                    
     735                    
     736                            .dwattr DW$13, DW_AT_external(0x01)
     737                            .dwattr DW$15, DW_AT_external(0x01)
     738                            .dwattr DW$CU, DW_AT_language(DW_LANG_C)
     739                    
     740                    ;***************************************************************
     741                    ;* DWARF CIE ENTRIES                                           *
     742                    ;***************************************************************
     743                    
     744                    DW$CIE  .dwcie 1, 126
     745                            .dwcfa  0x0c, 31, 0
     746                            .dwcfa  0x07, 0
     747                            .dwcfa  0x07, 1
     748                            .dwcfa  0x07, 2
     749                            .dwcfa  0x07, 3
     750                            .dwcfa  0x07, 4
     751                            .dwcfa  0x07, 5
     752                            .dwcfa  0x07, 6
     753                            .dwcfa  0x07, 7
     754                            .dwcfa  0x07, 8
     755                            .dwcfa  0x07, 9
     756                            .dwcfa  0x08, 10
     757                            .dwcfa  0x08, 11
     758                            .dwcfa  0x08, 12
     759                            .dwcfa  0x08, 13
TMS320C6x COFF Assembler PC v5.1.0 Thu Mar 10 14:36:06 2011

Tools Copyright (c) 1996-2005 Texas Instruments Incorporated
C:\DOCUME~1\ADMINI~1\LOCALS~1\Temp\TI7202                            PAGE   15

     760                            .dwcfa  0x08, 14
     761                            .dwcfa  0x08, 15
     762                            .dwcfa  0x07, 16
     763                            .dwcfa  0x07, 17
     764                            .dwcfa  0x07, 18
     765                            .dwcfa  0x07, 19
     766                            .dwcfa  0x07, 20
     767                            .dwcfa  0x07, 21
     768                            .dwcfa  0x07, 22
     769                            .dwcfa  0x07, 23
     770                            .dwcfa  0x07, 24
     771                            .dwcfa  0x07, 25
     772                            .dwcfa  0x08, 26
     773                            .dwcfa  0x08, 27
     774                            .dwcfa  0x08, 28
     775                            .dwcfa  0x08, 29
     776                            .dwcfa  0x08, 30
     777                            .dwcfa  0x08, 31
     778                            .dwcfa  0x08, 32
     779                            .dwcfa  0x07, 33
     780                            .dwcfa  0x07, 34
     781                            .dwcfa  0x07, 35
     782                            .dwcfa  0x07, 36
     783                            .dwcfa  0x07, 37
     784                            .dwcfa  0x07, 38
     785                            .dwcfa  0x07, 39
     786                            .dwcfa  0x07, 40
     787                            .dwcfa  0x07, 41
     788                            .dwcfa  0x07, 42
     789                            .dwcfa  0x07, 43
     790                            .dwcfa  0x07, 44
     791                            .dwcfa  0x07, 45
     792                            .dwcfa  0x07, 46
     793                            .dwcfa  0x07, 47
     794                            .dwcfa  0x07, 48
     795                            .dwcfa  0x07, 49
     796                            .dwcfa  0x07, 50
     797                            .dwcfa  0x07, 51
     798                            .dwcfa  0x07, 52
     799                            .dwcfa  0x07, 53
     800                            .dwcfa  0x07, 54
     801                            .dwcfa  0x07, 55
     802                            .dwcfa  0x07, 56
     803                            .dwcfa  0x07, 57
     804                            .dwcfa  0x07, 58
     805                            .dwcfa  0x07, 59
     806                            .dwcfa  0x07, 60
     807                            .dwcfa  0x07, 61
     808                            .dwcfa  0x07, 62
     809                            .dwcfa  0x07, 63
     810                            .dwcfa  0x07, 64
     811                            .dwcfa  0x07, 65
     812                            .dwcfa  0x07, 66
     813                            .dwcfa  0x07, 67
     814                            .dwcfa  0x07, 68
TMS320C6x COFF Assembler PC v5.1.0 Thu Mar 10 14:36:06 2011

Tools Copyright (c) 1996-2005 Texas Instruments Incorporated
C:\DOCUME~1\ADMINI~1\LOCALS~1\Temp\TI7202                            PAGE   16

     815                            .dwcfa  0x07, 69
     816                            .dwcfa  0x07, 70
     817                            .dwcfa  0x07, 71
     818                            .dwcfa  0x07, 72
     819                            .dwcfa  0x07, 73
     820                            .dwcfa  0x07, 74
     821                            .dwcfa  0x07, 75
     822                            .dwcfa  0x07, 76
     823                            .dwcfa  0x07, 77
     824                            .dwcfa  0x07, 78
     825                            .dwcfa  0x07, 79
     826                            .dwcfa  0x07, 80
     827                            .dwcfa  0x07, 81
     828                            .dwcfa  0x07, 82
     829                            .dwcfa  0x07, 83
     830                            .dwcfa  0x07, 84
     831                            .dwcfa  0x07, 85
     832                            .dwcfa  0x07, 86
     833                            .dwcfa  0x07, 87
     834                            .dwcfa  0x07, 88
     835                            .dwcfa  0x07, 89
     836                            .dwcfa  0x07, 90
     837                            .dwcfa  0x07, 91
     838                            .dwcfa  0x07, 92
     839                            .dwcfa  0x07, 93
     840                            .dwcfa  0x07, 94
     841                            .dwcfa  0x07, 95
     842                            .dwcfa  0x07, 96
     843                            .dwcfa  0x07, 97
     844                            .dwcfa  0x07, 98
     845                            .dwcfa  0x07, 99
     846                            .dwcfa  0x07, 100
     847                            .dwcfa  0x07, 101
     848                            .dwcfa  0x07, 102
     849                            .dwcfa  0x07, 103
     850                            .dwcfa  0x07, 104
     851                            .dwcfa  0x07, 105
     852                            .dwcfa  0x07, 106
     853                            .dwcfa  0x07, 107
     854                            .dwcfa  0x07, 108
     855                            .dwcfa  0x07, 109
     856                            .dwcfa  0x07, 110
     857                            .dwcfa  0x07, 111
     858                            .dwcfa  0x07, 112
     859                            .dwcfa  0x07, 113
     860                            .dwcfa  0x07, 114
     861                            .dwcfa  0x07, 115
     862                            .dwcfa  0x07, 116
     863                            .dwcfa  0x07, 117
     864                            .dwcfa  0x07, 118
     865                            .dwcfa  0x07, 119
     866                            .dwcfa  0x07, 120
     867                            .dwcfa  0x07, 121
     868                            .dwcfa  0x07, 122
     869                            .dwcfa  0x07, 123
TMS320C6x COFF Assembler PC v5.1.0 Thu Mar 10 14:36:06 2011

Tools Copyright (c) 1996-2005 Texas Instruments Incorporated
C:\DOCUME~1\ADMINI~1\LOCALS~1\Temp\TI7202                            PAGE   17

     870                            .dwcfa  0x07, 124
     871                            .dwcfa  0x07, 125
     872                            .dwcfa  0x07, 126
     873                    
     874                    ;***************************************************************
     875                    ;* DWARF REGISTER MAP                                          *
     876                    ;***************************************************************
     877                    
     878                    DW$124  .dwtag  DW_TAG_assign_register, DW_AT_name("A0")
     879                            .dwattr DW$124, DW_AT_location[DW_OP_reg0]
     880                    DW$125  .dwtag  DW_TAG_assign_register, DW_AT_name("A1")
     881                            .dwattr DW$125, DW_AT_location[DW_OP_reg1]
     882                    DW$126  .dwtag  DW_TAG_assign_register, DW_AT_name("A2")
     883                            .dwattr DW$126, DW_AT_location[DW_OP_reg2]
     884                    DW$127  .dwtag  DW_TAG_assign_register, DW_AT_name("A3")
     885                            .dwattr DW$127, DW_AT_location[DW_OP_reg3]
     886                    DW$128  .dwtag  DW_TAG_assign_register, DW_AT_name("A4")
     887                            .dwattr DW$128, DW_AT_location[DW_OP_reg4]
     888                    DW$129  .dwtag  DW_TAG_assign_register, DW_AT_name("A5")
     889                            .dwattr DW$129, DW_AT_location[DW_OP_reg5]
     890                    DW$130  .dwtag  DW_TAG_assign_register, DW_AT_name("A6")
     891                            .dwattr DW$130, DW_AT_location[DW_OP_reg6]
     892                    DW$131  .dwtag  DW_TAG_assign_register, DW_AT_name("A7")
     893                            .dwattr DW$131, DW_AT_location[DW_OP_reg7]
     894                    DW$132  .dwtag  DW_TAG_assign_register, DW_AT_name("A8")
     895                            .dwattr DW$132, DW_AT_location[DW_OP_reg8]
     896                    DW$133  .dwtag  DW_TAG_assign_register, DW_AT_name("A9")
     897                            .dwattr DW$133, DW_AT_location[DW_OP_reg9]
     898                    DW$134  .dwtag  DW_TAG_assign_register, DW_AT_name("A10")
     899                            .dwattr DW$134, DW_AT_location[DW_OP_reg10]
     900                    DW$135  .dwtag  DW_TAG_assign_register, DW_AT_name("A11")
     901                            .dwattr DW$135, DW_AT_location[DW_OP_reg11]
     902                    DW$136  .dwtag  DW_TAG_assign_register, DW_AT_name("A12")
     903                            .dwattr DW$136, DW_AT_location[DW_OP_reg12]
     904                    DW$137  .dwtag  DW_TAG_assign_register, DW_AT_name("A13")
     905                            .dwattr DW$137, DW_AT_location[DW_OP_reg13]
     906                    DW$138  .dwtag  DW_TAG_assign_register, DW_AT_name("A14")
     907                            .dwattr DW$138, DW_AT_location[DW_OP_reg14]
     908                    DW$139  .dwtag  DW_TAG_assign_register, DW_AT_name("A15")
     909                            .dwattr DW$139, DW_AT_location[DW_OP_reg15]
     910                    DW$140  .dwtag  DW_TAG_assign_register, DW_AT_name("B0")
     911                            .dwattr DW$140, DW_AT_location[DW_OP_reg16]
     912                    DW$141  .dwtag  DW_TAG_assign_register, DW_AT_name("B1")
     913                            .dwattr DW$141, DW_AT_location[DW_OP_reg17]
     914                    DW$142  .dwtag  DW_TAG_assign_register, DW_AT_name("B2")
     915                            .dwattr DW$142, DW_AT_location[DW_OP_reg18]
     916                    DW$143  .dwtag  DW_TAG_assign_register, DW_AT_name("B3")
     917                            .dwattr DW$143, DW_AT_location[DW_OP_reg19]
     918                    DW$144  .dwtag  DW_TAG_assign_register, DW_AT_name("B4")
     919                            .dwattr DW$144, DW_AT_location[DW_OP_reg20]
     920                    DW$145  .dwtag  DW_TAG_assign_register, DW_AT_name("B5")
     921                            .dwattr DW$145, DW_AT_location[DW_OP_reg21]
     922                    DW$146  .dwtag  DW_TAG_assign_register, DW_AT_name("B6")
     923                            .dwattr DW$146, DW_AT_location[DW_OP_reg22]
     924                    DW$147  .dwtag  DW_TAG_assign_register, DW_AT_name("B7")
TMS320C6x COFF Assembler PC v5.1.0 Thu Mar 10 14:36:06 2011

Tools Copyright (c) 1996-2005 Texas Instruments Incorporated
C:\DOCUME~1\ADMINI~1\LOCALS~1\Temp\TI7202                            PAGE   18

     925                            .dwattr DW$147, DW_AT_location[DW_OP_reg23]
     926                    DW$148  .dwtag  DW_TAG_assign_register, DW_AT_name("B8")
     927                            .dwattr DW$148, DW_AT_location[DW_OP_reg24]
     928                    DW$149  .dwtag  DW_TAG_assign_register, DW_AT_name("B9")
     929                            .dwattr DW$149, DW_AT_location[DW_OP_reg25]
     930                    DW$150  .dwtag  DW_TAG_assign_register, DW_AT_name("B10")
     931                            .dwattr DW$150, DW_AT_location[DW_OP_reg26]
     932                    DW$151  .dwtag  DW_TAG_assign_register, DW_AT_name("B11")
     933                            .dwattr DW$151, DW_AT_location[DW_OP_reg27]
     934                    DW$152  .dwtag  DW_TAG_assign_register, DW_AT_name("B12")
     935                            .dwattr DW$152, DW_AT_location[DW_OP_reg28]
     936                    DW$153  .dwtag  DW_TAG_assign_register, DW_AT_name("B13")
     937                            .dwattr DW$153, DW_AT_location[DW_OP_reg29]
     938                    DW$154  .dwtag  DW_TAG_assign_register, DW_AT_name("DP")
     939                            .dwattr DW$154, DW_AT_location[DW_OP_reg30]
     940                    DW$155  .dwtag  DW_TAG_assign_register, DW_AT_name("SP")
     941                            .dwattr DW$155, DW_AT_location[DW_OP_reg31]
     942                    DW$156  .dwtag  DW_TAG_assign_register, DW_AT_name("FP")
     943                            .dwattr DW$156, DW_AT_location[DW_OP_regx 0x20]
     944                    DW$157  .dwtag  DW_TAG_assign_register, DW_AT_name("PC")
     945                            .dwattr DW$157, DW_AT_location[DW_OP_regx 0x21]
     946                    DW$158  .dwtag  DW_TAG_assign_register, DW_AT_name("IRP")
     947                            .dwattr DW$158, DW_AT_location[DW_OP_regx 0x22]
     948                    DW$159  .dwtag  DW_TAG_assign_register, DW_AT_name("IFR")
     949                            .dwattr DW$159, DW_AT_location[DW_OP_regx 0x23]
     950                    DW$160  .dwtag  DW_TAG_assign_register, DW_AT_name("NRP")
     951                            .dwattr DW$160, DW_AT_location[DW_OP_regx 0x24]
     952                    DW$161  .dwtag  DW_TAG_assign_register, DW_AT_name("A16")
     953                            .dwattr DW$161, DW_AT_location[DW_OP_regx 0x25]
     954                    DW$162  .dwtag  DW_TAG_assign_register, DW_AT_name("A17")
     955                            .dwattr DW$162, DW_AT_location[DW_OP_regx 0x26]
     956                    DW$163  .dwtag  DW_TAG_assign_register, DW_AT_name("A18")
     957                            .dwattr DW$163, DW_AT_location[DW_OP_regx 0x27]
     958                    DW$164  .dwtag  DW_TAG_assign_register, DW_AT_name("A19")
     959                            .dwattr DW$164, DW_AT_location[DW_OP_regx 0x28]
     960                    DW$165  .dwtag  DW_TAG_assign_register, DW_AT_name("A20")
     961                            .dwattr DW$165, DW_AT_location[DW_OP_regx 0x29]
     962                    DW$166  .dwtag  DW_TAG_assign_register, DW_AT_name("A21")
     963                            .dwattr DW$166, DW_AT_location[DW_OP_regx 0x2a]
     964                    DW$167  .dwtag  DW_TAG_assign_register, DW_AT_name("A22")
     965                            .dwattr DW$167, DW_AT_location[DW_OP_regx 0x2b]
     966                    DW$168  .dwtag  DW_TAG_assign_register, DW_AT_name("A23")
     967                            .dwattr DW$168, DW_AT_location[DW_OP_regx 0x2c]
     968                    DW$169  .dwtag  DW_TAG_assign_register, DW_AT_name("A24")
     969                            .dwattr DW$169, DW_AT_location[DW_OP_regx 0x2d]
     970                    DW$170  .dwtag  DW_TAG_assign_register, DW_AT_name("A25")
     971                            .dwattr DW$170, DW_AT_location[DW_OP_regx 0x2e]
     972                    DW$171  .dwtag  DW_TAG_assign_register, DW_AT_name("A26")
     973                            .dwattr DW$171, DW_AT_location[DW_OP_regx 0x2f]
     974                    DW$172  .dwtag  DW_TAG_assign_register, DW_AT_name("A27")
     975                            .dwattr DW$172, DW_AT_location[DW_OP_regx 0x30]
     976                    DW$173  .dwtag  DW_TAG_assign_register, DW_AT_name("A28")
     977                            .dwattr DW$173, DW_AT_location[DW_OP_regx 0x31]
     978                    DW$174  .dwtag  DW_TAG_assign_register, DW_AT_name("A29")
     979                            .dwattr DW$174, DW_AT_location[DW_OP_regx 0x32]
TMS320C6x COFF Assembler PC v5.1.0 Thu Mar 10 14:36:06 2011

Tools Copyright (c) 1996-2005 Texas Instruments Incorporated
C:\DOCUME~1\ADMINI~1\LOCALS~1\Temp\TI7202                            PAGE   19

     980                    DW$175  .dwtag  DW_TAG_assign_register, DW_AT_name("A30")
     981                            .dwattr DW$175, DW_AT_location[DW_OP_regx 0x33]
     982                    DW$176  .dwtag  DW_TAG_assign_register, DW_AT_name("A31")
     983                            .dwattr DW$176, DW_AT_location[DW_OP_regx 0x34]
     984                    DW$177  .dwtag  DW_TAG_assign_register, DW_AT_name("B16")
     985                            .dwattr DW$177, DW_AT_location[DW_OP_regx 0x35]
     986                    DW$178  .dwtag  DW_TAG_assign_register, DW_AT_name("B17")
     987                            .dwattr DW$178, DW_AT_location[DW_OP_regx 0x36]
     988                    DW$179  .dwtag  DW_TAG_assign_register, DW_AT_name("B18")
     989                            .dwattr DW$179, DW_AT_location[DW_OP_regx 0x37]
     990                    DW$180  .dwtag  DW_TAG_assign_register, DW_AT_name("B19")
     991                            .dwattr DW$180, DW_AT_location[DW_OP_regx 0x38]
     992                    DW$181  .dwtag  DW_TAG_assign_register, DW_AT_name("B20")
     993                            .dwattr DW$181, DW_AT_location[DW_OP_regx 0x39]
     994                    DW$182  .dwtag  DW_TAG_assign_register, DW_AT_name("B21")
     995                            .dwattr DW$182, DW_AT_location[DW_OP_regx 0x3a]
     996                    DW$183  .dwtag  DW_TAG_assign_register, DW_AT_name("B22")
     997                            .dwattr DW$183, DW_AT_location[DW_OP_regx 0x3b]
     998                    DW$184  .dwtag  DW_TAG_assign_register, DW_AT_name("B23")
     999                            .dwattr DW$184, DW_AT_location[DW_OP_regx 0x3c]
    1000                    DW$185  .dwtag  DW_TAG_assign_register, DW_AT_name("B24")
    1001                            .dwattr DW$185, DW_AT_location[DW_OP_regx 0x3d]
    1002                    DW$186  .dwtag  DW_TAG_assign_register, DW_AT_name("B25")
    1003                            .dwattr DW$186, DW_AT_location[DW_OP_regx 0x3e]
    1004                    DW$187  .dwtag  DW_TAG_assign_register, DW_AT_name("B26")
    1005                            .dwattr DW$187, DW_AT_location[DW_OP_regx 0x3f]
    1006                    DW$188  .dwtag  DW_TAG_assign_register, DW_AT_name("B27")
    1007                            .dwattr DW$188, DW_AT_location[DW_OP_regx 0x40]
    1008                    DW$189  .dwtag  DW_TAG_assign_register, DW_AT_name("B28")
    1009                            .dwattr DW$189, DW_AT_location[DW_OP_regx 0x41]
    1010                    DW$190  .dwtag  DW_TAG_assign_register, DW_AT_name("B29")
    1011                            .dwattr DW$190, DW_AT_location[DW_OP_regx 0x42]
    1012                    DW$191  .dwtag  DW_TAG_assign_register, DW_AT_name("B30")
    1013                            .dwattr DW$191, DW_AT_location[DW_OP_regx 0x43]
    1014                    DW$192  .dwtag  DW_TAG_assign_register, DW_AT_name("B31")
    1015                            .dwattr DW$192, DW_AT_location[DW_OP_regx 0x44]
    1016                    DW$193  .dwtag  DW_TAG_assign_register, DW_AT_name("AMR")
    1017                            .dwattr DW$193, DW_AT_location[DW_OP_regx 0x45]
    1018                    DW$194  .dwtag  DW_TAG_assign_register, DW_AT_name("CSR")
    1019                            .dwattr DW$194, DW_AT_location[DW_OP_regx 0x46]
    1020                    DW$195  .dwtag  DW_TAG_assign_register, DW_AT_name("ISR")
    1021                            .dwattr DW$195, DW_AT_location[DW_OP_regx 0x47]
    1022                    DW$196  .dwtag  DW_TAG_assign_register, DW_AT_name("ICR")
    1023                            .dwattr DW$196, DW_AT_location[DW_OP_regx 0x48]
    1024                    DW$197  .dwtag  DW_TAG_assign_register, DW_AT_name("IER")
    1025                            .dwattr DW$197, DW_AT_location[DW_OP_regx 0x49]
    1026                    DW$198  .dwtag  DW_TAG_assign_register, DW_AT_name("ISTP")
    1027                            .dwattr DW$198, DW_AT_location[DW_OP_regx 0x4a]
    1028                    DW$199  .dwtag  DW_TAG_assign_register, DW_AT_name("IN")
    1029                            .dwattr DW$199, DW_AT_location[DW_OP_regx 0x4b]
    1030                    DW$200  .dwtag  DW_TAG_assign_register, DW_AT_name("OUT")
    1031                            .dwattr DW$200, DW_AT_location[DW_OP_regx 0x4c]
    1032                    DW$201  .dwtag  DW_TAG_assign_register, DW_AT_name("ACR")
    1033                            .dwattr DW$201, DW_AT_location[DW_OP_regx 0x4d]
    1034                    DW$202  .dwtag  DW_TAG_assign_register, DW_AT_name("ADR")
TMS320C6x COFF Assembler PC v5.1.0 Thu Mar 10 14:36:06 2011

Tools Copyright (c) 1996-2005 Texas Instruments Incorporated
C:\DOCUME~1\ADMINI~1\LOCALS~1\Temp\TI7202                            PAGE   20

    1035                            .dwattr DW$202, DW_AT_location[DW_OP_regx 0x4e]
    1036                    DW$203  .dwtag  DW_TAG_assign_register, DW_AT_name("FADCR")
    1037                            .dwattr DW$203, DW_AT_location[DW_OP_regx 0x4f]
    1038                    DW$204  .dwtag  DW_TAG_assign_register, DW_AT_name("FAUCR")
    1039                            .dwattr DW$204, DW_AT_location[DW_OP_regx 0x50]
    1040                    DW$205  .dwtag  DW_TAG_assign_register, DW_AT_name("FMCR")
    1041                            .dwattr DW$205, DW_AT_location[DW_OP_regx 0x51]
    1042                    DW$206  .dwtag  DW_TAG_assign_register, DW_AT_name("GFPGFR")
    1043                            .dwattr DW$206, DW_AT_location[DW_OP_regx 0x52]
    1044                    DW$207  .dwtag  DW_TAG_assign_register, DW_AT_name("DIER")
    1045                            .dwattr DW$207, DW_AT_location[DW_OP_regx 0x53]
    1046                    DW$208  .dwtag  DW_TAG_assign_register, DW_AT_name("REP")
    1047                            .dwattr DW$208, DW_AT_location[DW_OP_regx 0x54]
    1048                    DW$209  .dwtag  DW_TAG_assign_register, DW_AT_name("TSCL")
    1049                            .dwattr DW$209, DW_AT_location[DW_OP_regx 0x55]
    1050                    DW$210  .dwtag  DW_TAG_assign_register, DW_AT_name("TSCH")
    1051                            .dwattr DW$210, DW_AT_location[DW_OP_regx 0x56]
    1052                    DW$211  .dwtag  DW_TAG_assign_register, DW_AT_name("ARP")
    1053                            .dwattr DW$211, DW_AT_location[DW_OP_regx 0x57]
    1054                    DW$212  .dwtag  DW_TAG_assign_register, DW_AT_name("ILC")
    1055                            .dwattr DW$212, DW_AT_location[DW_OP_regx 0x58]
    1056                    DW$213  .dwtag  DW_TAG_assign_register, DW_AT_name("RILC")
    1057                            .dwattr DW$213, DW_AT_location[DW_OP_regx 0x59]
    1058                    DW$214  .dwtag  DW_TAG_assign_register, DW_AT_name("DNUM")
    1059                            .dwattr DW$214, DW_AT_location[DW_OP_regx 0x5a]
    1060                    DW$215  .dwtag  DW_TAG_assign_register, DW_AT_name("SSR")
    1061                            .dwattr DW$215, DW_AT_location[DW_OP_regx 0x5b]
    1062                    DW$216  .dwtag  DW_TAG_assign_register, DW_AT_name("GPLYA")
    1063                            .dwattr DW$216, DW_AT_location[DW_OP_regx 0x5c]
    1064                    DW$217  .dwtag  DW_TAG_assign_register, DW_AT_name("GPLYB")
    1065                            .dwattr DW$217, DW_AT_location[DW_OP_regx 0x5d]
    1066                    DW$218  .dwtag  DW_TAG_assign_register, DW_AT_name("TSR")
    1067                            .dwattr DW$218, DW_AT_location[DW_OP_regx 0x5e]
    1068                    DW$219  .dwtag  DW_TAG_assign_register, DW_AT_name("ITSR")
    1069                            .dwattr DW$219, DW_AT_location[DW_OP_regx 0x5f]
    1070                    DW$220  .dwtag  DW_TAG_assign_register, DW_AT_name("NTSR")
    1071                            .dwattr DW$220, DW_AT_location[DW_OP_regx 0x60]
    1072                    DW$221  .dwtag  DW_TAG_assign_register, DW_AT_name("EFR")
    1073                            .dwattr DW$221, DW_AT_location[DW_OP_regx 0x61]
    1074                    DW$222  .dwtag  DW_TAG_assign_register, DW_AT_name("ECR")
    1075                            .dwattr DW$222, DW_AT_location[DW_OP_regx 0x62]
    1076                    DW$223  .dwtag  DW_TAG_assign_register, DW_AT_name("IERR")
    1077                            .dwattr DW$223, DW_AT_location[DW_OP_regx 0x63]
    1078                    DW$224  .dwtag  DW_TAG_assign_register, DW_AT_name("DMSG")
    1079                            .dwattr DW$224, DW_AT_location[DW_OP_regx 0x64]
    1080                    DW$225  .dwtag  DW_TAG_assign_register, DW_AT_name("CMSG")
    1081                            .dwattr DW$225, DW_AT_location[DW_OP_regx 0x65]
    1082                    DW$226  .dwtag  DW_TAG_assign_register, DW_AT_name("DT_DMA_ADDR")
    1083                            .dwattr DW$226, DW_AT_location[DW_OP_regx 0x66]
    1084                    DW$227  .dwtag  DW_TAG_assign_register, DW_AT_name("DT_DMA_DATA")
    1085                            .dwattr DW$227, DW_AT_location[DW_OP_regx 0x67]
    1086                    DW$228  .dwtag  DW_TAG_assign_register, DW_AT_name("DT_DMA_CNTL")
    1087                            .dwattr DW$228, DW_AT_location[DW_OP_regx 0x68]
    1088                    DW$229  .dwtag  DW_TAG_assign_register, DW_AT_name("TCU_CNTL")
    1089                            .dwattr DW$229, DW_AT_location[DW_OP_regx 0x69]
TMS320C6x COFF Assembler PC v5.1.0 Thu Mar 10 14:36:06 2011

Tools Copyright (c) 1996-2005 Texas Instruments Incorporated
C:\DOCUME~1\ADMINI~1\LOCALS~1\Temp\TI7202                            PAGE   21

    1090                    DW$230  .dwtag  DW_TAG_assign_register, DW_AT_name("RTDX_REC_CNTL")
    1091                            .dwattr DW$230, DW_AT_location[DW_OP_regx 0x6a]
    1092                    DW$231  .dwtag  DW_TAG_assign_register, DW_AT_name("RTDX_XMT_CNTL")
    1093                            .dwattr DW$231, DW_AT_location[DW_OP_regx 0x6b]
    1094                    DW$232  .dwtag  DW_TAG_assign_register, DW_AT_name("RTDX_CFG")
    1095                            .dwattr DW$232, DW_AT_location[DW_OP_regx 0x6c]
    1096                    DW$233  .dwtag  DW_TAG_assign_register, DW_AT_name("RTDX_RDATA")
    1097                            .dwattr DW$233, DW_AT_location[DW_OP_regx 0x6d]
    1098                    DW$234  .dwtag  DW_TAG_assign_register, DW_AT_name("RTDX_WDATA")
    1099                            .dwattr DW$234, DW_AT_location[DW_OP_regx 0x6e]
    1100                    DW$235  .dwtag  DW_TAG_assign_register, DW_AT_name("RTDX_RADDR")
    1101                            .dwattr DW$235, DW_AT_location[DW_OP_regx 0x6f]
    1102                    DW$236  .dwtag  DW_TAG_assign_register, DW_AT_name("RTDX_WADDR")
    1103                            .dwattr DW$236, DW_AT_location[DW_OP_regx 0x70]
    1104                    DW$237  .dwtag  DW_TAG_assign_register, DW_AT_name("MFREG0")
    1105                            .dwattr DW$237, DW_AT_location[DW_OP_regx 0x71]
    1106                    DW$238  .dwtag  DW_TAG_assign_register, DW_AT_name("DBG_STAT")
    1107                            .dwattr DW$238, DW_AT_location[DW_OP_regx 0x72]
    1108                    DW$239  .dwtag  DW_TAG_assign_register, DW_AT_name("BRK_EN")
    1109                            .dwattr DW$239, DW_AT_location[DW_OP_regx 0x73]
    1110                    DW$240  .dwtag  DW_TAG_assign_register, DW_AT_name("HWBP0_CNT")
    1111                            .dwattr DW$240, DW_AT_location[DW_OP_regx 0x74]
    1112                    DW$241  .dwtag  DW_TAG_assign_register, DW_AT_name("HWBP0")
    1113                            .dwattr DW$241, DW_AT_location[DW_OP_regx 0x75]
    1114                    DW$242  .dwtag  DW_TAG_assign_register, DW_AT_name("HWBP1")
    1115                            .dwattr DW$242, DW_AT_location[DW_OP_regx 0x76]
    1116                    DW$243  .dwtag  DW_TAG_assign_register, DW_AT_name("HWBP2")
    1117                            .dwattr DW$243, DW_AT_location[DW_OP_regx 0x77]
    1118                    DW$244  .dwtag  DW_TAG_assign_register, DW_AT_name("HWBP3")
    1119                            .dwattr DW$244, DW_AT_location[DW_OP_regx 0x78]
    1120                    DW$245  .dwtag  DW_TAG_assign_register, DW_AT_name("OVERLAY")
    1121                            .dwattr DW$245, DW_AT_location[DW_OP_regx 0x79]
    1122                    DW$246  .dwtag  DW_TAG_assign_register, DW_AT_name("PC_PROF")
    1123                            .dwattr DW$246, DW_AT_location[DW_OP_regx 0x7a]
    1124                    DW$247  .dwtag  DW_TAG_assign_register, DW_AT_name("ATSR")
    1125                            .dwattr DW$247, DW_AT_location[DW_OP_regx 0x7b]
    1126                    DW$248  .dwtag  DW_TAG_assign_register, DW_AT_name("TRR")
    1127                            .dwattr DW$248, DW_AT_location[DW_OP_regx 0x7c]
    1128                    DW$249  .dwtag  DW_TAG_assign_register, DW_AT_name("TCRR")
    1129                            .dwattr DW$249, DW_AT_location[DW_OP_regx 0x7d]
    1130                    DW$250  .dwtag  DW_TAG_assign_register, DW_AT_name("CIE_RETA")
    1131                            .dwattr DW$250, DW_AT_location[DW_OP_regx 0x7e]
    1132                            .dwendtag DW$CU
    1133                    

No Assembly Errors, No Assembly Warnings
