Analysis & Synthesis report for pld
Fri Mar 21 15:49:38 2008
Version 5.0 Build 171 11/03/2005 Service Pack 2 SJ Full Version


---------------------
; Table of Contents ;
---------------------
  1. Legal Notice
  2. Analysis & Synthesis Summary
  3. Analysis & Synthesis Settings
  4. Analysis & Synthesis Source Files Read
  5. Analysis & Synthesis Resource Usage Summary
  6. Analysis & Synthesis Resource Utilization by Entity
  7. General Register Statistics
  8. Analysis & Synthesis Equations
  9. Analysis & Synthesis Messages



----------------
; Legal Notice ;
----------------
Copyright (C) 1991-2005 Altera Corporation
Your use of Altera Corporation's design tools, logic functions 
and other software and tools, and its AMPP partner logic       
functions, and any output files any of the foregoing           
(including device programming or simulation files), and any    
associated documentation or information are expressly subject  
to the terms and conditions of the Altera Program License      
Subscription Agreement, Altera MegaCore Function License       
Agreement, or other applicable license agreement, including,   
without limitation, that your use is for the sole purpose of   
programming logic devices manufactured by Altera and sold by   
Altera or its authorized distributors.  Please refer to the    
applicable agreement for further details.



+-----------------------------------------------------------------------------+
; Analysis & Synthesis Summary                                                ;
+-----------------------------+-----------------------------------------------+
; Analysis & Synthesis Status ; Successful - Fri Mar 21 15:49:38 2008         ;
; Quartus II Version          ; 5.0 Build 171 11/03/2005 SP 2 SJ Full Version ;
; Revision Name               ; pld                                           ;
; Top-level Entity Name       ; pld                                           ;
; Family                      ; MAX II                                        ;
; Total logic elements        ; 46                                            ;
; Total pins                  ; 30                                            ;
; Total virtual pins          ; 0                                             ;
; UFM blocks                  ; 0                                             ;
+-----------------------------+-----------------------------------------------+


+---------------------------------------------------------------------------------------------------+
; Analysis & Synthesis Settings                                                                     ;
+--------------------------------------------------------------------+--------------+---------------+
; Option                                                             ; Setting      ; Default Value ;
+--------------------------------------------------------------------+--------------+---------------+
; Device                                                             ; EPM240T100C5 ;               ;
; Top-level entity name                                              ; pld          ; pld           ;
; Family name                                                        ; MAX II       ; Stratix       ;
; Use smart compilation                                              ; Off          ; Off           ;
; Restructure Multiplexers                                           ; Auto         ; Auto          ;
; Create Debugging Nodes for IP Cores                                ; off          ; off           ;
; Preserve fewer node names                                          ; On           ; On            ;
; Disable OpenCore Plus hardware evaluation                          ; Off          ; Off           ;
; Verilog Version                                                    ; Verilog_2001 ; Verilog_2001  ;
; VHDL Version                                                       ; VHDL93       ; VHDL93        ;
; State Machine Processing                                           ; Auto         ; Auto          ;
; Extract Verilog State Machines                                     ; On           ; On            ;
; Extract VHDL State Machines                                        ; On           ; On            ;
; Add Pass-Through Logic to Inferred RAMs                            ; On           ; On            ;
; NOT Gate Push-Back                                                 ; On           ; On            ;
; Power-Up Don't Care                                                ; On           ; On            ;
; Remove Redundant Logic Cells                                       ; Off          ; Off           ;
; Remove Duplicate Registers                                         ; On           ; On            ;
; Ignore CARRY Buffers                                               ; Off          ; Off           ;
; Ignore CASCADE Buffers                                             ; Off          ; Off           ;
; Ignore GLOBAL Buffers                                              ; Off          ; Off           ;
; Ignore ROW GLOBAL Buffers                                          ; Off          ; Off           ;
; Ignore LCELL Buffers                                               ; Off          ; Off           ;
; Ignore SOFT Buffers                                                ; On           ; On            ;
; Limit AHDL Integers to 32 Bits                                     ; Off          ; Off           ;
; Optimization Technique -- MAX II                                   ; Balanced     ; Balanced      ;
; Carry Chain Length -- Stratix/Stratix GX/Cyclone/MAX II/Cyclone II ; 70           ; 70            ;
; Auto Carry Chains                                                  ; On           ; On            ;
; Auto Open-Drain Pins                                               ; On           ; On            ;
; Remove Duplicate Logic                                             ; On           ; On            ;
; Perform WYSIWYG Primitive Resynthesis                              ; Off          ; Off           ;
; Perform gate-level register retiming                               ; Off          ; Off           ;
; Allow register retiming to trade off Tsu/Tco with Fmax             ; On           ; On            ;
; Auto Shift Register Replacement                                    ; On           ; On            ;
; Auto Clock Enable Replacement                                      ; On           ; On            ;
; Allows Synchronous Control Signal Usage in Normal Mode Logic Cells ; On           ; On            ;
; Auto RAM Block Balancing                                           ; On           ; On            ;
; Auto Resource Sharing                                              ; Off          ; Off           ;
; Maximum Number of M512 Memory Blocks                               ; -1           ; -1            ;
; Maximum Number of M4K Memory Blocks                                ; -1           ; -1            ;
; Maximum Number of M-RAM Memory Blocks                              ; -1           ; -1            ;
; Ignore translate_off and translate_on Synthesis Directives         ; Off          ; Off           ;
; Show Parameter Settings Tables in Synthesis Report                 ; On           ; On            ;
+--------------------------------------------------------------------+--------------+---------------+


+---------------------------------------------------------------------------------------------------------------------------------------+
; Analysis & Synthesis Source Files Read                                                                                                ;
+----------------------------------+-----------------+------------------------------------+---------------------------------------------+
; File Name with User-Entered Path ; Used in Netlist ; File Type                          ; File Name with Absolute Path                ;
+----------------------------------+-----------------+------------------------------------+---------------------------------------------+
; pld.vqm                          ; yes             ; User Verilog Quartus Mapping File  ; E:/EMB002/project/hardware/CPLD/pld/pld.vqm ;
+----------------------------------+-----------------+------------------------------------+---------------------------------------------+


+---------------------------------------------+
; Analysis & Synthesis Resource Usage Summary ;
+-----------------------------------+---------+
; Resource                          ; Usage   ;
+-----------------------------------+---------+
; Total logic elements              ; 46      ;
; Total combinational functions     ; 40      ;
;     -- Total 4-input functions    ; 7       ;
;     -- Total 3-input functions    ; 2       ;
;     -- Total 2-input functions    ; 8       ;
;     -- Total 1-input functions    ; 23      ;
;     -- Total 0-input functions    ; 0       ;
; Combinational cells for routing   ; 0       ;
; Total registers                   ; 33      ;
; Total logic cells in carry chains ; 23      ;
; I/O pins                          ; 30      ;
; Maximum fan-out node              ; nCPLDCE ;
; Maximum fan-out                   ; 33      ;
; Total fan-out                     ; 199     ;
; Average fan-out                   ; 2.62    ;
+-----------------------------------+---------+


+------------------------------------------------------------------------------------------------------------------------------------------------------------------------------------------+
; Analysis & Synthesis Resource Utilization by Entity                                                                                                                                      ;
+----------------------------+-------------+--------------+------------+------+--------------+--------------+-------------------+------------------+-----------------+---------------------+
; Compilation Hierarchy Node ; Logic Cells ; LC Registers ; UFM Blocks ; Pins ; Virtual Pins ; LUT-Only LCs ; Register-Only LCs ; LUT/Register LCs ; Carry Chain LCs ; Full Hierarchy Name ;
+----------------------------+-------------+--------------+------------+------+--------------+--------------+-------------------+------------------+-----------------+---------------------+
; |pld                       ; 46 (46)     ; 33           ; 0          ; 30   ; 0            ; 13 (13)      ; 6 (6)             ; 27 (27)          ; 23 (23)         ; |pld                ;
+----------------------------+-------------+--------------+------------+------+--------------+--------------+-------------------+------------------+-----------------+---------------------+
Note: For table entries with two numbers listed, the numbers in parentheses indicate the number of resources of the given type used by the specific entity alone. The numbers listed outside of parentheses indicate the total resources of the given type used by the specific entity and all of its sub-entities in the hierarchy.


+------------------------------------------------------+
; General Register Statistics                          ;
+----------------------------------------------+-------+
; Statistic                                    ; Value ;
+----------------------------------------------+-------+
; Total registers                              ; 33    ;
; Number of registers using Synchronous Clear  ; 23    ;
; Number of registers using Synchronous Load   ; 0     ;
; Number of registers using Asynchronous Clear ; 33    ;
; Number of registers using Asynchronous Load  ; 0     ;
; Number of registers using Clock Enable       ; 4     ;
; Number of registers using Preset             ; 0     ;
+----------------------------------------------+-------+


+--------------------------------+
; Analysis & Synthesis Equations ;
+--------------------------------+
The equations can be found in E:/EMB002/project/hardware/CPLD/pld/pld.map.eqn.


+-------------------------------+
; Analysis & Synthesis Messages ;
+-------------------------------+
Info: *******************************************************************
Info: Running Quartus II Analysis & Synthesis
    Info: Version 5.0 Build 171 11/03/2005 Service Pack 2 SJ Full Version
    Info: Processing started: Fri Mar 21 15:49:36 2008
Info: Command: quartus_map --read_settings_files=on --write_settings_files=off pld -c pld
Info: Found 1 design units, including 1 entities, in source file pld.vqm
    Info: Found entity 1: pld
Info: Elaborating entity "pld" for the top level hierarchy
Warning: Design contains 19 input pin(s) that do not drive logic
    Warning: No output dependent on input pin "nNANDFWE"
    Warning: No output dependent on input pin "nOE_nFRE"
    Warning: No output dependent on input pin "nHRESET"
    Warning: No output dependent on input pin "addr[0]"
    Warning: No output dependent on input pin "addr[1]"
    Warning: No output dependent on input pin "addr[2]"
    Warning: No output dependent on input pin "addr[3]"
    Warning: No output dependent on input pin "addr[4]"
    Warning: No output dependent on input pin "addr[5]"
    Warning: No output dependent on input pin "addr[6]"
    Warning: No output dependent on input pin "data[0]"
    Warning: No output dependent on input pin "data[1]"
    Warning: No output dependent on input pin "data[2]"
    Warning: No output dependent on input pin "data[3]"
    Warning: No output dependent on input pin "data[4]"
    Warning: No output dependent on input pin "data[5]"
    Warning: No output dependent on input pin "data[6]"
    Warning: No output dependent on input pin "data[7]"
    Warning: No output dependent on input pin "AD_DOO"
Info: Implemented 76 device resources after synthesis - the final resource count might be different
    Info: Implemented 23 input pins
    Info: Implemented 7 output pins
    Info: Implemented 46 logic cells
Info: Quartus II Analysis & Synthesis was successful. 0 errors, 20 warnings
    Info: Processing ended: Fri Mar 21 15:49:38 2008
    Info: Elapsed time: 00:00:02


