Flow report for FPGA
Thu Apr 28 09:03:08 2011
Version 6.0 Build 178 04/27/2006 SJ Full Version


---------------------
; Table of Contents ;
---------------------
  1. Legal Notice
  2. Flow Summary
  3. Flow Settings
  4. Flow Non-Default Global Settings
  5. Flow Elapsed Time
  6. Flow Log



----------------
; Legal Notice ;
----------------
Copyright (C) 1991-2006 Altera Corporation
Your use of Altera Corporation's design tools, logic functions 
and other software and tools, and its AMPP partner logic 
functions, and any output files any of the foregoing 
(including device programming or simulation files), and any 
associated documentation or information are expressly subject 
to the terms and conditions of the Altera Program License 
Subscription Agreement, Altera MegaCore Function License 
Agreement, or other applicable license agreement, including, 
without limitation, that your use is for the sole purpose of 
programming logic devices manufactured by Altera and sold by 
Altera or its authorized distributors.  Please refer to the 
applicable agreement for further details.



+-------------------------------------------------------------------------------+
; Flow Summary                                                                  ;
+------------------------------------+------------------------------------------+
; Flow Status                        ; Successful - Thu Apr 28 09:03:08 2011    ;
; Quartus II Version                 ; 6.0 Build 178 04/27/2006 SJ Full Version ;
; Revision Name                      ; FPGA                                     ;
; Top-level Entity Name              ; FPGA                                     ;
; Family                             ; Cyclone II                               ;
; Device                             ; EP2C5T144C7                              ;
; Timing Models                      ; Final                                    ;
; Met timing requirements            ; No                                       ;
; Total logic elements               ; 64 / 4,608 ( 1 % )                       ;
; Total registers                    ; 38                                       ;
; Total pins                         ; 33 / 89 ( 37 % )                         ;
; Total virtual pins                 ; 0                                        ;
; Total memory bits                  ; 0 / 119,808 ( 0 % )                      ;
; Embedded Multiplier 9-bit elements ; 0 / 26 ( 0 % )                           ;
; Total PLLs                         ; 0 / 2 ( 0 % )                            ;
+------------------------------------+------------------------------------------+


+-----------------------------------------+
; Flow Settings                           ;
+-------------------+---------------------+
; Option            ; Setting             ;
+-------------------+---------------------+
; Start date & time ; 04/28/2011 09:02:59 ;
; Main task         ; Compilation         ;
; Revision Name     ; FPGA                ;
+-------------------+---------------------+


+--------------------------------------------------------------------+
; Flow Non-Default Global Settings                                   ;
+-----------------+-------+---------------+-------------+------------+
; Assignment Name ; Value ; Default Value ; Entity Name ; Section Id ;
+-----------------+-------+---------------+-------------+------------+


+-------------------------------------+
; Flow Elapsed Time                   ;
+----------------------+--------------+
; Module Name          ; Elapsed Time ;
+----------------------+--------------+
; Analysis & Synthesis ; 00:00:01     ;
; Fitter               ; 00:00:03     ;
; Assembler            ; 00:00:01     ;
; Timing Analyzer      ; 00:00:00     ;
; Total                ; 00:00:05     ;
+----------------------+--------------+


------------
; Flow Log ;
------------
quartus_map --read_settings_files=on --write_settings_files=off FPGA -c FPGA
quartus_fit --read_settings_files=off --write_settings_files=off FPGA -c FPGA
quartus_asm --read_settings_files=off --write_settings_files=off FPGA -c FPGA
quartus_tan --read_settings_files=off --write_settings_files=off FPGA -c FPGA --timing_analysis_only



