(------------------------------------------------------------)
(                                                            )
(        Batch DRC Update                                    )
(                                                            )
(        Drawing          : ov7720_V2.brd                    )
(        Software Version : 16.0p005                         )
(        Date/Time        : Tue Mar 01 10:01:43 2011         )
(                                                            )
(------------------------------------------------------------)


 ========= check shapes                       Tue Mar 01 10:01:43 2011
 ========= check standalone pins              Tue Mar 01 10:01:43 2011
 ========= check symbols (pins,lines,text)    Tue Mar 01 10:01:43 2011
 ========= check nets                         Tue Mar 01 10:01:43 2011
 ========= check standalone branches          Tue Mar 01 10:01:43 2011
 ========= check standalone filled rectangles Tue Mar 01 10:01:43 2011
 ========= check standalone lines             Tue Mar 01 10:01:43 2011
 ========= check standalone text              Tue Mar 01 10:01:43 2011
 ========= check standalone rectangles        Tue Mar 01 10:01:43 2011

 ..... Total number of DRC errors  1

 ..... end batch DRC at                       Tue Mar 01 10:01:43 2011
 *************************************************************************

