(------------------------------------------------------------)
(                                                            )
(        ARTWORK LOG                                         )
(                                                            )
(        Drawing          : ov7720_V2.brd                    )
(        Software Version : 16.0p002                         )
(        Date/Time        : Tue Mar 01 10:09:53 2011         )
(                                                            )
(------------------------------------------------------------)



 ******************************************
 WARNING: DRC OUT OF DATE on this layout.
 ******************************************

 ---- Photoplot outline rectangle not found ... using drawing extents


Tue Mar 01 10:09:53 2011				Page     1

Photoplot log file
Results from parameter file ...

DEVICE-TYPE           GERBER_RS274X
OUTPUT-UNITS          INCHES
FILM-SIZE             2400000 1600000
FORMAT                5.5
ABORT-ON-ERROR        NO
SCALE                 1
SUPPRESS-LEAD-ZEROES  YES
SUPPRESS-TRAIL-ZEROES NO
SUPPRESS-EQUAL        YES
UNDEF-APT-CONT        NO


================================================================
     PROCESSING FILM < TOP.art > ...
================================================================

  FILM PARAMETERS :
  ---------------------------------------------------------
  Undefined line width                8.0000
  Mirror code                         NONE
  Rotate angle                        NONE
  Offset x:                           0.0000
  Offset y:                           0.0000
  Plot negative                       NO
  Suppress unconnected internal pads  NO

    WARNING: Segment with same start and end points at
	(799.0979 780.8350) will be ignored. Increasing output
	accuracy may allow segment to be generated.

    WARNING: Segment with same start and end points at
	(754.4300 612.6459) will be ignored. Increasing output
	accuracy may allow segment to be generated.



  APERTURES USED:
  ---------------------------------------------------------
  TYPE       SIZE/NAME                   ROT   MIRROR MODE 
  ---------------------------------------------------------
  CIRCLE     0.00410                                  DARK 
  CIRCLE     0.00610                                  DARK 
  CIRCLE     0.00800                                  DARK 
  CIRCLE     0.01000                                  DARK 
  CIRCLE     0.01700                                  DARK 
  CIRCLE     0.01800                                  DARK 
  CIRCLE     0.02300                                  DARK 
  CIRCLE     0.05000                                  DARK 
  CIRCLE     0.06200                                  DARK 
  CIRCLE     0.09000                                  DARK 
  CIRCLE     0.20000                                  DARK 
  RECTANGLE  0.05000     x 0.05000       0.000 NO     DARK 
  RECTANGLE  0.06000     x 0.05000      90.000 NO     DARK 
  RECTANGLE  0.06200     x 0.06200      90.000 NO     DARK 

     TOP created with warnings


================================================================
     PROCESSING FILM < BOTTOM.art > ...
================================================================

  FILM PARAMETERS :
  ---------------------------------------------------------
  Undefined line width                8.0000
  Mirror code                         NONE
  Rotate angle                        NONE
  Offset x:                           0.0000
  Offset y:                           0.0000
  Plot negative                       NO
  Suppress unconnected internal pads  NO

    WARNING: Segment with same start and end points at
	(628.4899 531.3499) will be ignored. Increasing output
	accuracy may allow segment to be generated.



  APERTURES USED:
  ---------------------------------------------------------
  TYPE       SIZE/NAME                   ROT   MIRROR MODE 
  ---------------------------------------------------------
  CIRCLE     0.00410                                  DARK 
  CIRCLE     0.00610                                  DARK 
  CIRCLE     0.00800                                  DARK 
  CIRCLE     0.01000                                  DARK 
  CIRCLE     0.01800                                  DARK 
  CIRCLE     0.02000                                  DARK 
  CIRCLE     0.02300                                  DARK 
  CIRCLE     0.05000                                  DARK 
  CIRCLE     0.06200                                  DARK 
  CIRCLE     0.09000                                  DARK 
  CIRCLE     0.20000                                  DARK 
  SQUARE     0.06000                     0.000 NO     DARK 
  RECTANGLE  0.04000     x 0.01800       0.000 NO     DARK 
  RECTANGLE  0.04000     x 0.03000       0.000 NO     DARK 
  RECTANGLE  0.04000     x 0.03000      90.000 NO     DARK 
  RECTANGLE  0.05000     x 0.05000       0.000 NO     DARK 
  RECTANGLE  0.06000     x 0.04000      90.000 NO     DARK 
  RECTANGLE  0.06200     x 0.06200      90.000 NO     DARK 
  RECTANGLE  0.09000     x 0.05000      90.000 NO     DARK 
  RECTANGLE  0.14000     x 0.25000      90.000 NO     DARK 

     BOTTOM created with warnings


================================================================
     PROCESSING FILM < silkscreen_TOP.art > ...
================================================================

  FILM PARAMETERS :
  ---------------------------------------------------------
  Undefined line width                8.0000
  Mirror code                         NONE
  Rotate angle                        NONE
  Offset x:                           0.0000
  Offset y:                           0.0000
  Plot negative                       NO
  Suppress unconnected internal pads  NO

    WARNING: text composed 0 width line found at (583.2700 87.3700)
           ... using undefined line width of 8.0000

    WARNING: 0 width line found at (757.7000 29.7800)
           ... using undefined line width of 8.0000

    WARNING: Multiple 0 width lines; all will be treated the same as the first.
           ... using undefined line width of 8.0000

    WARNING: text having Multiple 0 width lines; all will be treated the same as the first.
           ... using undefined line width of 8.0000



  APERTURES USED:
  ---------------------------------------------------------
  TYPE       SIZE/NAME                   ROT   MIRROR MODE 
  ---------------------------------------------------------
  CIRCLE     0.00800                                  DARK 

     silkscreen_TOP created with warnings


================================================================
     PROCESSING FILM < silkscreen_BOTTOM.art > ...
================================================================

  FILM PARAMETERS :
  ---------------------------------------------------------
  Undefined line width                8.0000
  Mirror code                         NONE
  Rotate angle                        NONE
  Offset x:                           0.0000
  Offset y:                           0.0000
  Plot negative                       NO
  Suppress unconnected internal pads  NO



  APERTURES USED:
  ---------------------------------------------------------
  TYPE       SIZE/NAME                   ROT   MIRROR MODE 
  ---------------------------------------------------------
  CIRCLE     0.00800                                  DARK 

     silkscreen_BOTTOM created with warnings


================================================================
     PROCESSING FILM < solder_BOTTOM.art > ...
================================================================

  FILM PARAMETERS :
  ---------------------------------------------------------
  Undefined line width                8.0000
  Mirror code                         NONE
  Rotate angle                        NONE
  Offset x:                           0.0000
  Offset y:                           0.0000
  Plot negative                       NO
  Suppress unconnected internal pads  NO



  APERTURES USED:
  ---------------------------------------------------------
  TYPE       SIZE/NAME                   ROT   MIRROR MODE 
  ---------------------------------------------------------
  CIRCLE     0.00800                                  DARK 
  CIRCLE     0.02600                                  DARK 
  CIRCLE     0.03100                                  DARK 
  CIRCLE     0.05800                                  DARK 
  CIRCLE     0.07000                                  DARK 
  CIRCLE     0.09800                                  DARK 
  CIRCLE     0.22000                                  DARK 
  SQUARE     0.06600                     0.000 NO     DARK 
  RECTANGLE  0.04600     x 0.03600       0.000 NO     DARK 
  RECTANGLE  0.04600     x 0.03600      90.000 NO     DARK 
  RECTANGLE  0.04800     x 0.02600       0.000 NO     DARK 
  RECTANGLE  0.05800     x 0.05800       0.000 NO     DARK 
  RECTANGLE  0.07000     x 0.07000      90.000 NO     DARK 
  RECTANGLE  0.08000     x 0.06000      90.000 NO     DARK 
  RECTANGLE  0.09800     x 0.05800      90.000 NO     DARK 
  RECTANGLE  0.16000     x 0.28000      90.000 NO     DARK 

     solder_BOTTOM created with warnings


================================================================
     PROCESSING FILM < solder_TOP.art > ...
================================================================

  FILM PARAMETERS :
  ---------------------------------------------------------
  Undefined line width                8.0000
  Mirror code                         NONE
  Rotate angle                        NONE
  Offset x:                           0.0000
  Offset y:                           0.0000
  Plot negative                       NO
  Suppress unconnected internal pads  NO



  APERTURES USED:
  ---------------------------------------------------------
  TYPE       SIZE/NAME                   ROT   MIRROR MODE 
  ---------------------------------------------------------
  CIRCLE     0.00800                                  DARK 
  CIRCLE     0.02500                                  DARK 
  CIRCLE     0.02600                                  DARK 
  CIRCLE     0.03100                                  DARK 
  CIRCLE     0.05800                                  DARK 
  CIRCLE     0.07000                                  DARK 
  CIRCLE     0.09800                                  DARK 
  CIRCLE     0.22000                                  DARK 
  RECTANGLE  0.05800     x 0.05800       0.000 NO     DARK 
  RECTANGLE  0.06600     x 0.05600      90.000 NO     DARK 
  RECTANGLE  0.07000     x 0.07000      90.000 NO     DARK 

     solder_TOP created with warnings


================================================================
     PROCESSING FILM < GND.art > ...
================================================================

  FILM PARAMETERS :
  ---------------------------------------------------------
  Undefined line width                8.0000
  Mirror code                         NONE
  Rotate angle                        NONE
  Offset x:                           0.0000
  Offset y:                           0.0000
  Plot negative                       NO
  Suppress unconnected internal pads  NO



  APERTURES USED:
  ---------------------------------------------------------
  TYPE       SIZE/NAME                   ROT   MIRROR MODE 
  ---------------------------------------------------------
  CIRCLE     0.00610                                  DARK 
  CIRCLE     0.00800                                  DARK 
  CIRCLE     0.01800                                  DARK 
  CIRCLE     0.02300                                  DARK 
  CIRCLE     0.05000                                  DARK 
  CIRCLE     0.06200                                  DARK 
  CIRCLE     0.09000                                  DARK 
  CIRCLE     0.10500                                  DARK 

     GND created with warnings


================================================================
     PROCESSING FILM < POWER.art > ...
================================================================

  FILM PARAMETERS :
  ---------------------------------------------------------
  Undefined line width                8.0000
  Mirror code                         NONE
  Rotate angle                        NONE
  Offset x:                           0.0000
  Offset y:                           0.0000
  Plot negative                       NO
  Suppress unconnected internal pads  NO



  APERTURES USED:
  ---------------------------------------------------------
  TYPE       SIZE/NAME                   ROT   MIRROR MODE 
  ---------------------------------------------------------
  CIRCLE     0.00410                                  DARK 
  CIRCLE     0.00610                                  DARK 
  CIRCLE     0.00800                                  DARK 
  CIRCLE     0.01800                                  DARK 
  CIRCLE     0.02300                                  DARK 
  CIRCLE     0.05000                                  DARK 
  CIRCLE     0.06200                                  DARK 
  CIRCLE     0.09000                                  DARK 
  CIRCLE     0.10500                                  DARK 

     POWER created with warnings


------------------------------------------------------
 SUMMARY:
            TOP created with warnings
            BOTTOM created with warnings
            silkscreen_TOP created with warnings
            silkscreen_BOTTOM created with warnings
            solder_BOTTOM created with warnings
            solder_TOP created with warnings
            GND created with warnings
            POWER created with warnings

 ARTWORK had warnings
