Analysis & Synthesis report for pld
Tue Dec 22 11:24:35 2009
Version 5.0 Build 171 11/03/2005 Service Pack 2 SJ Full Version


---------------------
; Table of Contents ;
---------------------
  1. Legal Notice
  2. Analysis & Synthesis Summary
  3. Analysis & Synthesis Settings
  4. Analysis & Synthesis Source Files Read
  5. Analysis & Synthesis Resource Usage Summary
  6. Analysis & Synthesis Resource Utilization by Entity
  7. General Register Statistics
  8. Analysis & Synthesis Equations
  9. Analysis & Synthesis Messages



----------------
; Legal Notice ;
----------------
Copyright (C) 1991-2005 Altera Corporation
Your use of Altera Corporation's design tools, logic functions 
and other software and tools, and its AMPP partner logic       
functions, and any output files any of the foregoing           
(including device programming or simulation files), and any    
associated documentation or information are expressly subject  
to the terms and conditions of the Altera Program License      
Subscription Agreement, Altera MegaCore Function License       
Agreement, or other applicable license agreement, including,   
without limitation, that your use is for the sole purpose of   
programming logic devices manufactured by Altera and sold by   
Altera or its authorized distributors.  Please refer to the    
applicable agreement for further details.



+------------------------------------------------------------------------------------+
; Analysis & Synthesis Summary                                                       ;
+------------------------------------+-----------------------------------------------+
; Analysis & Synthesis Status        ; Successful - Tue Dec 22 11:24:35 2009         ;
; Quartus II Version                 ; 5.0 Build 171 11/03/2005 SP 2 SJ Full Version ;
; Revision Name                      ; pld                                           ;
; Top-level Entity Name              ; pld                                           ;
; Family                             ; Cyclone II                                    ;
; Total combinational functions      ; 725                                           ;
; Total registers                    ; 403                                           ;
; Total pins                         ; 66                                            ;
; Total virtual pins                 ; 0                                             ;
; Total memory bits                  ; 0                                             ;
; Embedded Multiplier 9-bit elements ; 0                                             ;
; Total PLLs                         ; 0                                             ;
+------------------------------------+-----------------------------------------------+


+---------------------------------------------------------------------------------------------------+
; Analysis & Synthesis Settings                                                                     ;
+--------------------------------------------------------------------+--------------+---------------+
; Option                                                             ; Setting      ; Default Value ;
+--------------------------------------------------------------------+--------------+---------------+
; Device                                                             ; EP2C5T144C8  ;               ;
; Top-level entity name                                              ; pld          ; pld           ;
; Family name                                                        ; Cyclone II   ; Stratix       ;
; Use smart compilation                                              ; Off          ; Off           ;
; Restructure Multiplexers                                           ; Auto         ; Auto          ;
; Create Debugging Nodes for IP Cores                                ; off          ; off           ;
; Preserve fewer node names                                          ; On           ; On            ;
; Disable OpenCore Plus hardware evaluation                          ; Off          ; Off           ;
; Verilog Version                                                    ; Verilog_2001 ; Verilog_2001  ;
; VHDL Version                                                       ; VHDL93       ; VHDL93        ;
; State Machine Processing                                           ; Auto         ; Auto          ;
; Extract Verilog State Machines                                     ; On           ; On            ;
; Extract VHDL State Machines                                        ; On           ; On            ;
; Add Pass-Through Logic to Inferred RAMs                            ; On           ; On            ;
; DSP Block Balancing                                                ; Auto         ; Auto          ;
; Maximum DSP Block Usage                                            ; -1           ; -1            ;
; NOT Gate Push-Back                                                 ; On           ; On            ;
; Power-Up Don't Care                                                ; On           ; On            ;
; Remove Redundant Logic Cells                                       ; Off          ; Off           ;
; Remove Duplicate Registers                                         ; On           ; On            ;
; Ignore CARRY Buffers                                               ; Off          ; Off           ;
; Ignore CASCADE Buffers                                             ; Off          ; Off           ;
; Ignore GLOBAL Buffers                                              ; Off          ; Off           ;
; Ignore ROW GLOBAL Buffers                                          ; Off          ; Off           ;
; Ignore LCELL Buffers                                               ; Off          ; Off           ;
; Ignore SOFT Buffers                                                ; On           ; On            ;
; Limit AHDL Integers to 32 Bits                                     ; Off          ; Off           ;
; Optimization Technique -- Cyclone II                               ; Balanced     ; Balanced      ;
; Carry Chain Length -- Stratix/Stratix GX/Cyclone/MAX II/Cyclone II ; 70           ; 70            ;
; Auto Carry Chains                                                  ; On           ; On            ;
; Auto Open-Drain Pins                                               ; On           ; On            ;
; Remove Duplicate Logic                                             ; On           ; On            ;
; Perform WYSIWYG Primitive Resynthesis                              ; Off          ; Off           ;
; Perform gate-level register retiming                               ; Off          ; Off           ;
; Allow register retiming to trade off Tsu/Tco with Fmax             ; On           ; On            ;
; Auto ROM Replacement                                               ; On           ; On            ;
; Auto RAM Replacement                                               ; On           ; On            ;
; Auto Shift Register Replacement                                    ; On           ; On            ;
; Auto Clock Enable Replacement                                      ; On           ; On            ;
; Allows Synchronous Control Signal Usage in Normal Mode Logic Cells ; On           ; On            ;
; Auto Resource Sharing                                              ; Off          ; Off           ;
; Allow Any RAM Size For Recognition                                 ; Off          ; Off           ;
; Allow Any ROM Size For Recognition                                 ; Off          ; Off           ;
; Allow Any Shift Register Size For Recognition                      ; Off          ; Off           ;
; Maximum Number of M4K Memory Blocks                                ; -1           ; -1            ;
; Ignore translate_off and translate_on Synthesis Directives         ; Off          ; Off           ;
; Show Parameter Settings Tables in Synthesis Report                 ; On           ; On            ;
+--------------------------------------------------------------------+--------------+---------------+


+-----------------------------------------------------------------------------------------------------------------------------------------------------------------+
; Analysis & Synthesis Source Files Read                                                                                                                          ;
+----------------------------------+-----------------+------------------------------------+-----------------------------------------------------------------------+
; File Name with User-Entered Path ; Used in Netlist ; File Type                          ; File Name with Absolute Path                                          ;
+----------------------------------+-----------------+------------------------------------+-----------------------------------------------------------------------+
; ../Syn/fpga/pld.vqm              ; yes             ; User Verilog Quartus Mapping File  ; D:/project/IRISking/ikemb-0002/project/hardware/FPGA/Syn/fpga/pld.vqm ;
+----------------------------------+-----------------+------------------------------------+-----------------------------------------------------------------------+


+-----------------------------------------------------+
; Analysis & Synthesis Resource Usage Summary         ;
+---------------------------------------------+-------+
; Resource                                    ; Usage ;
+---------------------------------------------+-------+
; Total combinational functions               ; 725   ;
; Logic element usage by number of LUT inputs ;       ;
;     -- 4 input functions                    ; 314   ;
;     -- 3 input functions                    ; 79    ;
;     -- <=2 input functions                  ; 332   ;
;         -- Combinational cells for routing  ; 0     ;
; Logic elements by mode                      ;       ;
;     -- normal mode                          ; 601   ;
;     -- arithmetic mode                      ; 124   ;
; Total registers                             ; 403   ;
; I/O pins                                    ; 66    ;
; Maximum fan-out node                        ; rst   ;
; Maximum fan-out                             ; 397   ;
; Total fan-out                               ; 3829  ;
; Average fan-out                             ; 3.21  ;
+---------------------------------------------+-------+


+-----------------------------------------------------------------------------------------------------------------------------------------------------------------------+
; Analysis & Synthesis Resource Utilization by Entity                                                                                                                   ;
+-----------------------------+-------------------+--------------+-------------+--------------+---------+-----------+------+--------------+-----------------------------+
; Compilation Hierarchy Node  ; LC Combinationals ; LC Registers ; Memory Bits ; DSP Elements ; DSP 9x9 ; DSP 18x18 ; Pins ; Virtual Pins ; Full Hierarchy Name         ;
+-----------------------------+-------------------+--------------+-------------+--------------+---------+-----------+------+--------------+-----------------------------+
; |pld                        ; 725 (111)         ; 403 (42)     ; 0           ; 0            ; 0       ; 0         ; 66   ; 0            ; |pld                        ;
;    |Button:Button_FQ|       ; 40 (40)           ; 31 (31)      ; 0           ; 0            ; 0       ; 0         ; 0    ; 0            ; |pld|Button:Button_FQ       ;
;    |Button_1:Button_FW|     ; 40 (40)           ; 31 (31)      ; 0           ; 0            ; 0       ; 0         ; 0    ; 0            ; |pld|Button_1:Button_FW     ;
;    |Keyboard:Keyboard0|     ; 40 (40)           ; 25 (25)      ; 0           ; 0            ; 0       ; 0         ; 0    ; 0            ; |pld|Keyboard:Keyboard0     ;
;    |Wigend_In:wigend_in1|   ; 85 (85)           ; 78 (78)      ; 0           ; 0            ; 0       ; 0         ; 0    ; 0            ; |pld|Wigend_In:wigend_in1   ;
;    |Wigend_In_1:wigend_in2| ; 86 (86)           ; 78 (78)      ; 0           ; 0            ; 0       ; 0         ; 0    ; 0            ; |pld|Wigend_In_1:wigend_in2 ;
;    |Wigend_In_2:wigend_in3| ; 85 (85)           ; 78 (78)      ; 0           ; 0            ; 0       ; 0         ; 0    ; 0            ; |pld|Wigend_In_2:wigend_in3 ;
;    |Wigend_Out:wigend_out0| ; 226 (226)         ; 19 (19)      ; 0           ; 0            ; 0       ; 0         ; 0    ; 0            ; |pld|Wigend_Out:wigend_out0 ;
;    |adc:adc_m|              ; 12 (12)           ; 21 (21)      ; 0           ; 0            ; 0       ; 0         ; 0    ; 0            ; |pld|adc:adc_m              ;
+-----------------------------+-------------------+--------------+-------------+--------------+---------+-----------+------+--------------+-----------------------------+
Note: For table entries with two numbers listed, the numbers in parentheses indicate the number of resources of the given type used by the specific entity alone. The numbers listed outside of parentheses indicate the total resources of the given type used by the specific entity and all of its sub-entities in the hierarchy.


+------------------------------------------------------+
; General Register Statistics                          ;
+----------------------------------------------+-------+
; Statistic                                    ; Value ;
+----------------------------------------------+-------+
; Total registers                              ; 403   ;
; Number of registers using Synchronous Clear  ; 8     ;
; Number of registers using Synchronous Load   ; 117   ;
; Number of registers using Asynchronous Clear ; 403   ;
; Number of registers using Asynchronous Load  ; 0     ;
; Number of registers using Clock Enable       ; 202   ;
; Number of registers using Preset             ; 0     ;
+----------------------------------------------+-------+


+--------------------------------+
; Analysis & Synthesis Equations ;
+--------------------------------+
The equations can be found in D:/project/IRISking/ikemb-0002/project/hardware/FPGA/pld/pld.map.eqn.


+-------------------------------+
; Analysis & Synthesis Messages ;
+-------------------------------+
Info: *******************************************************************
Info: Running Quartus II Analysis & Synthesis
    Info: Version 5.0 Build 171 11/03/2005 Service Pack 2 SJ Full Version
    Info: Processing started: Tue Dec 22 11:24:32 2009
Info: Command: quartus_map --read_settings_files=on --write_settings_files=off pld -c pld
Info: Found 9 design units, including 9 entities, in source file ../Syn/fpga/pld.vqm
    Info: Found entity 1: Wigend_In
    Info: Found entity 2: Wigend_In_1
    Info: Found entity 3: Wigend_In_2
    Info: Found entity 4: Wigend_Out
    Info: Found entity 5: adc
    Info: Found entity 6: Keyboard
    Info: Found entity 7: Button
    Info: Found entity 8: Button_1
    Info: Found entity 9: pld
Info: Elaborating entity "pld" for the top level hierarchy
Info: Elaborating entity "Wigend_In" for hierarchy "Wigend_In:wigend_in1"
Info: Elaborating entity "Wigend_In_1" for hierarchy "Wigend_In_1:wigend_in2"
Info: Elaborating entity "Wigend_In_2" for hierarchy "Wigend_In_2:wigend_in3"
Info: Elaborating entity "Wigend_Out" for hierarchy "Wigend_Out:wigend_out0"
Info: Elaborating entity "adc" for hierarchy "adc:adc_m"
Info: Elaborating entity "Keyboard" for hierarchy "Keyboard:Keyboard0"
Info: Elaborating entity "Button" for hierarchy "Button:Button_FQ"
Info: Elaborating entity "Button_1" for hierarchy "Button_1:Button_FW"
Info: Implemented 1194 device resources after synthesis - the final resource count might be different
    Info: Implemented 34 input pins
    Info: Implemented 24 output pins
    Info: Implemented 8 bidirectional pins
    Info: Implemented 1128 logic cells
Info: Quartus II Analysis & Synthesis was successful. 0 errors, 0 warnings
    Info: Processing ended: Tue Dec 22 11:24:35 2009
    Info: Elapsed time: 00:00:03


