Cadence Design Systems, Inc. netrev 15.7 Tue Nov 17 10:15:33 2009
(C) Copyright 2002 Cadence Design Systems, Inc.

------ Directives ------

RIPUP_ETCH FALSE;
RIPUP_SYMBOLS ALWAYS;
MISSING SYMBOL AS ERROR FALSE;
SCHEMATIC_DIRECTORY 'D:/project/IRISking/ikemb-0002/project/hardware/keyboard/allegro';
BOARD_DIRECTORY '';
OLD_BOARD_NAME 'D:/project/IRISking/ikemb-0002/project/hardware/keyboard/keyboard.brd';
NEW_BOARD_NAME 'D:/project/IRISking/ikemb-0002/project/hardware/keyboard/keyboard.brd';

CmdLine: netrev -$ -5 -i D:/project/IRISking/ikemb-0002/project/hardware/keyboard/allegro -y 1 D:/project/IRISking/ikemb-0002/project/hardware/keyboard/#Taaaaad02496.tmp

------ Preparing to read pst files ------

Starting to read D:/project/IRISking/ikemb-0002/project/hardware/keyboard/allegro/pstchip.dat 
   Finished reading D:/project/IRISking/ikemb-0002/project/hardware/keyboard/allegro/pstchip.dat (00:00:00.00)
Starting to read D:/project/IRISking/ikemb-0002/project/hardware/keyboard/allegro/pstxprt.dat 
   Finished reading D:/project/IRISking/ikemb-0002/project/hardware/keyboard/allegro/pstxprt.dat (00:00:00.00)
Starting to read D:/project/IRISking/ikemb-0002/project/hardware/keyboard/allegro/pstxnet.dat 
   Finished reading D:/project/IRISking/ikemb-0002/project/hardware/keyboard/allegro/pstxnet.dat (00:00:00.00)

------ Oversights/Warnings/Errors ------


------ Library Paths ------
MODULEPATH =  . 
           C:/Cadence/SPB_15.7/share/local/pcb/modules 

PSMPATH =  . 
           symbols 
           .. 
           ../symbols 
           C:/Cadence/SPB_15.7/share/local/pcb/symbols 
           C:/Cadence/SPB_15.7/share/pcb/pcb_lib/symbols 
           C:/Cadence/SPB_15.7/share/pcb/allegrolib/symbols 

PADPATH =  . 
           symbols 
           .. 
           ../symbols 
           C:/Cadence/SPB_15.7/share/local/pcb/padstacks 
           C:/Cadence/SPB_15.7/share/pcb/pcb_lib/symbols 
           C:/Cadence/SPB_15.7/share/pcb/allegrolib/symbols 


------ Summary Statistics ------


netrev run on Nov 17 10:15:33 2009
   DESIGN NAME : 'KEYBOARD'
   PACKAGING ON May 28 2006 22:05:31

   COMPILE 'logic'
   CHECK_PIN_NAMES OFF
   CROSS_REFERENCE OFF
   FEEDBACK OFF
   INCREMENTAL OFF
   INTERFACE_TYPE PHYSICAL
   MAX_ERRORS 500
   MERGE_MINIMUM 5
   NET_NAME_CHARS '#%&()*+-./:=>?@[]^_`|'
   NET_NAME_LENGTH 24
   OVERSIGHTS ON
   REPLACE_CHECK OFF
   SINGLE_NODE_NETS ON
   SPLIT_MINIMUM 0
   SUPPRESS   20
   WARNINGS ON

 No error detected
 No oversight detected
 No warning detected

cpu time      0:00:17
elapsed time  0:00:00

