Tue Nov 17 10:03:45 2009				Page     1


 
Update Symbols/Modules Logfile
	Tue Nov 17 10:03:45 2009

------ Module Refresh Messages ------

SUMMARY:    Updated 0 out of 0 modules

------ End Module Messages     ------



Tue Nov 17 10:03:46 2009				Page     1

Cadence Design Systems, Inc.

Symbol Refresh Logfile

------ Symbol Refresh Directives ------

OLD_LAYOUT_NAME = 'D:/project/IRISking/ikemb-0002/project/hardware/keyboard/keyboard.brd';
NEW_LAYOUT_NAME = '';
REFRESH_MECHANICAL_SYMBOLS = 'NO';
REFRESH_FORMAT_SYMBOLS = 'NO';
REFRESH_PACKAGE_SYMBOLS = 'YES';
REFRESH_SHAPE_SYMBOLS = 'NO';
REFRESH_SYMBOL_PAD_STACKS = 'NO';
REFRESH_SYMBOL_TEXT_LOCATIONS = 'NO';
REFRESH_CUSTOM_DRILL_DATA = 'NO';


------ Library Paths ------
PSMPATH =  . 
           symbols 
           .. 
           ../symbols 
           C:/Cadence/SPB_15.7/share/local/pcb/symbols 
           C:/Cadence/SPB_15.7/share/pcb/pcb_lib/symbols 
           C:/Cadence/SPB_15.7/share/pcb/allegrolib/symbols 

PADPATH =  . 
           symbols 
           .. 
           ../symbols 
           C:/Cadence/SPB_15.7/share/local/pcb/padstacks 
           C:/Cadence/SPB_15.7/share/pcb/pcb_lib/symbols 
           C:/Cadence/SPB_15.7/share/pcb/allegrolib/symbols 


------ Symbol Refresh Messages ------

'SW'  symbol refreshed successfully.


----- Symbol Update Summary ----

Completed refreshing all symbols successfully.
